INFO - [♥] Lovely 0.7.1
INFO - [♥] Game directory is at "D:\\steamapps\\common\\Balatro"
INFO - [♥] Writing logs to "C:\\users\\steamuser\\AppData\\Roaming\\Balatro\\Mods\\lovely\\log"
INFO - [♥] Using mod directory at "C:\\users\\steamuser\\AppData\\Roaming\\Balatro\\Mods"
INFO - [♥] Found .lovelyignore in 'Wild Deck', skipping it.
INFO - [♥] Cleaning up dumps directory at "C:\\users\\steamuser\\AppData\\Roaming\\Balatro\\Mods\\lovely\\dump"
INFO - [♥] Initialization complete in 118ms
INFO - [♥] Applied 14 patches to 'main.lua'
INFO - [♥] Applied 6 patches to 'engine/controller.lua'
INFO - [♥] Applied 15 patches to 'back.lua'
INFO - [♥] Applied 7 patches to 'tag.lua'
INFO - [♥] Applied 1 patch to 'engine/moveable.lua'
INFO - [♥] Applied 2 patches to 'engine/sprite.lua'
INFO - [♥] Applied 2 patches to 'engine/animatedsprite.lua'
INFO - [♥] Applied 47 patches to 'functions/misc_functions.lua'
INFO - [♥] Applied 34 patches to 'game.lua'
INFO - [♥] Applied 1 patch to 'globals.lua'
INFO - [♥] Applied 3 patches to 'engine/ui.lua'
INFO - [♥] Applied 76 patches to 'functions/UI_definitions.lua'
INFO - [♥] Applied 44 patches to 'functions/state_events.lua'
INFO - [♥] Applied 104 patches to 'functions/common_events.lua'
INFO - [♥] Applied 46 patches to 'functions/button_callbacks.lua'
WARN - [♥] Pattern 'if G.GAME.blind and G.GAME.blind.in_blind then G.E_MANAGER:add_event(Event({ func = function() G.GAME.blind:set_blind(nil, true, nil); return true end })) end' on target 'card.lua' for pattern patch from !steammodded\lovely\calculate_card_added.toml resulted in 2 matches, wanted 1
WARN - [♥] Ignoring excess matches
WARN - [♥] Pattern 'local currentBack = self.params.viewed_back and G.GAME.viewed_back or G.GAME.selected_back' on target 'card.lua' for pattern patch from Galdur-1.2\lovely.toml resulted in no matches
INFO - [♥] Applied 157 patches to 'card.lua'
INFO - [♥] Applied 9 patches to 'cardarea.lua'
INFO - [♥] Applied 36 patches to 'blind.lua'
INFO - [♥] Applied 2 patches to 'engine/text.lua'
INFO - [G] Failed to connect to the debug server
INFO - [G] 2025-04-24 17:34:12 :: DEBUG :: DebugConsole :: Steamodded Debug Socket started !
INFO - [♥] Applied 9 patches to 'engine/sound_manager.lua'
INFO - [♥] Applied 1 patch to 'engine/save_manager.lua'
INFO - [G] 2025-04-24 17:34:14 :: TRACE :: Loader :: Processing Mod file (Legacy header): main.lua
INFO - [G] 2025-04-24 17:34:14 :: TRACE :: Loader :: Saving Mod Info: darkandcolorful
INFO - [G] 2025-04-24 17:34:14 :: TRACE :: Loader :: Processing Mod file (Legacy header): suits.lua
INFO - [G] 2025-04-24 17:34:14 :: TRACE :: Loader :: Saving Mod Info: darkandcolorfulsuits
INFO - [G] 2025-04-24 17:34:14 :: INFO  :: DefaultLogger :: Valid JSON file found
INFO - [G] 2025-04-24 17:34:14 :: INFO  :: DefaultLogger :: Valid JSON file found
INFO - [G] 2025-04-24 17:34:14 :: TRACE :: Loader :: Processing Mod file (Legacy header): KusoMods.lua
INFO - [G] 2025-04-24 17:34:14 :: TRACE :: Loader :: Saving Mod Info: KusoMods
INFO - [G] 2025-04-24 17:34:14 :: INFO  :: DefaultLogger :: Valid JSON file found
INFO - [G] 2025-04-24 17:34:14 :: TRACE :: Loader :: Processing Mod file (Legacy header): ultrakillskin.lua
INFO - [G] 2025-04-24 17:34:14 :: TRACE :: Loader :: Saving Mod Info: Ultrakill_deck
INFO - [G] 2025-04-24 17:34:14 :: TRACE :: Loader :: Processing Mod file (Legacy header): wilddeck.lua
INFO - [G] 2025-04-24 17:34:14 :: TRACE :: Loader :: Saving Mod Info: wildDeck
INFO - [G] 2025-04-24 17:34:14 :: WARN  :: DeckSkin :: Old DeckSkin formatting detected on DeckSkin UK_hearts_skin!
INFO - [G] 2025-04-24 17:34:14 :: WARN  :: DeckSkin :: Old DeckSkin formatting detected on DeckSkin UK_clubs_skin!
INFO - [G] 2025-04-24 17:34:14 :: WARN  :: DeckSkin :: Old DeckSkin formatting detected on DeckSkin UK_diamonds_skin!
INFO - [G] 2025-04-24 17:34:14 :: WARN  :: DeckSkin :: Old DeckSkin formatting detected on DeckSkin UK_spades_skin!
INFO - [G] 2025-04-24 17:34:14 :: TRACE :: Loader :: Mod darkandcolorfulsuits was unable to load: 
INFO - [G] 2025-04-24 17:34:14 :: TRACE :: Loader :: Mod wildDeck was unable to load: 
INFO - [G] 2025-04-24 17:34:14 :: INFO  :: TIMER :: [0000] Injected Language in 0.002 ms
INFO - [G] 2025-04-24 17:34:14 :: INFO  :: TIMER :: [0000] Injected [INTERNAL] in 2.463 ms
INFO - [G] 2025-04-24 17:34:14 :: INFO  :: TIMER :: [0012] Injected Atlas in 109.970 ms
INFO - [G] 2025-04-24 17:34:14 :: INFO  :: TIMER :: [0001] Injected Sound in 0.749 ms
INFO - [G] 2025-04-24 17:34:14 :: INFO  :: TIMER :: [0008] Injected Stake in 0.525 ms
INFO - [G] 2025-04-24 17:34:14 :: INFO  :: TIMER :: [0004] Injected Rarity in 0.029 ms
INFO - [G] 2025-04-24 17:34:14 :: INFO  :: TIMER :: [0004] Injected ObjectType in 0.049 ms
INFO - [G] 2025-04-24 17:34:14 :: INFO  :: TIMER :: [0057] Injected Center in 0.761 ms
INFO - [G] 2025-04-24 17:34:14 :: INFO  :: TIMER :: [0007] Injected Undiscovered Sprite in 0.017 ms
INFO - [G] 2025-04-24 17:34:14 :: INFO  :: TIMER :: [0002] Injected Blind in 0.020 ms
INFO - [G] 2025-04-24 17:34:14 :: INFO  :: TIMER :: [0004] Injected Seal in 0.170 ms
INFO - [G] 2025-04-24 17:34:14 :: INFO  :: TIMER :: [0004] Injected Suit in 0.159 ms
INFO - [G] 2025-04-24 17:34:14 :: INFO  :: TIMER :: [0013] Injected Rank in 0.155 ms
INFO - [G] 2025-04-24 17:34:14 :: INFO  :: TIMER :: [0032] Injected DeckSkin in 0.259 ms
INFO - [G] 2025-04-24 17:34:14 :: INFO  :: TIMER :: [0012] Injected PokerHand in 0.057 ms
INFO - [G] 2025-04-24 17:34:14 :: INFO  :: TIMER :: [0020] Injected Challenge in 0.031 ms
INFO - [G] 2025-04-24 17:34:14 :: INFO  :: TIMER :: [0000] Injected Tag in 0.003 ms
INFO - [G] 2025-04-24 17:34:14 :: INFO  :: TIMER :: [0004] Injected Sticker in 0.362 ms
INFO - [G] 2025-04-24 17:34:14 :: INFO  :: TIMER :: [0001] Injected Shader in 12.611 ms
INFO - [G] 2025-04-24 17:34:14 :: INFO  :: TIMER :: [0002] Injected Keybind in 0.018 ms
INFO - [G] 2025-04-24 17:34:14 :: INFO  :: TIMER :: [0000] Injected Achievement in 0.067 ms
INFO - [G] 2025-04-24 17:34:14 :: INFO  :: TIMER :: [0002] Injected nil in 0.024 ms
INFO - [G] 2025-04-24 17:34:14 :: INFO  :: TIMER :: [0021] Injected Draw Step in 0.113 ms
INFO - [G] 2025-04-24 17:34:14 :: INFO  :: TIMER :: [0000] Injected [INTERNAL] in 9.876 ms
INFO - [G] 2025-04-24 17:34:15 :: INFO  :: TIMER :: [0011] Injected AltTexture in 434.196 ms
INFO - [G] 2025-04-24 17:34:15 :: INFO  :: TIMER :: [0001] Injected Texture Pack in 0.068 ms
INFO - [G] 2025-04-24 17:41:39 :: DEBUG :: DefaultLogger :: 2
INFO - [G] 2025-04-24 17:41:39 :: DEBUG :: DefaultLogger :: 3
INFO - [G] 2025-04-24 17:41:39 :: DEBUG :: DefaultLogger :: 4
INFO - [G] 2025-04-24 17:41:39 :: DEBUG :: DefaultLogger :: 5
INFO - [G] 2025-04-24 17:41:39 :: DEBUG :: DefaultLogger :: 6
INFO - [G] 2025-04-24 17:41:39 :: DEBUG :: DefaultLogger :: 7
INFO - [G] 2025-04-24 17:41:39 :: DEBUG :: DefaultLogger :: 8
INFO - [G] 2025-04-24 17:41:39 :: DEBUG :: DefaultLogger :: 9
INFO - [G] 2025-04-24 17:41:39 :: DEBUG :: DefaultLogger :: 14
INFO - [G] 2025-04-24 17:41:39 :: DEBUG :: DefaultLogger :: 11
INFO - [G] 2025-04-24 17:41:39 :: DEBUG :: DefaultLogger :: 13
INFO - [G] 2025-04-24 17:41:39 :: DEBUG :: DefaultLogger :: 12
INFO - [G] 2025-04-24 17:41:39 :: DEBUG :: DefaultLogger :: 10
INFO - [G] 2025-04-24 17:41:39 :: DEBUG :: DefaultLogger :: 2
INFO - [G] 2025-04-24 17:41:39 :: DEBUG :: DefaultLogger :: 3
INFO - [G] 2025-04-24 17:41:39 :: DEBUG :: DefaultLogger :: 4
INFO - [G] 2025-04-24 17:41:39 :: DEBUG :: DefaultLogger :: 5
INFO - [G] 2025-04-24 17:41:39 :: DEBUG :: DefaultLogger :: 6
INFO - [G] 2025-04-24 17:41:39 :: DEBUG :: DefaultLogger :: 7
INFO - [G] 2025-04-24 17:41:39 :: DEBUG :: DefaultLogger :: 8
INFO - [G] 2025-04-24 17:41:39 :: DEBUG :: DefaultLogger :: 9
INFO - [G] 2025-04-24 17:41:39 :: DEBUG :: DefaultLogger :: 14
INFO - [G] 2025-04-24 17:41:39 :: DEBUG :: DefaultLogger :: 11
INFO - [G] 2025-04-24 17:41:39 :: DEBUG :: DefaultLogger :: 13
INFO - [G] 2025-04-24 17:41:39 :: DEBUG :: DefaultLogger :: 12
INFO - [G] 2025-04-24 17:41:39 :: DEBUG :: DefaultLogger :: 10
INFO - [G] 2025-04-24 17:41:39 :: DEBUG :: DefaultLogger :: 2
INFO - [G] 2025-04-24 17:41:39 :: DEBUG :: DefaultLogger :: 3
INFO - [G] 2025-04-24 17:41:39 :: DEBUG :: DefaultLogger :: 4
INFO - [G] 2025-04-24 17:41:39 :: DEBUG :: DefaultLogger :: 5
INFO - [G] 2025-04-24 17:41:39 :: DEBUG :: DefaultLogger :: 6
INFO - [G] 2025-04-24 17:41:39 :: DEBUG :: DefaultLogger :: 7
INFO - [G] 2025-04-24 17:41:39 :: DEBUG :: DefaultLogger :: 8
INFO - [G] 2025-04-24 17:41:39 :: DEBUG :: DefaultLogger :: 9
INFO - [G] 2025-04-24 17:41:39 :: DEBUG :: DefaultLogger :: 14
INFO - [G] 2025-04-24 17:41:39 :: DEBUG :: DefaultLogger :: 11
INFO - [G] 2025-04-24 17:41:39 :: DEBUG :: DefaultLogger :: 13
INFO - [G] 2025-04-24 17:41:39 :: DEBUG :: DefaultLogger :: 12
INFO - [G] 2025-04-24 17:41:39 :: DEBUG :: DefaultLogger :: 10
INFO - [G] 2025-04-24 17:41:39 :: DEBUG :: DefaultLogger :: 2
INFO - [G] 2025-04-24 17:41:39 :: DEBUG :: DefaultLogger :: 3
INFO - [G] 2025-04-24 17:41:39 :: DEBUG :: DefaultLogger :: 4
INFO - [G] 2025-04-24 17:41:39 :: DEBUG :: DefaultLogger :: 5
INFO - [G] 2025-04-24 17:41:39 :: DEBUG :: DefaultLogger :: 6
INFO - [G] 2025-04-24 17:41:39 :: DEBUG :: DefaultLogger :: 7
INFO - [G] 2025-04-24 17:41:39 :: DEBUG :: DefaultLogger :: 8
INFO - [G] 2025-04-24 17:41:39 :: DEBUG :: DefaultLogger :: 9
INFO - [G] 2025-04-24 17:41:39 :: DEBUG :: DefaultLogger :: 14
INFO - [G] 2025-04-24 17:41:39 :: DEBUG :: DefaultLogger :: 11
INFO - [G] 2025-04-24 17:41:39 :: DEBUG :: DefaultLogger :: 13
INFO - [G] 2025-04-24 17:41:39 :: DEBUG :: DefaultLogger :: 12
INFO - [G] 2025-04-24 17:41:39 :: DEBUG :: DefaultLogger :: 10
