INFO - [♥] Lovely 0.7.1
INFO - [♥] Game directory is at "D:\\steamapps\\common\\Balatro"
INFO - [♥] Writing logs to "C:\\users\\steamuser\\AppData\\Roaming\\Balatro\\Mods\\lovely\\log"
INFO - [♥] Using mod directory at "C:\\users\\steamuser\\AppData\\Roaming\\Balatro\\Mods"
INFO - [♥] Cleaning up dumps directory at "C:\\users\\steamuser\\AppData\\Roaming\\Balatro\\Mods\\lovely\\dump"
INFO - [♥] Initialization complete in 175ms
INFO - [♥] Applied 14 patches to 'main.lua'
INFO - [♥] Applied 5 patches to 'engine/controller.lua'
INFO - [♥] Applied 15 patches to 'back.lua'
INFO - [♥] Applied 7 patches to 'tag.lua'
INFO - [♥] Applied 1 patch to 'engine/moveable.lua'
INFO - [♥] Applied 2 patches to 'engine/sprite.lua'
INFO - [♥] Applied 2 patches to 'engine/animatedsprite.lua'
INFO - [♥] Applied 47 patches to 'functions/misc_functions.lua'
INFO - [♥] Applied 33 patches to 'game.lua'
INFO - [♥] Applied 1 patch to 'globals.lua'
INFO - [♥] Applied 3 patches to 'engine/ui.lua'
INFO - [♥] Applied 73 patches to 'functions/UI_definitions.lua'
INFO - [♥] Applied 44 patches to 'functions/state_events.lua'
INFO - [♥] Applied 104 patches to 'functions/common_events.lua'
INFO - [♥] Applied 46 patches to 'functions/button_callbacks.lua'
WARN - [♥] Pattern 'if G.GAME.blind and G.GAME.blind.in_blind then G.E_MANAGER:add_event(Event({ func = function() G.GAME.blind:set_blind(nil, true, nil); return true end })) end' on target 'card.lua' for pattern patch from smods-1.0.0-beta-0323b\lovely\calculate_card_added.toml resulted in 2 matches, wanted 1
WARN - [♥] Ignoring excess matches
INFO - [♥] Applied 151 patches to 'card.lua'
INFO - [♥] Applied 9 patches to 'cardarea.lua'
INFO - [♥] Applied 36 patches to 'blind.lua'
INFO - [♥] Applied 2 patches to 'engine/text.lua'
INFO - [G] Failed to connect to the debug server
INFO - [G] 2025-04-22 18:17:25 :: DEBUG :: DebugConsole :: Steamodded Debug Socket started !
INFO - [♥] Applied 9 patches to 'engine/sound_manager.lua'
INFO - [♥] Applied 1 patch to 'engine/save_manager.lua'
INFO - [G] 2025-04-22 18:17:26 :: TRACE :: Loader :: Processing Mod file (Legacy header): KusoMods.lua
INFO - [G] 2025-04-22 18:17:26 :: TRACE :: Loader :: Saving Mod Info: KusoMods
INFO - [G] 2025-04-22 18:17:27 :: WARN  :: Loader :: Found lone Lua file wilddeck.lua in Mods directory :: Please place the files for each mod in its own subdirectory.
INFO - [G] 2025-04-22 18:17:27 :: TRACE :: Loader :: Processing Mod file (Legacy header): wilddeck.lua
INFO - [G] 2025-04-22 18:17:27 :: TRACE :: Loader :: Saving Mod Info: wildDeck
INFO - [G] 2025-04-22 18:17:27 :: TRACE :: Loader :: Mod wildDeck was unable to load: 
INFO - [G] 2025-04-22 18:17:27 :: INFO  :: TIMER :: [0000] Injected Language in 0.003 ms
INFO - [G] 2025-04-22 18:17:27 :: INFO  :: TIMER :: [0000] Injected [INTERNAL] in 3.254 ms
INFO - [G] 2025-04-22 18:17:27 :: INFO  :: TIMER :: [0007] Injected Atlas in 856.250 ms
INFO - [G] 2025-04-22 18:17:27 :: INFO  :: TIMER :: [0001] Injected Sound in 0.561 ms
INFO - [G] 2025-04-22 18:17:27 :: INFO  :: TIMER :: [0008] Injected Stake in 0.484 ms
INFO - [G] 2025-04-22 18:17:27 :: INFO  :: TIMER :: [0004] Injected Rarity in 0.048 ms
INFO - [G] 2025-04-22 18:17:27 :: INFO  :: TIMER :: [0004] Injected ObjectType in 0.107 ms
INFO - [G] 2025-04-22 18:17:27 :: INFO  :: TIMER :: [0053] Injected Center in 0.903 ms
INFO - [G] 2025-04-22 18:17:27 :: INFO  :: TIMER :: [0007] Injected Undiscovered Sprite in 0.023 ms
INFO - [G] 2025-04-22 18:17:27 :: INFO  :: TIMER :: [0002] Injected Blind in 0.027 ms
INFO - [G] 2025-04-22 18:17:27 :: INFO  :: TIMER :: [0004] Injected Seal in 0.230 ms
INFO - [G] 2025-04-22 18:17:27 :: INFO  :: TIMER :: [0004] Injected Suit in 0.269 ms
INFO - [G] 2025-04-22 18:17:27 :: INFO  :: TIMER :: [0013] Injected Rank in 0.138 ms
INFO - [G] 2025-04-22 18:17:27 :: INFO  :: TIMER :: [0028] Injected DeckSkin in 0.378 ms
INFO - [G] 2025-04-22 18:17:27 :: INFO  :: TIMER :: [0012] Injected PokerHand in 0.161 ms
INFO - [G] 2025-04-22 18:17:27 :: INFO  :: TIMER :: [0020] Injected Challenge in 0.041 ms
INFO - [G] 2025-04-22 18:17:27 :: INFO  :: TIMER :: [0000] Injected Tag in 0.003 ms
INFO - [G] 2025-04-22 18:17:27 :: INFO  :: TIMER :: [0004] Injected Sticker in 0.342 ms
INFO - [G] 2025-04-22 18:17:27 :: INFO  :: TIMER :: [0000] Injected Shader in 0.004 ms
INFO - [G] 2025-04-22 18:17:27 :: INFO  :: TIMER :: [0002] Injected Keybind in 0.026 ms
INFO - [G] 2025-04-22 18:17:27 :: INFO  :: TIMER :: [0000] Injected Achievement in 0.061 ms
INFO - [G] 2025-04-22 18:17:27 :: INFO  :: TIMER :: [0002] Injected nil in 0.029 ms
INFO - [G] 2025-04-22 18:17:27 :: INFO  :: TIMER :: [0021] Injected Draw Step in 1.327 ms
INFO - [G] 2025-04-22 18:17:27 :: INFO  :: TIMER :: [0000] Injected [INTERNAL] in 0.990 ms
INFO - [G] 2025-04-22 18:19:15 :: INFO  :: TIMER :: [0000] Injected Language in 0.002 ms
INFO - [G] 2025-04-22 18:19:15 :: INFO  :: TIMER :: [0000] Injected [INTERNAL] in 2.962 ms
INFO - [G] 2025-04-22 18:19:16 :: INFO  :: TIMER :: [0007] Injected Atlas in 745.595 ms
INFO - [G] 2025-04-22 18:19:16 :: INFO  :: TIMER :: [0001] Injected Sound in 0.009 ms
INFO - [G] 2025-04-22 18:19:16 :: INFO  :: TIMER :: [0008] Injected Stake in 0.119 ms
INFO - [G] 2025-04-22 18:19:16 :: INFO  :: TIMER :: [0004] Injected Rarity in 0.193 ms
INFO - [G] 2025-04-22 18:19:16 :: INFO  :: TIMER :: [0004] Injected ObjectType in 0.034 ms
INFO - [G] 2025-04-22 18:19:16 :: INFO  :: TIMER :: [0053] Injected Center in 0.604 ms
INFO - [G] 2025-04-22 18:19:16 :: INFO  :: TIMER :: [0007] Injected Undiscovered Sprite in 0.011 ms
INFO - [G] 2025-04-22 18:19:16 :: INFO  :: TIMER :: [0002] Injected Blind in 0.011 ms
INFO - [G] 2025-04-22 18:19:16 :: INFO  :: TIMER :: [0004] Injected Seal in 0.131 ms
INFO - [G] 2025-04-22 18:19:16 :: INFO  :: TIMER :: [0004] Injected Suit in 0.092 ms
INFO - [G] 2025-04-22 18:19:16 :: INFO  :: TIMER :: [0013] Injected Rank in 0.058 ms
INFO - [G] 2025-04-22 18:19:16 :: INFO  :: TIMER :: [0028] Injected DeckSkin in 0.113 ms
INFO - [G] 2025-04-22 18:19:16 :: INFO  :: TIMER :: [0012] Injected PokerHand in 0.047 ms
INFO - [G] 2025-04-22 18:19:16 :: INFO  :: TIMER :: [0020] Injected Challenge in 0.032 ms
INFO - [G] 2025-04-22 18:19:16 :: INFO  :: TIMER :: [0000] Injected Tag in 0.001 ms
INFO - [G] 2025-04-22 18:19:16 :: INFO  :: TIMER :: [0004] Injected Sticker in 0.063 ms
INFO - [G] 2025-04-22 18:19:16 :: INFO  :: TIMER :: [0000] Injected Shader in 0.001 ms
INFO - [G] 2025-04-22 18:19:16 :: INFO  :: TIMER :: [0002] Injected Keybind in 0.005 ms
INFO - [G] 2025-04-22 18:19:16 :: INFO  :: TIMER :: [0000] Injected Achievement in 0.037 ms
INFO - [G] 2025-04-22 18:19:16 :: INFO  :: TIMER :: [0002] Injected nil in 0.009 ms
INFO - [G] 2025-04-22 18:19:16 :: INFO  :: TIMER :: [0021] Injected Draw Step in 0.114 ms
INFO - [G] 2025-04-22 18:19:16 :: INFO  :: TIMER :: [0000] Injected [INTERNAL] in 0.807 ms
INFO - [G] LONG DT @ 107: 0.1
INFO - [G] LONG DT @ 12: 0.081568219999999
INFO - [G] LONG DT @ 12: 0.065778735999999
INFO - [G] LONG DT @ 12: 0.0530515888
INFO - [G] 2025-04-22 18:19:37 :: INFO  :: TIMER :: [0000] Injected Language in 0.003 ms
INFO - [G] 2025-04-22 18:19:37 :: INFO  :: TIMER :: [0000] Injected [INTERNAL] in 2.784 ms
INFO - [G] 2025-04-22 18:19:38 :: INFO  :: TIMER :: [0007] Injected Atlas in 753.987 ms
INFO - [G] 2025-04-22 18:19:38 :: INFO  :: TIMER :: [0001] Injected Sound in 0.006 ms
INFO - [G] 2025-04-22 18:19:38 :: INFO  :: TIMER :: [0008] Injected Stake in 0.214 ms
INFO - [G] 2025-04-22 18:19:38 :: INFO  :: TIMER :: [0004] Injected Rarity in 0.017 ms
INFO - [G] 2025-04-22 18:19:38 :: INFO  :: TIMER :: [0004] Injected ObjectType in 0.025 ms
INFO - [G] 2025-04-22 18:19:38 :: INFO  :: TIMER :: [0053] Injected Center in 0.363 ms
INFO - [G] 2025-04-22 18:19:38 :: INFO  :: TIMER :: [0007] Injected Undiscovered Sprite in 0.011 ms
INFO - [G] 2025-04-22 18:19:38 :: INFO  :: TIMER :: [0002] Injected Blind in 0.008 ms
INFO - [G] 2025-04-22 18:19:38 :: INFO  :: TIMER :: [0004] Injected Seal in 0.084 ms
INFO - [G] 2025-04-22 18:19:38 :: INFO  :: TIMER :: [0004] Injected Suit in 0.070 ms
INFO - [G] 2025-04-22 18:19:38 :: INFO  :: TIMER :: [0013] Injected Rank in 0.078 ms
INFO - [G] 2025-04-22 18:19:38 :: INFO  :: TIMER :: [0028] Injected DeckSkin in 0.095 ms
INFO - [G] 2025-04-22 18:19:38 :: INFO  :: TIMER :: [0012] Injected PokerHand in 0.037 ms
INFO - [G] 2025-04-22 18:19:38 :: INFO  :: TIMER :: [0020] Injected Challenge in 0.022 ms
INFO - [G] 2025-04-22 18:19:38 :: INFO  :: TIMER :: [0000] Injected Tag in 0.001 ms
INFO - [G] 2025-04-22 18:19:38 :: INFO  :: TIMER :: [0004] Injected Sticker in 0.050 ms
INFO - [G] 2025-04-22 18:19:38 :: INFO  :: TIMER :: [0000] Injected Shader in 0.001 ms
INFO - [G] 2025-04-22 18:19:38 :: INFO  :: TIMER :: [0002] Injected Keybind in 0.005 ms
INFO - [G] 2025-04-22 18:19:38 :: INFO  :: TIMER :: [0000] Injected Achievement in 0.032 ms
INFO - [G] 2025-04-22 18:19:38 :: INFO  :: TIMER :: [0002] Injected nil in 0.007 ms
INFO - [G] 2025-04-22 18:19:38 :: INFO  :: TIMER :: [0021] Injected Draw Step in 0.103 ms
INFO - [G] 2025-04-22 18:19:38 :: INFO  :: TIMER :: [0000] Injected [INTERNAL] in 0.748 ms
INFO - [G] LONG DT @ 33: 0.1
INFO - [G] LONG DT @ 12: 0.081163339999999
INFO - [G] LONG DT @ 12: 0.065476531999999
INFO - [G] LONG DT @ 12: 0.053112645599999
INFO - [G] 2025-04-22 18:19:45 :: INFO  :: TIMER :: [0000] Injected Language in 0.002 ms
INFO - [G] 2025-04-22 18:19:45 :: INFO  :: TIMER :: [0000] Injected [INTERNAL] in 2.769 ms
INFO - [G] 2025-04-22 18:19:46 :: INFO  :: TIMER :: [0007] Injected Atlas in 803.636 ms
INFO - [G] 2025-04-22 18:19:46 :: INFO  :: TIMER :: [0001] Injected Sound in 0.009 ms
INFO - [G] 2025-04-22 18:19:46 :: INFO  :: TIMER :: [0008] Injected Stake in 0.116 ms
INFO - [G] 2025-04-22 18:19:46 :: INFO  :: TIMER :: [0004] Injected Rarity in 0.028 ms
INFO - [G] 2025-04-22 18:19:46 :: INFO  :: TIMER :: [0004] Injected ObjectType in 0.036 ms
INFO - [G] 2025-04-22 18:19:46 :: INFO  :: TIMER :: [0053] Injected Center in 0.606 ms
INFO - [G] 2025-04-22 18:19:46 :: INFO  :: TIMER :: [0007] Injected Undiscovered Sprite in 0.016 ms
INFO - [G] 2025-04-22 18:19:46 :: INFO  :: TIMER :: [0002] Injected Blind in 0.011 ms
INFO - [G] 2025-04-22 18:19:46 :: INFO  :: TIMER :: [0004] Injected Seal in 0.114 ms
INFO - [G] 2025-04-22 18:19:46 :: INFO  :: TIMER :: [0004] Injected Suit in 0.195 ms
INFO - [G] 2025-04-22 18:19:46 :: INFO  :: TIMER :: [0013] Injected Rank in 0.069 ms
INFO - [G] 2025-04-22 18:19:46 :: INFO  :: TIMER :: [0028] Injected DeckSkin in 0.144 ms
INFO - [G] 2025-04-22 18:19:46 :: INFO  :: TIMER :: [0012] Injected PokerHand in 0.050 ms
INFO - [G] 2025-04-22 18:19:46 :: INFO  :: TIMER :: [0020] Injected Challenge in 0.031 ms
INFO - [G] 2025-04-22 18:19:46 :: INFO  :: TIMER :: [0000] Injected Tag in 0.001 ms
INFO - [G] 2025-04-22 18:19:46 :: INFO  :: TIMER :: [0004] Injected Sticker in 0.092 ms
INFO - [G] 2025-04-22 18:19:46 :: INFO  :: TIMER :: [0000] Injected Shader in 0.001 ms
INFO - [G] 2025-04-22 18:19:46 :: INFO  :: TIMER :: [0002] Injected Keybind in 0.005 ms
INFO - [G] 2025-04-22 18:19:46 :: INFO  :: TIMER :: [0000] Injected Achievement in 0.038 ms
INFO - [G] 2025-04-22 18:19:46 :: INFO  :: TIMER :: [0002] Injected nil in 0.008 ms
INFO - [G] 2025-04-22 18:19:46 :: INFO  :: TIMER :: [0021] Injected Draw Step in 0.039 ms
INFO - [G] 2025-04-22 18:19:46 :: INFO  :: TIMER :: [0000] Injected [INTERNAL] in 0.949 ms
INFO - [G] LONG DT @ 19: 0.1
INFO - [G] LONG DT @ 12: 0.081774
INFO - [G] LONG DT @ 12: 0.065929780000003
INFO - [G] LONG DT @ 12: 0.053157604000005
