INFO - [♥] Lovely 0.7.1
INFO - [♥] Game directory is at "D:\\steamapps\\common\\Balatro"
INFO - [♥] Writing logs to "C:\\users\\steamuser\\AppData\\Roaming\\Balatro\\Mods\\lovely\\log"
INFO - [♥] Using mod directory at "C:\\users\\steamuser\\AppData\\Roaming\\Balatro\\Mods"
INFO - [♥] Found .lovelyignore in 'Wild Deck', skipping it.
INFO - [♥] Cleaning up dumps directory at "C:\\users\\steamuser\\AppData\\Roaming\\Balatro\\Mods\\lovely\\dump"
INFO - [♥] Initialization complete in 101ms
INFO - [♥] Applied 14 patches to 'main.lua'
INFO - [♥] Applied 6 patches to 'engine/controller.lua'
INFO - [♥] Applied 15 patches to 'back.lua'
INFO - [♥] Applied 7 patches to 'tag.lua'
INFO - [♥] Applied 1 patch to 'engine/moveable.lua'
INFO - [♥] Applied 2 patches to 'engine/sprite.lua'
INFO - [♥] Applied 2 patches to 'engine/animatedsprite.lua'
INFO - [♥] Applied 47 patches to 'functions/misc_functions.lua'
INFO - [♥] Applied 34 patches to 'game.lua'
INFO - [♥] Applied 1 patch to 'globals.lua'
INFO - [♥] Applied 3 patches to 'engine/ui.lua'
INFO - [♥] Applied 76 patches to 'functions/UI_definitions.lua'
INFO - [♥] Applied 44 patches to 'functions/state_events.lua'
INFO - [♥] Applied 104 patches to 'functions/common_events.lua'
INFO - [♥] Applied 46 patches to 'functions/button_callbacks.lua'
WARN - [♥] Pattern 'if G.GAME.blind and G.GAME.blind.in_blind then G.E_MANAGER:add_event(Event({ func = function() G.GAME.blind:set_blind(nil, true, nil); return true end })) end' on target 'card.lua' for pattern patch from !steammodded\lovely\calculate_card_added.toml resulted in 2 matches, wanted 1
WARN - [♥] Ignoring excess matches
WARN - [♥] Pattern 'local currentBack = self.params.viewed_back and G.GAME.viewed_back or G.GAME.selected_back' on target 'card.lua' for pattern patch from Galdur-1.2\lovely.toml resulted in no matches
INFO - [♥] Applied 157 patches to 'card.lua'
INFO - [♥] Applied 9 patches to 'cardarea.lua'
INFO - [♥] Applied 36 patches to 'blind.lua'
INFO - [♥] Applied 2 patches to 'engine/text.lua'
INFO - [G] Failed to connect to the debug server
INFO - [G] 2025-04-25 21:41:33 :: DEBUG :: DebugConsole :: Steamodded Debug Socket started !
INFO - [♥] Applied 9 patches to 'engine/sound_manager.lua'
INFO - [♥] Applied 1 patch to 'engine/save_manager.lua'
INFO - [G] 2025-04-25 21:41:35 :: TRACE :: Loader :: Processing Mod file (Legacy header): main.lua
INFO - [G] 2025-04-25 21:41:35 :: TRACE :: Loader :: Saving Mod Info: darkandcolorful
INFO - [G] 2025-04-25 21:41:35 :: TRACE :: Loader :: Processing Mod file (Legacy header): suits.lua
INFO - [G] 2025-04-25 21:41:35 :: TRACE :: Loader :: Saving Mod Info: darkandcolorfulsuits
INFO - [G] 2025-04-25 21:41:35 :: INFO  :: DefaultLogger :: Valid JSON file found
INFO - [G] 2025-04-25 21:41:35 :: INFO  :: DefaultLogger :: Valid JSON file found
INFO - [G] 2025-04-25 21:41:35 :: TRACE :: Loader :: Processing Mod file (Legacy header): KusoMods.lua
INFO - [G] 2025-04-25 21:41:35 :: TRACE :: Loader :: Saving Mod Info: KusoMods
INFO - [G] 2025-04-25 21:41:35 :: INFO  :: DefaultLogger :: Valid JSON file found
INFO - [G] 2025-04-25 21:41:35 :: TRACE :: Loader :: Processing Mod file (Legacy header): ultrakillskin.lua
INFO - [G] 2025-04-25 21:41:35 :: TRACE :: Loader :: Saving Mod Info: Ultrakill_deck
INFO - [G] 2025-04-25 21:41:35 :: TRACE :: Loader :: Processing Mod file (Legacy header): wilddeck.lua
INFO - [G] 2025-04-25 21:41:35 :: TRACE :: Loader :: Saving Mod Info: wildDeck
INFO - [G] 2025-04-25 21:41:35 :: INFO  :: DefaultLogger :: Valid JSON file found
INFO - [G] 2025-04-25 21:41:35 :: TRACE :: Loader :: Processing Mod file (Legacy header): mouthwashing.lua
INFO - [G] 2025-04-25 21:41:35 :: WARN  :: Loader :: Mod file mouthwashing.lua is missing required header component: author
INFO - [G] 2025-04-25 21:41:35 :: WARN  :: DeckSkin :: Old DeckSkin formatting detected on DeckSkin UK_hearts_skin!
INFO - [G] 2025-04-25 21:41:35 :: WARN  :: DeckSkin :: Old DeckSkin formatting detected on DeckSkin UK_clubs_skin!
INFO - [G] 2025-04-25 21:41:35 :: WARN  :: DeckSkin :: Old DeckSkin formatting detected on DeckSkin UK_diamonds_skin!
INFO - [G] 2025-04-25 21:41:35 :: WARN  :: DeckSkin :: Old DeckSkin formatting detected on DeckSkin UK_spades_skin!
INFO - [G] 2025-04-25 21:41:35 :: TRACE :: Loader :: Mod darkandcolorfulsuits was unable to load: 
INFO - [G] 2025-04-25 21:41:35 :: WARN  :: DeckSkin :: Old DeckSkin formatting detected on DeckSkin MW_hearts_skin!
INFO - [G] 2025-04-25 21:41:35 :: TRACE :: Loader :: Mod wildDeck was unable to load: 
INFO - [G] 2025-04-25 21:41:35 :: INFO  :: TIMER :: [0000] Injected Language in 0.002 ms
INFO - [G] 2025-04-25 21:41:35 :: INFO  :: TIMER :: [0000] Injected [INTERNAL] in 2.951 ms
INFO - [G] line not found
INFO - [G] file not found: main.lua: No such file or directory
INFO - [G] file not found: main.lua: No such file or directory
INFO - [G] file not found: main.lua: No such file or directory
INFO - [G] 2025-04-25 21:41:35 :: ERROR :: StackTrace :: Oops! The game crashed
[SMODS _ "src/game_object.lua"]:364: Failed to collect file data for Atlas MW_lc
Stack Traceback
===============
(1) Lua local 'handler' at file 'main.lua:612'
	Local variables:
	 msg = string: "[SMODS _ \"src/game_object.lua\"]:364: Failed to collect file data for Atlas MW_lc"
	 (*temporary) = Lua function '?' (defined at line 31 of chunk [SMODS _ "src/logging.lua"])
	 (*temporary) = string: "Oops! The game crashed\
"
(2) LÖVE function at file 'boot.lua:352' (best guess)
	Local variables:
	 errhand = Lua function '?' (defined at line 598 of chunk main.lua)
	 handler = Lua function '?' (defined at line 598 of chunk main.lua)
(3) global C function 'assert'
(4) Lua method 'inject' at Steamodded file 'src/game_object.lua:364' 
	Local variables:
	 self = table: 0x040246a8  {full_path:C:\users\steamuser\AppData\Roaming\Balatro\Mods/mouthwashing/assets/2x/MW_lc.png, _saved_d_u:true, original_key:MW_lc, px:71, path:MW_lc.png (more...)}
	 file_path = string: "MW_lc.png"
(5) Lua method 'inject_class' at Steamodded file 'src/game_object.lua:183' 
	Local variables:
	 self = table: 0x0b7c0cf0  {required_params:table: 0x0b7c08f8, set:Atlas, subclasses:table: 0x0b7c0d48, disable_mipmap:false, atlas_table:ASSET_ATLAS, __call:function: 0x0b7bfda0 (more...)}
	 inject_time = number: 2.1e-06
	 start_time = number: 3.53809
	 end_time = number: 3.53809
	 o = table: 0x040246a8  {full_path:C:\users\steamuser\AppData\Roaming\Balatro\Mods/mouthwashing/assets/2x/MW_lc.png, _saved_d_u:true, original_key:MW_lc, px:71, path:MW_lc.png (more...)}
	 (for generator) = C function: builtin#6
	 (for state) = table: 0x0b7c08d0  {1:mod_tags, 2:achievements, 3:malverk_settings, 4:galdur_locked_stake, 5:kuso_ksrjkrdeck, 6:kuso_ksrflddeck, 7:kuso_ksrcrsdeck, 8:kuso_ksrnhldeck (more...)}
	 (for control) = number: 13
	 i = number: 13
	 key = string: "MW_lc"
(6) Lua field 'injectObjects' at Steamodded file 'src/game_object.lua:257' 
	Local variables:
	 class = table: 0x0b7c0cf0  {required_params:table: 0x0b7c08f8, set:Atlas, subclasses:table: 0x0b7c0d48, disable_mipmap:false, atlas_table:ASSET_ATLAS, __call:function: 0x0b7bfda0 (more...)}
(7) Lua field 'injectObjects' at Steamodded file 'src/game_object.lua:259' 
	Local variables:
	 class = table: 0x0b7bfbc8  {check_duplicate_register:function: 0x0b7bfe00, check_duplicate_key:function: 0x0b7bfe20, subclasses:table: 0x0b7bfc90, obj_list:function: 0x0b7bfcf8 (more...)}
	 (for generator) = C function: builtin#6
	 (for state) = table: 0x0b7bfc90  {1:table: 0x0b7c04b0, 2:table: 0x0b7c0830, 3:table: 0x0b7c0cf0, 4:table: 0x0b7c1b50, 5:table: 0x0b7c29e0, 6:table: 0x0b7c58c8, 7:table: 0x0b7c6bb8 (more...)}
	 (for control) = number: 3
	 _ = number: 3
	 subclass = table: 0x0b7c0cf0  {required_params:table: 0x0b7c08f8, set:Atlas, subclasses:table: 0x0b7c0d48, disable_mipmap:false, atlas_table:ASSET_ATLAS, __call:function: 0x0b7bfda0 (more...)}
(8) Lua field 'injectItems' at Steamodded file 'src/loader.lua:608' 
(9) Lua global 'initSteamodded' at Steamodded file 'src/loader.lua:658' 
(10) Lua method 'start_up' at file 'game.lua:211'
	Local variables:
	 self = table: 0x03f24b50  {SPEEDFACTOR:1, F_GUIDE:false, keybind_mapping:table: 0x03f2fdc0, F_CRASH_REPORTS:false, P_CARDS:table: 0x07baed20, shared_undiscovered_joker:table: 0x09a2da30 (more...)}
	 settings = string: "return {[\"version\"]=\"1.0.1o-FULL\",[\"reduced_motion\"]=false,[\"paused\"]=false,[\"QUEUED_CHANGE\"]={},[\"COMP\"]={[\"prev_name\"]=\"\",[\"name\"]=\"\",[\"score\"]=5053440,},[\"colourblind_option\"]=true,[\"play_button_pos\"]=2,[\"CUSTOM_DECK\"]={[\"Collabs\"]={[\"Spades\"]=\"UK_spades_skin\",[\"Hearts\"]=\"UK_hearts_skin\",[\"Diamonds\"]=\"UK_diamonds_skin\",[\"Clubs\"]=\"UK_clubs_skin\",},},[\"colour_palettes\"]={[\"Spades\"]=\"hc\",[\"Hearts\"]=\"hc\",[\"Diamonds\"]=\"hc\",[\"Clubs\"]=\"hc\",},[\"crashreports\"]=false,[\"tutorial_progress\"]={[\"hold_parts\"]={[\"first_hand_3\"]=true,[\"small_blind\"]=true,[\"big_blind\"]=true,[\"first_hand_4\"]=true,[\"second_hand\"]=true,[\"shop_1\"]=true,[\"first_hand_2\"]=true,[\"first_hand\"]=true,},[\"section\"]=\"second_hand\",[\"completed_parts\"]={[\"first_hand\"]=true,[\"first_hand_3\"]=true,[\"small_blind\"]=true,[\"big_blind\"]=true,[\"first_hand_4\"]=true,[\"shop_1\"]=true,[\"first_hand_section\"]=true,[\"first_hand_2\"]=true,[\"second_hand\"]=true,},},[\"language\"]=\"en-us\",[\"profile\"]=1,[\"WINDOW\"]={[\"vsync\"]=0,[\"display_names\"]={[1]=\"1\",},[\"screenmode\"]=\"Windowed\",[\"DISPLAYS\"]={[1]={[\"screen_resolutions\"]={[\"strings\"]={[1]=\"-\",},[\"values\"]={[1]={[\"w\"]=1280,[\"h\"]=720,},},},[\"screen_res\"]={[\"w\"]=1920,[\"h\"]=1080,},[\"DPI_scale\"]=1,[\"MONITOR_DIMS\"]={[\"height\"]=1080,[\"width\"]=1920,},},},[\"selected_display\"]=1,},[\"run_stake_stickers\"]=true,[\"GAMESPEED\"]=4,[\"SOUND\"]={[\"volume\"]=0,[\"music_volume\"]=40.036597086265,[\"game_sounds_volume\"]=100,},[\"music_control\"]={[\"current_track\"]=\"\",[\"desired_track\"]=\"\",[\"lerp\"]=1,},[\"ACHIEVEMENTS_EARNED\"]={[\"card_discarder\"]=true,[\"heads_up\"]=true,[\"retrograde\"]=true,[\"royale\"]=true,[\"_100000k\"]=true,[\"cartomancy\"]=true,[\"flushed\"]=true,[\"mid_stakes\"]=true,[\"low_stakes\"]=true,[\"ante_upper\"]=true,[\"rule_bender\"]=true,[\"nest_egg\"]=true,[\"roi\"]=true,[\"shattered\"]=true,[\"legendary\"]=true,[\"_1000k\"]=true,[\"astronomy\"]=true,[\"_10k\"]=true,[\"clairvoyance\"]=true,[\"ante_up\"]=true,[\"card_player\"]=true,},[\"screenshake\"]=24.824475118468,[\"current_setup\"]=\"Continue\",[\"tutorial_complete\"]=true,[\"ambient_control\"]={[\"ambientFire1\"]={[\"per\"]=1.1,[\"vol\"]=0,},[\"ambientOrgan1\"]={[\"per\"]=0.7,[\"vol\"]=0,},[\"ambientFire2\"]={[\"per\"]=1.05,[\"vol\"]=0,},[\"ambientFire3\"]={[\"per\"]=1,[\"vol\"]=0,},},[\"DEMO\"]={[\"win_CTA_shown\"]=true,[\"quit_CTA_shown\"]=true,[\"timed_CTA_shown\"]=true,[\"total_uptime\"]=20.012823465133,},[\"GRAPHICS\"]={[\"texture_scaling\"]=2,[\"crt\"]=0,[\"shadows\"]=\"Off\",[\"bloom\"]=1,},}"
	 settings_ver = nil
	 new_colour_proto = table: 0x03f2d3d0  {Spades:table: 0x03f2d638, Hearts:table: 0x03f2d4e8, Diamonds:table: 0x03f2d5a0, Clubs:table: 0x03f2d6f0}
	 sound_files = table: 0x03f253b0  {1:ambientFire1.ogg, 2:ambientFire2.ogg, 3:ambientFire3.ogg, 4:ambientOrgan1.ogg, 5:button.ogg, 6:cancel.ogg, 7:card1.ogg, 8:card3.ogg, 9:cardFan2.ogg (more...)}
	 shader_files = table: 0x03f0eb00  {1:CRT.fs, 2:background.fs, 3:booster.fs, 4:debuff.fs, 5:dissolve.fs, 6:flame.fs, 7:flash.fs, 8:foil.fs, 9:gold_seal.fs, 10:holo.fs, 11:hologram.fs (more...)}
(11) Lua field 'load' at file 'main.lua:948'
(12) Lua function '?' at file 'main.lua:895' (best guess)
(13) global C function 'xpcall'
(14) LÖVE function at file 'boot.lua:368' (best guess)
	Local variables:
	 result = boolean: true
	 main = nil
(15) global C function 'xpcall'
(16) LÖVE function at file 'boot.lua:377' (best guess)
	Local variables:
	 func = Lua function '(LÖVE Function)' (defined at line 355 of chunk [love "boot.lua"])
	 inerror = boolean: true
	 deferErrhand = Lua function '(LÖVE Function)' (defined at line 348 of chunk [love "boot.lua"])
	 earlyinit = Lua function '(LÖVE Function)' (defined at line 355 of chunk [love "boot.lua"])

INFO - [G] file not found: main.lua: No such file or directory
INFO - [G] 2025-04-25 21:41:35 :: INFO  :: StackTrace :: Additional Context:
Balatro Version: 1.0.1o-FULL
Modded Version: 1.0.0~BETA-0323b-STEAMODDED
LÖVE Version: 11.5.0
Lovely Version: 0.7.1
Platform: Windows
Steamodded Mods:
    1: A Few Dex by Dexterity [ID: afewdex, Version: 0.2.0]
    2: Malverk by Eremel_ [ID: malverk, Priority: -999999, Version: 1.1.3, Uses Lovely]
    3: Kuso Modpack by Kusoro [ID: KusoMods]
    4: Your Mod by Dexterity, Art by Sandwhich [ID: mouthwash_hearts, Version: 0.1.0]
    5: Galdur by Eremel_ [ID: galdur, Priority: -10000, Version: 1.2, Uses Lovely]
    6: Dark and Colorful by DaLuigi [ID: darkandcolorful, Version: 1.0.0]
    7: ULTRAKILL Deck by Wael and cookieee [ID: Ultrakill_deck, Version: 1.0.0]
Lovely Mods:
