INFO - [♥] Lovely 0.7.1
INFO - [♥] Game directory is at "D:\\steamapps\\common\\Balatro"
INFO - [♥] Writing logs to "C:\\users\\steamuser\\AppData\\Roaming\\Balatro\\Mods\\lovely\\log"
INFO - [♥] Using mod directory at "C:\\users\\steamuser\\AppData\\Roaming\\Balatro\\Mods"
INFO - [♥] Cleaning up dumps directory at "C:\\users\\steamuser\\AppData\\Roaming\\Balatro\\Mods\\lovely\\dump"
INFO - [♥] Initialization complete in 168ms
INFO - [♥] Applied 14 patches to 'main.lua'
INFO - [♥] Applied 5 patches to 'engine/controller.lua'
INFO - [♥] Applied 15 patches to 'back.lua'
INFO - [♥] Applied 7 patches to 'tag.lua'
INFO - [♥] Applied 1 patch to 'engine/moveable.lua'
INFO - [♥] Applied 2 patches to 'engine/sprite.lua'
INFO - [♥] Applied 2 patches to 'engine/animatedsprite.lua'
INFO - [♥] Applied 47 patches to 'functions/misc_functions.lua'
INFO - [♥] Applied 33 patches to 'game.lua'
INFO - [♥] Applied 1 patch to 'globals.lua'
INFO - [♥] Applied 3 patches to 'engine/ui.lua'
INFO - [♥] Applied 75 patches to 'functions/UI_definitions.lua'
INFO - [♥] Applied 44 patches to 'functions/state_events.lua'
INFO - [♥] Applied 104 patches to 'functions/common_events.lua'
INFO - [♥] Applied 46 patches to 'functions/button_callbacks.lua'
WARN - [♥] Pattern 'if G.GAME.blind and G.GAME.blind.in_blind then G.E_MANAGER:add_event(Event({ func = function() G.GAME.blind:set_blind(nil, true, nil); return true end })) end' on target 'card.lua' for pattern patch from !steammodded\lovely\calculate_card_added.toml resulted in 2 matches, wanted 1
WARN - [♥] Ignoring excess matches
INFO - [♥] Applied 156 patches to 'card.lua'
INFO - [♥] Applied 9 patches to 'cardarea.lua'
INFO - [♥] Applied 36 patches to 'blind.lua'
INFO - [♥] Applied 2 patches to 'engine/text.lua'
INFO - [G] Failed to connect to the debug server
INFO - [G] 2025-04-23 02:24:22 :: DEBUG :: DebugConsole :: Steamodded Debug Socket started !
INFO - [♥] Applied 9 patches to 'engine/sound_manager.lua'
INFO - [♥] Applied 1 patch to 'engine/save_manager.lua'
INFO - [G] 2025-04-23 02:24:23 :: TRACE :: Loader :: Processing Mod file (Legacy header): main.lua
INFO - [G] 2025-04-23 02:24:23 :: TRACE :: Loader :: Saving Mod Info: darkandcolorful
INFO - [G] 2025-04-23 02:24:23 :: TRACE :: Loader :: Processing Mod file (Legacy header): suits.lua
INFO - [G] 2025-04-23 02:24:23 :: TRACE :: Loader :: Saving Mod Info: darkandcolorfulsuits
INFO - [G] 2025-04-23 02:24:23 :: TRACE :: Loader :: Processing Mod file (Legacy header): KusoMods.lua
INFO - [G] 2025-04-23 02:24:23 :: TRACE :: Loader :: Saving Mod Info: KusoMods
INFO - [G] 2025-04-23 02:24:23 :: INFO  :: DefaultLogger :: Valid JSON file found
INFO - [G] 2025-04-23 02:24:23 :: TRACE :: Loader :: Processing Mod file (Legacy header): ultrakillskin.lua
INFO - [G] 2025-04-23 02:24:23 :: TRACE :: Loader :: Saving Mod Info: Ultrakill_deck
INFO - [G] 2025-04-23 02:24:24 :: WARN  :: Loader :: Found lone Lua file modsterity.lua in Mods directory :: Please place the files for each mod in its own subdirectory.
INFO - [G] 2025-04-23 02:24:24 :: TRACE :: Loader :: Processing Mod file (Legacy header): modsterity.lua
INFO - [G] 2025-04-23 02:24:24 :: TRACE :: Loader :: Saving Mod Info: wildDeck
INFO - [G] 2025-04-23 02:24:24 :: WARN  :: Loader :: Found lone Lua file wilddeck.lua in Mods directory :: Please place the files for each mod in its own subdirectory.
INFO - [G] 2025-04-23 02:24:24 :: TRACE :: Loader :: Processing Mod file (Legacy header): wilddeck.lua
INFO - [G] 2025-04-23 02:24:24 :: WARN  :: Loader :: Duplicate Mod ID: wildDeck
INFO - [G] 2025-04-23 02:24:24 :: WARN  :: DeckSkin :: Old DeckSkin formatting detected on DeckSkin UK_hearts_skin!
INFO - [G] 2025-04-23 02:24:24 :: WARN  :: DeckSkin :: Old DeckSkin formatting detected on DeckSkin UK_clubs_skin!
INFO - [G] 2025-04-23 02:24:24 :: WARN  :: DeckSkin :: Old DeckSkin formatting detected on DeckSkin UK_diamonds_skin!
INFO - [G] 2025-04-23 02:24:24 :: WARN  :: DeckSkin :: Old DeckSkin formatting detected on DeckSkin UK_spades_skin!
INFO - [G] 2025-04-23 02:24:24 :: TRACE :: Loader :: Mod wildDeck was unable to load: 
INFO - [G] 2025-04-23 02:24:24 :: INFO  :: TIMER :: [0000] Injected Language in 0.001 ms
INFO - [G] 2025-04-23 02:24:24 :: INFO  :: TIMER :: [0000] Injected [INTERNAL] in 2.453 ms
INFO - [G] 2025-04-23 02:24:24 :: INFO  :: TIMER :: [0016] Injected Atlas in 279.229 ms
INFO - [G] 2025-04-23 02:24:24 :: INFO  :: TIMER :: [0001] Injected Sound in 0.727 ms
INFO - [G] 2025-04-23 02:24:24 :: INFO  :: TIMER :: [0008] Injected Stake in 0.354 ms
INFO - [G] 2025-04-23 02:24:24 :: INFO  :: TIMER :: [0004] Injected Rarity in 0.040 ms
INFO - [G] 2025-04-23 02:24:24 :: INFO  :: TIMER :: [0004] Injected ObjectType in 0.061 ms
INFO - [G] 2025-04-23 02:24:24 :: INFO  :: TIMER :: [0054] Injected Center in 1.042 ms
INFO - [G] 2025-04-23 02:24:24 :: INFO  :: TIMER :: [0007] Injected Undiscovered Sprite in 0.026 ms
INFO - [G] 2025-04-23 02:24:24 :: INFO  :: TIMER :: [0002] Injected Blind in 0.029 ms
INFO - [G] 2025-04-23 02:24:24 :: INFO  :: TIMER :: [0004] Injected Seal in 0.322 ms
INFO - [G] 2025-04-23 02:24:24 :: INFO  :: TIMER :: [0004] Injected Suit in 0.187 ms
INFO - [G] 2025-04-23 02:24:24 :: INFO  :: TIMER :: [0013] Injected Rank in 0.167 ms
INFO - [G] 2025-04-23 02:24:24 :: INFO  :: TIMER :: [0032] Injected DeckSkin in 0.636 ms
INFO - [G] 2025-04-23 02:24:24 :: INFO  :: TIMER :: [0012] Injected PokerHand in 0.171 ms
INFO - [G] 2025-04-23 02:24:24 :: INFO  :: TIMER :: [0020] Injected Challenge in 0.039 ms
INFO - [G] 2025-04-23 02:24:24 :: INFO  :: TIMER :: [0000] Injected Tag in 0.003 ms
INFO - [G] 2025-04-23 02:24:24 :: INFO  :: TIMER :: [0004] Injected Sticker in 0.374 ms
INFO - [G] 2025-04-23 02:24:24 :: INFO  :: TIMER :: [0001] Injected Shader in 12.070 ms
INFO - [G] 2025-04-23 02:24:24 :: INFO  :: TIMER :: [0002] Injected Keybind in 0.016 ms
INFO - [G] 2025-04-23 02:24:24 :: INFO  :: TIMER :: [0000] Injected Achievement in 0.051 ms
INFO - [G] 2025-04-23 02:24:24 :: INFO  :: TIMER :: [0002] Injected nil in 0.019 ms
INFO - [G] 2025-04-23 02:24:24 :: INFO  :: TIMER :: [0021] Injected Draw Step in 0.148 ms
INFO - [G] 2025-04-23 02:24:24 :: INFO  :: TIMER :: [0000] Injected [INTERNAL] in 6.038 ms
INFO - [G] 2025-04-23 02:24:25 :: INFO  :: TIMER :: [0011] Injected AltTexture in 702.896 ms
INFO - [G] 2025-04-23 02:24:25 :: INFO  :: TIMER :: [0001] Injected Texture Pack in 0.193 ms
