INFO - [♥] Lovely 0.7.1
INFO - [♥] Game directory is at "D:\\steamapps\\common\\Balatro"
INFO - [♥] Writing logs to "C:\\users\\steamuser\\AppData\\Roaming\\Balatro\\Mods\\lovely\\log"
INFO - [♥] Using mod directory at "C:\\users\\steamuser\\AppData\\Roaming\\Balatro\\Mods"
INFO - [♥] Found .lovelyignore in 'Wild Deck', skipping it.
INFO - [♥] Cleaning up dumps directory at "C:\\users\\steamuser\\AppData\\Roaming\\Balatro\\Mods\\lovely\\dump"
INFO - [♥] Initialization complete in 181ms
INFO - [♥] Applied 14 patches to 'main.lua'
INFO - [♥] Applied 6 patches to 'engine/controller.lua'
INFO - [♥] Applied 15 patches to 'back.lua'
INFO - [♥] Applied 7 patches to 'tag.lua'
INFO - [♥] Applied 1 patch to 'engine/moveable.lua'
INFO - [♥] Applied 2 patches to 'engine/sprite.lua'
INFO - [♥] Applied 2 patches to 'engine/animatedsprite.lua'
INFO - [♥] Applied 47 patches to 'functions/misc_functions.lua'
INFO - [♥] Applied 34 patches to 'game.lua'
INFO - [♥] Applied 1 patch to 'globals.lua'
INFO - [♥] Applied 3 patches to 'engine/ui.lua'
INFO - [♥] Applied 76 patches to 'functions/UI_definitions.lua'
INFO - [♥] Applied 44 patches to 'functions/state_events.lua'
INFO - [♥] Applied 104 patches to 'functions/common_events.lua'
INFO - [♥] Applied 46 patches to 'functions/button_callbacks.lua'
WARN - [♥] Pattern 'if G.GAME.blind and G.GAME.blind.in_blind then G.E_MANAGER:add_event(Event({ func = function() G.GAME.blind:set_blind(nil, true, nil); return true end })) end' on target 'card.lua' for pattern patch from !steammodded\lovely\calculate_card_added.toml resulted in 2 matches, wanted 1
WARN - [♥] Ignoring excess matches
WARN - [♥] Pattern 'local currentBack = self.params.viewed_back and G.GAME.viewed_back or G.GAME.selected_back' on target 'card.lua' for pattern patch from Galdur-1.2\lovely.toml resulted in no matches
INFO - [♥] Applied 157 patches to 'card.lua'
INFO - [♥] Applied 9 patches to 'cardarea.lua'
INFO - [♥] Applied 36 patches to 'blind.lua'
INFO - [♥] Applied 2 patches to 'engine/text.lua'
INFO - [G] Failed to connect to the debug server
INFO - [G] 2025-04-24 02:33:23 :: DEBUG :: DebugConsole :: Steamodded Debug Socket started !
INFO - [♥] Applied 9 patches to 'engine/sound_manager.lua'
INFO - [♥] Applied 1 patch to 'engine/save_manager.lua'
INFO - [G] 2025-04-24 02:33:25 :: TRACE :: Loader :: Processing Mod file (Legacy header): main.lua
INFO - [G] 2025-04-24 02:33:25 :: TRACE :: Loader :: Saving Mod Info: darkandcolorful
INFO - [G] 2025-04-24 02:33:25 :: TRACE :: Loader :: Processing Mod file (Legacy header): suits.lua
INFO - [G] 2025-04-24 02:33:25 :: TRACE :: Loader :: Saving Mod Info: darkandcolorfulsuits
INFO - [G] 2025-04-24 02:33:25 :: INFO  :: DefaultLogger :: Valid JSON file found
INFO - [G] 2025-04-24 02:33:25 :: INFO  :: DefaultLogger :: Valid JSON file found
INFO - [G] 2025-04-24 02:33:25 :: TRACE :: Loader :: Processing Mod file (Legacy header): KusoMods.lua
INFO - [G] 2025-04-24 02:33:25 :: TRACE :: Loader :: Saving Mod Info: KusoMods
INFO - [G] 2025-04-24 02:33:25 :: INFO  :: DefaultLogger :: Valid JSON file found
INFO - [G] 2025-04-24 02:33:25 :: TRACE :: Loader :: Processing Mod file (Legacy header): ultrakillskin.lua
INFO - [G] 2025-04-24 02:33:25 :: TRACE :: Loader :: Saving Mod Info: Ultrakill_deck
INFO - [G] 2025-04-24 02:33:25 :: TRACE :: Loader :: Processing Mod file (Legacy header): wilddeck.lua
INFO - [G] 2025-04-24 02:33:25 :: TRACE :: Loader :: Saving Mod Info: wildDeck
INFO - [G] 2025-04-24 02:33:25 :: WARN  :: DeckSkin :: Old DeckSkin formatting detected on DeckSkin UK_hearts_skin!
INFO - [G] 2025-04-24 02:33:25 :: WARN  :: DeckSkin :: Old DeckSkin formatting detected on DeckSkin UK_clubs_skin!
INFO - [G] 2025-04-24 02:33:25 :: WARN  :: DeckSkin :: Old DeckSkin formatting detected on DeckSkin UK_diamonds_skin!
INFO - [G] 2025-04-24 02:33:25 :: WARN  :: DeckSkin :: Old DeckSkin formatting detected on DeckSkin UK_spades_skin!
INFO - [G] 2025-04-24 02:33:25 :: TRACE :: Loader :: Mod darkandcolorfulsuits was unable to load: 
INFO - [G] 2025-04-24 02:33:25 :: TRACE :: Loader :: Mod wildDeck was unable to load: 
INFO - [G] 2025-04-24 02:33:25 :: INFO  :: TIMER :: [0000] Injected Language in 0.003 ms
INFO - [G] 2025-04-24 02:33:25 :: INFO  :: TIMER :: [0000] Injected [INTERNAL] in 4.257 ms
INFO - [G] 2025-04-24 02:33:25 :: INFO  :: TIMER :: [0012] Injected Atlas in 132.075 ms
INFO - [G] 2025-04-24 02:33:25 :: INFO  :: TIMER :: [0001] Injected Sound in 2.322 ms
INFO - [G] 2025-04-24 02:33:25 :: INFO  :: TIMER :: [0008] Injected Stake in 0.418 ms
INFO - [G] 2025-04-24 02:33:25 :: INFO  :: TIMER :: [0004] Injected Rarity in 0.053 ms
INFO - [G] 2025-04-24 02:33:25 :: INFO  :: TIMER :: [0004] Injected ObjectType in 0.138 ms
INFO - [G] 2025-04-24 02:33:25 :: INFO  :: TIMER :: [0057] Injected Center in 1.363 ms
INFO - [G] 2025-04-24 02:33:25 :: INFO  :: TIMER :: [0007] Injected Undiscovered Sprite in 0.029 ms
INFO - [G] 2025-04-24 02:33:25 :: INFO  :: TIMER :: [0002] Injected Blind in 0.027 ms
INFO - [G] 2025-04-24 02:33:25 :: INFO  :: TIMER :: [0004] Injected Seal in 0.392 ms
INFO - [G] 2025-04-24 02:33:25 :: INFO  :: TIMER :: [0004] Injected Suit in 0.111 ms
INFO - [G] 2025-04-24 02:33:25 :: INFO  :: TIMER :: [0013] Injected Rank in 0.262 ms
INFO - [G] 2025-04-24 02:33:25 :: INFO  :: TIMER :: [0032] Injected DeckSkin in 0.537 ms
INFO - [G] 2025-04-24 02:33:25 :: INFO  :: TIMER :: [0012] Injected PokerHand in 0.095 ms
INFO - [G] 2025-04-24 02:33:25 :: INFO  :: TIMER :: [0020] Injected Challenge in 0.046 ms
INFO - [G] 2025-04-24 02:33:25 :: INFO  :: TIMER :: [0000] Injected Tag in 0.004 ms
INFO - [G] 2025-04-24 02:33:25 :: INFO  :: TIMER :: [0004] Injected Sticker in 0.148 ms
INFO - [G] 2025-04-24 02:33:25 :: INFO  :: TIMER :: [0001] Injected Shader in 15.157 ms
INFO - [G] 2025-04-24 02:33:25 :: INFO  :: TIMER :: [0002] Injected Keybind in 0.021 ms
INFO - [G] 2025-04-24 02:33:25 :: INFO  :: TIMER :: [0000] Injected Achievement in 0.080 ms
INFO - [G] 2025-04-24 02:33:25 :: INFO  :: TIMER :: [0002] Injected nil in 0.022 ms
INFO - [G] 2025-04-24 02:33:25 :: INFO  :: TIMER :: [0021] Injected Draw Step in 0.122 ms
INFO - [G] 2025-04-24 02:33:25 :: INFO  :: TIMER :: [0000] Injected [INTERNAL] in 10.586 ms
INFO - [G] 2025-04-24 02:33:26 :: INFO  :: TIMER :: [0011] Injected AltTexture in 502.926 ms
INFO - [G] 2025-04-24 02:33:26 :: INFO  :: TIMER :: [0001] Injected Texture Pack in 0.044 ms
