INFO - [♥] Lovely 0.7.1
INFO - [♥] Game directory is at "D:\\steamapps\\common\\Balatro"
INFO - [♥] Writing logs to "C:\\users\\steamuser\\AppData\\Roaming\\Balatro\\Mods\\lovely\\log"
INFO - [♥] Using mod directory at "C:\\users\\steamuser\\AppData\\Roaming\\Balatro\\Mods"
INFO - [♥] Cleaning up dumps directory at "C:\\users\\steamuser\\AppData\\Roaming\\Balatro\\Mods\\lovely\\dump"
INFO - [♥] Initialization complete in 139ms
INFO - [♥] Applied 14 patches to 'main.lua'
INFO - [♥] Applied 5 patches to 'engine/controller.lua'
INFO - [♥] Applied 15 patches to 'back.lua'
INFO - [♥] Applied 7 patches to 'tag.lua'
INFO - [♥] Applied 1 patch to 'engine/moveable.lua'
INFO - [♥] Applied 2 patches to 'engine/sprite.lua'
INFO - [♥] Applied 2 patches to 'engine/animatedsprite.lua'
INFO - [♥] Applied 47 patches to 'functions/misc_functions.lua'
INFO - [♥] Applied 33 patches to 'game.lua'
INFO - [♥] Applied 1 patch to 'globals.lua'
INFO - [♥] Applied 3 patches to 'engine/ui.lua'
INFO - [♥] Applied 75 patches to 'functions/UI_definitions.lua'
INFO - [♥] Applied 44 patches to 'functions/state_events.lua'
INFO - [♥] Applied 104 patches to 'functions/common_events.lua'
INFO - [♥] Applied 46 patches to 'functions/button_callbacks.lua'
WARN - [♥] Pattern 'if G.GAME.blind and G.GAME.blind.in_blind then G.E_MANAGER:add_event(Event({ func = function() G.GAME.blind:set_blind(nil, true, nil); return true end })) end' on target 'card.lua' for pattern patch from !steammodded\lovely\calculate_card_added.toml resulted in 2 matches, wanted 1
WARN - [♥] Ignoring excess matches
INFO - [♥] Applied 156 patches to 'card.lua'
INFO - [♥] Applied 9 patches to 'cardarea.lua'
INFO - [♥] Applied 36 patches to 'blind.lua'
INFO - [♥] Applied 2 patches to 'engine/text.lua'
INFO - [G] Failed to connect to the debug server
INFO - [G] 2025-04-23 02:30:55 :: DEBUG :: DebugConsole :: Steamodded Debug Socket started !
INFO - [♥] Applied 9 patches to 'engine/sound_manager.lua'
INFO - [♥] Applied 1 patch to 'engine/save_manager.lua'
INFO - [G] 2025-04-23 02:30:56 :: TRACE :: Loader :: Processing Mod file (Legacy header): main.lua
INFO - [G] 2025-04-23 02:30:56 :: TRACE :: Loader :: Saving Mod Info: darkandcolorful
INFO - [G] 2025-04-23 02:30:56 :: TRACE :: Loader :: Processing Mod file (Legacy header): suits.lua
INFO - [G] 2025-04-23 02:30:56 :: TRACE :: Loader :: Saving Mod Info: darkandcolorfulsuits
INFO - [G] 2025-04-23 02:30:56 :: TRACE :: Loader :: Processing Mod file (Legacy header): decksterity.lua
INFO - [G] 2025-04-23 02:30:56 :: TRACE :: Loader :: Saving Mod Info: decksterity
INFO - [G] 2025-04-23 02:30:56 :: TRACE :: Loader :: Processing Mod file (Legacy header): KusoMods.lua
INFO - [G] 2025-04-23 02:30:56 :: TRACE :: Loader :: Saving Mod Info: KusoMods
INFO - [G] 2025-04-23 02:30:56 :: INFO  :: DefaultLogger :: Valid JSON file found
INFO - [G] 2025-04-23 02:30:56 :: TRACE :: Loader :: Processing Mod file (Legacy header): ultrakillskin.lua
INFO - [G] 2025-04-23 02:30:56 :: TRACE :: Loader :: Saving Mod Info: Ultrakill_deck
INFO - [G] 2025-04-23 02:30:56 :: TRACE :: Loader :: Processing Mod file (Legacy header): wilddeck.lua
INFO - [G] 2025-04-23 02:30:56 :: TRACE :: Loader :: Saving Mod Info: wildDeck
INFO - [G] 2025-04-23 02:30:56 :: WARN  :: DeckSkin :: Old DeckSkin formatting detected on DeckSkin UK_hearts_skin!
INFO - [G] 2025-04-23 02:30:56 :: WARN  :: DeckSkin :: Old DeckSkin formatting detected on DeckSkin UK_clubs_skin!
INFO - [G] 2025-04-23 02:30:56 :: WARN  :: DeckSkin :: Old DeckSkin formatting detected on DeckSkin UK_diamonds_skin!
INFO - [G] 2025-04-23 02:30:56 :: WARN  :: DeckSkin :: Old DeckSkin formatting detected on DeckSkin UK_spades_skin!
INFO - [G] 2025-04-23 02:30:56 :: INFO  :: TIMER :: [0000] Injected Language in 0.002 ms
INFO - [G] 2025-04-23 02:30:56 :: INFO  :: TIMER :: [0000] Injected [INTERNAL] in 4.725 ms
INFO - [G] 2025-04-23 02:30:56 :: INFO  :: TIMER :: [0016] Injected Atlas in 248.397 ms
INFO - [G] 2025-04-23 02:30:56 :: INFO  :: TIMER :: [0001] Injected Sound in 1.483 ms
INFO - [G] 2025-04-23 02:30:56 :: INFO  :: TIMER :: [0008] Injected Stake in 0.483 ms
INFO - [G] 2025-04-23 02:30:56 :: INFO  :: TIMER :: [0004] Injected Rarity in 0.036 ms
INFO - [G] 2025-04-23 02:30:56 :: INFO  :: TIMER :: [0004] Injected ObjectType in 0.047 ms
INFO - [G] 2025-04-23 02:30:56 :: INFO  :: TIMER :: [0056] Injected Center in 0.763 ms
INFO - [G] 2025-04-23 02:30:56 :: INFO  :: TIMER :: [0007] Injected Undiscovered Sprite in 0.063 ms
INFO - [G] 2025-04-23 02:30:56 :: INFO  :: TIMER :: [0002] Injected Blind in 0.021 ms
INFO - [G] 2025-04-23 02:30:56 :: INFO  :: TIMER :: [0004] Injected Seal in 0.161 ms
INFO - [G] 2025-04-23 02:30:56 :: INFO  :: TIMER :: [0004] Injected Suit in 0.150 ms
INFO - [G] 2025-04-23 02:30:56 :: INFO  :: TIMER :: [0013] Injected Rank in 0.187 ms
INFO - [G] 2025-04-23 02:30:56 :: INFO  :: TIMER :: [0032] Injected DeckSkin in 0.266 ms
INFO - [G] 2025-04-23 02:30:56 :: INFO  :: TIMER :: [0012] Injected PokerHand in 0.120 ms
INFO - [G] 2025-04-23 02:30:56 :: INFO  :: TIMER :: [0020] Injected Challenge in 0.162 ms
INFO - [G] 2025-04-23 02:30:56 :: INFO  :: TIMER :: [0000] Injected Tag in 0.002 ms
INFO - [G] 2025-04-23 02:30:56 :: INFO  :: TIMER :: [0004] Injected Sticker in 0.170 ms
INFO - [G] 2025-04-23 02:30:56 :: INFO  :: TIMER :: [0001] Injected Shader in 11.797 ms
INFO - [G] 2025-04-23 02:30:56 :: INFO  :: TIMER :: [0002] Injected Keybind in 0.052 ms
INFO - [G] 2025-04-23 02:30:56 :: INFO  :: TIMER :: [0000] Injected Achievement in 0.055 ms
INFO - [G] 2025-04-23 02:30:56 :: INFO  :: TIMER :: [0002] Injected nil in 0.028 ms
INFO - [G] 2025-04-23 02:30:56 :: INFO  :: TIMER :: [0021] Injected Draw Step in 0.252 ms
INFO - [G] 2025-04-23 02:30:56 :: INFO  :: TIMER :: [0000] Injected [INTERNAL] in 7.371 ms
INFO - [G] 2025-04-23 02:30:57 :: INFO  :: TIMER :: [0011] Injected AltTexture in 513.417 ms
INFO - [G] 2025-04-23 02:30:57 :: INFO  :: TIMER :: [0001] Injected Texture Pack in 0.065 ms
INFO - [G] 2025-04-23 02:31:34 :: DEBUG :: DefaultLogger :: 10
INFO - [G] 2025-04-23 02:31:34 :: DEBUG :: DefaultLogger :: 12
INFO - [G] 2025-04-23 02:31:34 :: DEBUG :: DefaultLogger :: 13
INFO - [G] 2025-04-23 02:31:34 :: DEBUG :: DefaultLogger :: 11
INFO - [G] 2025-04-23 02:31:34 :: DEBUG :: DefaultLogger :: 14
INFO - [G] 2025-04-23 02:31:34 :: DEBUG :: DefaultLogger :: 9
INFO - [G] 2025-04-23 02:31:34 :: DEBUG :: DefaultLogger :: 8
INFO - [G] 2025-04-23 02:31:34 :: DEBUG :: DefaultLogger :: 7
INFO - [G] 2025-04-23 02:31:34 :: DEBUG :: DefaultLogger :: 6
INFO - [G] 2025-04-23 02:31:34 :: DEBUG :: DefaultLogger :: 5
INFO - [G] 2025-04-23 02:31:34 :: DEBUG :: DefaultLogger :: 4
INFO - [G] 2025-04-23 02:31:34 :: DEBUG :: DefaultLogger :: 3
INFO - [G] 2025-04-23 02:31:34 :: DEBUG :: DefaultLogger :: 2
INFO - [G] 2025-04-23 02:31:34 :: DEBUG :: DefaultLogger :: 10
INFO - [G] 2025-04-23 02:31:34 :: DEBUG :: DefaultLogger :: 12
INFO - [G] 2025-04-23 02:31:34 :: DEBUG :: DefaultLogger :: 13
INFO - [G] 2025-04-23 02:31:34 :: DEBUG :: DefaultLogger :: 11
INFO - [G] 2025-04-23 02:31:34 :: DEBUG :: DefaultLogger :: 14
INFO - [G] 2025-04-23 02:31:34 :: DEBUG :: DefaultLogger :: 9
INFO - [G] 2025-04-23 02:31:34 :: DEBUG :: DefaultLogger :: 8
INFO - [G] 2025-04-23 02:31:34 :: DEBUG :: DefaultLogger :: 7
INFO - [G] 2025-04-23 02:31:34 :: DEBUG :: DefaultLogger :: 6
INFO - [G] 2025-04-23 02:31:34 :: DEBUG :: DefaultLogger :: 5
INFO - [G] 2025-04-23 02:31:34 :: DEBUG :: DefaultLogger :: 4
INFO - [G] 2025-04-23 02:31:34 :: DEBUG :: DefaultLogger :: 3
INFO - [G] 2025-04-23 02:31:34 :: DEBUG :: DefaultLogger :: 2
INFO - [G] 2025-04-23 02:31:34 :: DEBUG :: DefaultLogger :: 10
INFO - [G] 2025-04-23 02:31:34 :: DEBUG :: DefaultLogger :: 12
INFO - [G] 2025-04-23 02:31:34 :: DEBUG :: DefaultLogger :: 13
INFO - [G] 2025-04-23 02:31:34 :: DEBUG :: DefaultLogger :: 11
INFO - [G] 2025-04-23 02:31:34 :: DEBUG :: DefaultLogger :: 14
INFO - [G] 2025-04-23 02:31:34 :: DEBUG :: DefaultLogger :: 9
INFO - [G] 2025-04-23 02:31:34 :: DEBUG :: DefaultLogger :: 8
INFO - [G] 2025-04-23 02:31:34 :: DEBUG :: DefaultLogger :: 7
INFO - [G] 2025-04-23 02:31:34 :: DEBUG :: DefaultLogger :: 6
INFO - [G] 2025-04-23 02:31:34 :: DEBUG :: DefaultLogger :: 5
INFO - [G] 2025-04-23 02:31:34 :: DEBUG :: DefaultLogger :: 4
INFO - [G] 2025-04-23 02:31:34 :: DEBUG :: DefaultLogger :: 3
INFO - [G] 2025-04-23 02:31:34 :: DEBUG :: DefaultLogger :: 2
INFO - [G] 2025-04-23 02:31:34 :: DEBUG :: DefaultLogger :: 10
INFO - [G] 2025-04-23 02:31:34 :: DEBUG :: DefaultLogger :: 12
INFO - [G] 2025-04-23 02:31:34 :: DEBUG :: DefaultLogger :: 13
INFO - [G] 2025-04-23 02:31:34 :: DEBUG :: DefaultLogger :: 11
INFO - [G] 2025-04-23 02:31:34 :: DEBUG :: DefaultLogger :: 14
INFO - [G] 2025-04-23 02:31:34 :: DEBUG :: DefaultLogger :: 9
INFO - [G] 2025-04-23 02:31:34 :: DEBUG :: DefaultLogger :: 8
INFO - [G] 2025-04-23 02:31:34 :: DEBUG :: DefaultLogger :: 7
INFO - [G] 2025-04-23 02:31:34 :: DEBUG :: DefaultLogger :: 6
INFO - [G] 2025-04-23 02:31:34 :: DEBUG :: DefaultLogger :: 5
INFO - [G] 2025-04-23 02:31:34 :: DEBUG :: DefaultLogger :: 4
INFO - [G] 2025-04-23 02:31:34 :: DEBUG :: DefaultLogger :: 3
INFO - [G] 2025-04-23 02:31:34 :: DEBUG :: DefaultLogger :: 2
