INFO - [♥] Lovely 0.7.1
INFO - [♥] Game directory is at "D:\\steamapps\\common\\Balatro"
INFO - [♥] Writing logs to "C:\\users\\steamuser\\AppData\\Roaming\\Balatro\\Mods\\lovely\\log"
INFO - [♥] Using mod directory at "C:\\users\\steamuser\\AppData\\Roaming\\Balatro\\Mods"
INFO - [♥] Found .lovelyignore in 'Wild Deck', skipping it.
INFO - [♥] Cleaning up dumps directory at "C:\\users\\steamuser\\AppData\\Roaming\\Balatro\\Mods\\lovely\\dump"
INFO - [♥] Initialization complete in 192ms
INFO - [♥] Applied 14 patches to 'main.lua'
INFO - [♥] Applied 6 patches to 'engine/controller.lua'
INFO - [♥] Applied 15 patches to 'back.lua'
INFO - [♥] Applied 7 patches to 'tag.lua'
INFO - [♥] Applied 1 patch to 'engine/moveable.lua'
INFO - [♥] Applied 2 patches to 'engine/sprite.lua'
INFO - [♥] Applied 2 patches to 'engine/animatedsprite.lua'
INFO - [♥] Applied 47 patches to 'functions/misc_functions.lua'
INFO - [♥] Applied 34 patches to 'game.lua'
INFO - [♥] Applied 1 patch to 'globals.lua'
INFO - [♥] Applied 3 patches to 'engine/ui.lua'
INFO - [♥] Applied 76 patches to 'functions/UI_definitions.lua'
INFO - [♥] Applied 44 patches to 'functions/state_events.lua'
INFO - [♥] Applied 104 patches to 'functions/common_events.lua'
INFO - [♥] Applied 46 patches to 'functions/button_callbacks.lua'
WARN - [♥] Pattern 'if G.GAME.blind and G.GAME.blind.in_blind then G.E_MANAGER:add_event(Event({ func = function() G.GAME.blind:set_blind(nil, true, nil); return true end })) end' on target 'card.lua' for pattern patch from !steammodded\lovely\calculate_card_added.toml resulted in 2 matches, wanted 1
WARN - [♥] Ignoring excess matches
WARN - [♥] Pattern 'local currentBack = self.params.viewed_back and G.GAME.viewed_back or G.GAME.selected_back' on target 'card.lua' for pattern patch from Galdur-1.2\lovely.toml resulted in no matches
INFO - [♥] Applied 157 patches to 'card.lua'
INFO - [♥] Applied 9 patches to 'cardarea.lua'
INFO - [♥] Applied 36 patches to 'blind.lua'
INFO - [♥] Applied 2 patches to 'engine/text.lua'
INFO - [G] Failed to connect to the debug server
INFO - [G] 2025-04-25 21:30:12 :: DEBUG :: DebugConsole :: Steamodded Debug Socket started !
INFO - [♥] Applied 1 patch to 'engine/save_manager.lua'
INFO - [♥] Applied 9 patches to 'engine/sound_manager.lua'
INFO - [G] 2025-04-25 21:30:14 :: TRACE :: Loader :: Processing Mod file (Legacy header): main.lua
INFO - [G] 2025-04-25 21:30:14 :: TRACE :: Loader :: Saving Mod Info: darkandcolorful
INFO - [G] 2025-04-25 21:30:14 :: TRACE :: Loader :: Processing Mod file (Legacy header): suits.lua
INFO - [G] 2025-04-25 21:30:14 :: TRACE :: Loader :: Saving Mod Info: darkandcolorfulsuits
INFO - [G] 2025-04-25 21:30:14 :: INFO  :: DefaultLogger :: Valid JSON file found
INFO - [G] 2025-04-25 21:30:14 :: INFO  :: DefaultLogger :: Valid JSON file found
INFO - [G] 2025-04-25 21:30:14 :: TRACE :: Loader :: Processing Mod file (Legacy header): KusoMods.lua
INFO - [G] 2025-04-25 21:30:14 :: TRACE :: Loader :: Saving Mod Info: KusoMods
INFO - [G] 2025-04-25 21:30:14 :: INFO  :: DefaultLogger :: Valid JSON file found
INFO - [G] 2025-04-25 21:30:14 :: TRACE :: Loader :: Processing Mod file (Legacy header): ultrakillskin.lua
INFO - [G] 2025-04-25 21:30:14 :: TRACE :: Loader :: Saving Mod Info: Ultrakill_deck
INFO - [G] 2025-04-25 21:30:14 :: TRACE :: Loader :: Processing Mod file (Legacy header): wilddeck.lua
INFO - [G] 2025-04-25 21:30:14 :: TRACE :: Loader :: Saving Mod Info: wildDeck
INFO - [G] line not found
INFO - [G] file not found: main.lua: No such file or directory
INFO - [G] file not found: main.lua: No such file or directory
INFO - [G] line not found
INFO - [G] file not found: main.lua: No such file or directory
INFO - [G] 2025-04-25 21:30:14 :: ERROR :: StackTrace :: Oops! The game crashed
[SMODS _ "src/loader.lua"]:196: attempt to index a nil value
Stack Traceback
===============
(1) Lua local 'handler' at file 'main.lua:612'
	Local variables:
	 msg = string: "[SMODS _ \"src/loader.lua\"]:196: attempt to index a nil value"
	 (*temporary) = Lua function '?' (defined at line 31 of chunk [SMODS _ "src/logging.lua"])
	 (*temporary) = string: "Oops! The game crashed\
"
(2) LÖVE metamethod at file 'boot.lua:352'
	Local variables:
	 errhand = Lua function '?' (defined at line 598 of chunk main.lua)
	 handler = Lua function '?' (defined at line 598 of chunk main.lua)
(3) Lua local 'processDirectory' at Steamodded file 'src/loader.lua:196' 
	Local variables:
	 directory = string: "C:\\users\\steamuser\\AppData\\Roaming\\Balatro\\Mods"
	 depth = number: 1
	 isDirLovely = boolean: false
	 (for generator) = C function: builtin#6
	 (for state) = table: 0x137dd6e8  {1:!steammodded, 2:.lovelyignore, 3:Dark and Colorful, 4:Decksterity, 5:Galdur-1.2, 6:KusoMods, 7:Malverk, 8:Ultrakill-all, 9:Wild Deck, 10:lovely (more...)}
	 (for control) = number: 11
	 _ = number: 11
	 filename = string: "mouthwashing_maybe?"
	 file_path = string: "C:\\users\\steamuser\\AppData\\Roaming\\Balatro\\Mods/mouthwashing_maybe?"
	 (*temporary) = nil
	 (*temporary) = string: "C:\\users\\steamuser\\AppData\\Roaming\\Balatro\\Mods/mouthwashing_maybe?"
	 (*temporary) = nil
	 (*temporary) = string: "C:\\users\\steamuser\\AppData\\Roaming\\Balatro\\Mods/"
	 (*temporary) = string: "mouthwashing_maybe?"
	 (*temporary) = nil
	 (*temporary) = nil
	 (*temporary) = nil
	 (*temporary) = string: "mouthwashing_maybe?"
	 (*temporary) = nil
	 (*temporary) = number: 9.1282e-313
	 (*temporary) = string: "C:\\users\\steamuser\\AppData\\Roaming\\Balatro\\Mods/"
	 (*temporary) = Lua function '(LÖVE Function)' (defined at line 385 of chunk [lovely nativefs "libs/nativefs/nativefs.lua"])
	 (*temporary) = nil
	 (*temporary) = nil
	 (*temporary) = nil
	 (*temporary) = nil
	 (*temporary) = nil
	 (*temporary) = boolean: true
	 (*temporary) = number: 1
	 (*temporary) = string: "attempt to index a nil value"
(4) Lua global 'loadMods' at Steamodded file 'src/loader.lua:366' 
	Local variables:
	 modsDirectory = string: "C:\\users\\steamuser\\AppData\\Roaming\\Balatro\\Mods"
	 header_components = table: 0x137dc0c0  {version:table: 0x137dc810, id:table: 0x137dc2d0, conflicts:table: 0x137dc700, outdated:table: 0x137dc890, prefix:table: 0x137dc7b0, dump_loc:table: 0x137dc930 (more...)}
	 json_spec = table: 0x137dc9c8  {version:table: 0x137dd108, id:table: 0x137dccf8, main_file:table: 0x137dd2e8, __:table: 0x137dd3a8, badge_colour:table: 0x137dcfa8, badge_text_colour:table: 0x137dd028 (more...)}
	 used_prefixes = table: 0x137dd4a8  {UK:Ultrakill_deck, kuso:KusoMods, dacsuits:darkandcolorfulsuits, dac:darkandcolorful}
	 lovely_directories = table: 0x137dd4d0  {1:C:\users\steamuser\AppData\Roaming\Balatro\Mods/Galdur-1.2/, 2:C:\users\steamuser\AppData\Roaming\Balatro\Mods/Malverk/}
	 processDirectory = Lua function '?' (defined at line 185 of chunk [SMODS _ "src/loader.lua"])
(5) Lua global 'initSteamodded' at Steamodded file 'src/loader.lua:654' 
(6) Lua method 'start_up' at file 'game.lua:211'
	Local variables:
	 self = table: 0x04324b50  {SPEEDFACTOR:1, F_GUIDE:false, keybind_mapping:table: 0x0432fdc0, F_CRASH_REPORTS:false, P_CARDS:table: 0x0e4efb38, shared_undiscovered_joker:table: 0x0e78e828 (more...)}
	 settings = string: "return {[\"version\"]=\"1.0.1o-FULL\",[\"reduced_motion\"]=false,[\"paused\"]=false,[\"QUEUED_CHANGE\"]={},[\"COMP\"]={[\"prev_name\"]=\"\",[\"name\"]=\"\",[\"score\"]=5053440,},[\"colourblind_option\"]=true,[\"play_button_pos\"]=2,[\"CUSTOM_DECK\"]={[\"Collabs\"]={[\"Spades\"]=\"UK_spades_skin\",[\"Hearts\"]=\"UK_hearts_skin\",[\"Diamonds\"]=\"UK_diamonds_skin\",[\"Clubs\"]=\"UK_clubs_skin\",},},[\"colour_palettes\"]={[\"Spades\"]=\"hc\",[\"Hearts\"]=\"hc\",[\"Diamonds\"]=\"hc\",[\"Clubs\"]=\"hc\",},[\"crashreports\"]=false,[\"tutorial_progress\"]={[\"hold_parts\"]={[\"first_hand_3\"]=true,[\"small_blind\"]=true,[\"big_blind\"]=true,[\"first_hand_4\"]=true,[\"second_hand\"]=true,[\"shop_1\"]=true,[\"first_hand_2\"]=true,[\"first_hand\"]=true,},[\"section\"]=\"second_hand\",[\"completed_parts\"]={[\"first_hand\"]=true,[\"first_hand_3\"]=true,[\"small_blind\"]=true,[\"big_blind\"]=true,[\"first_hand_4\"]=true,[\"shop_1\"]=true,[\"first_hand_section\"]=true,[\"first_hand_2\"]=true,[\"second_hand\"]=true,},},[\"language\"]=\"en-us\",[\"profile\"]=1,[\"WINDOW\"]={[\"vsync\"]=0,[\"display_names\"]={[1]=\"1\",},[\"screenmode\"]=\"Windowed\",[\"DISPLAYS\"]={[1]={[\"screen_resolutions\"]={[\"strings\"]={[1]=\"-\",},[\"values\"]={[1]={[\"w\"]=1280,[\"h\"]=720,},},},[\"screen_res\"]={[\"w\"]=1920,[\"h\"]=1080,},[\"DPI_scale\"]=1,[\"MONITOR_DIMS\"]={[\"height\"]=1080,[\"width\"]=1920,},},},[\"selected_display\"]=1,},[\"run_stake_stickers\"]=true,[\"GAMESPEED\"]=4,[\"SOUND\"]={[\"volume\"]=0,[\"music_volume\"]=40.036597086265,[\"game_sounds_volume\"]=100,},[\"music_control\"]={[\"current_track\"]=\"\",[\"desired_track\"]=\"\",[\"lerp\"]=1,},[\"ACHIEVEMENTS_EARNED\"]={[\"card_discarder\"]=true,[\"heads_up\"]=true,[\"retrograde\"]=true,[\"royale\"]=true,[\"_100000k\"]=true,[\"cartomancy\"]=true,[\"flushed\"]=true,[\"mid_stakes\"]=true,[\"low_stakes\"]=true,[\"ante_upper\"]=true,[\"rule_bender\"]=true,[\"nest_egg\"]=true,[\"roi\"]=true,[\"shattered\"]=true,[\"legendary\"]=true,[\"_1000k\"]=true,[\"astronomy\"]=true,[\"_10k\"]=true,[\"clairvoyance\"]=true,[\"ante_up\"]=true,[\"card_player\"]=true,},[\"screenshake\"]=24.824475118468,[\"current_setup\"]=\"Continue\",[\"tutorial_complete\"]=true,[\"ambient_control\"]={[\"ambientFire1\"]={[\"per\"]=1.1,[\"vol\"]=0,},[\"ambientOrgan1\"]={[\"per\"]=0.7,[\"vol\"]=0,},[\"ambientFire2\"]={[\"per\"]=1.05,[\"vol\"]=0,},[\"ambientFire3\"]={[\"per\"]=1,[\"vol\"]=0,},},[\"DEMO\"]={[\"win_CTA_shown\"]=true,[\"quit_CTA_shown\"]=true,[\"timed_CTA_shown\"]=true,[\"total_uptime\"]=540.18521676833,},[\"GRAPHICS\"]={[\"texture_scaling\"]=2,[\"crt\"]=0,[\"shadows\"]=\"Off\",[\"bloom\"]=1,},}"
	 settings_ver = nil
	 new_colour_proto = table: 0x0432d3d0  {Spades:table: 0x0432d638, Hearts:table: 0x0432d4e8, Diamonds:table: 0x0432d5a0, Clubs:table: 0x0432d6f0}
	 sound_files = table: 0x045ae4a0  {1:ambientFire1.ogg, 2:ambientFire2.ogg, 3:ambientFire3.ogg, 4:ambientOrgan1.ogg, 5:button.ogg, 6:cancel.ogg, 7:card1.ogg, 8:card3.ogg, 9:cardFan2.ogg (more...)}
	 shader_files = table: 0x0431e278  {1:CRT.fs, 2:background.fs, 3:booster.fs, 4:debuff.fs, 5:dissolve.fs, 6:flame.fs, 7:flash.fs, 8:foil.fs, 9:gold_seal.fs, 10:holo.fs, 11:hologram.fs (more...)}
(7) Lua field 'load' at file 'main.lua:948'
(8) Lua function '?' at file 'main.lua:895' (best guess)
(9) global C function 'xpcall'
(10) LÖVE function at file 'boot.lua:368' (best guess)
	Local variables:
	 result = boolean: true
	 main = nil
(11) global C function 'xpcall'
(12) LÖVE function at file 'boot.lua:377' (best guess)
	Local variables:
	 func = Lua function '(LÖVE Function)' (defined at line 355 of chunk [love "boot.lua"])
	 inerror = boolean: true
	 deferErrhand = Lua function '(LÖVE Function)' (defined at line 348 of chunk [love "boot.lua"])
	 earlyinit = Lua function '(LÖVE Function)' (defined at line 355 of chunk [love "boot.lua"])

INFO - [G] line not found
INFO - [G] file not found: main.lua: No such file or directory
INFO - [G] 2025-04-25 21:30:14 :: INFO  :: StackTrace :: Additional Context:
Balatro Version: 1.0.1o-FULL
Modded Version: 1.0.0~BETA-0323b-STEAMODDED
LÖVE Version: 11.5.0
Lovely Version: 0.7.1
Platform: Windows
Steamodded Mods:
Lovely Mods:
