INFO - [♥] Lovely 0.7.1
INFO - [♥] Game directory is at "D:\\steamapps\\common\\Balatro"
INFO - [♥] Writing logs to "C:\\users\\steamuser\\AppData\\Roaming\\Balatro\\Mods\\lovely\\log"
INFO - [♥] Using mod directory at "C:\\users\\steamuser\\AppData\\Roaming\\Balatro\\Mods"
INFO - [♥] Found .lovelyignore in 'Wild Deck', skipping it.
INFO - [♥] Cleaning up dumps directory at "C:\\users\\steamuser\\AppData\\Roaming\\Balatro\\Mods\\lovely\\dump"
INFO - [♥] Initialization complete in 206ms
INFO - [♥] Applied 14 patches to 'main.lua'
INFO - [♥] Applied 6 patches to 'engine/controller.lua'
INFO - [♥] Applied 15 patches to 'back.lua'
INFO - [♥] Applied 7 patches to 'tag.lua'
INFO - [♥] Applied 1 patch to 'engine/moveable.lua'
INFO - [♥] Applied 2 patches to 'engine/sprite.lua'
INFO - [♥] Applied 2 patches to 'engine/animatedsprite.lua'
INFO - [♥] Applied 47 patches to 'functions/misc_functions.lua'
INFO - [♥] Applied 34 patches to 'game.lua'
INFO - [♥] Applied 1 patch to 'globals.lua'
INFO - [♥] Applied 3 patches to 'engine/ui.lua'
INFO - [♥] Applied 76 patches to 'functions/UI_definitions.lua'
INFO - [♥] Applied 44 patches to 'functions/state_events.lua'
INFO - [♥] Applied 104 patches to 'functions/common_events.lua'
INFO - [♥] Applied 46 patches to 'functions/button_callbacks.lua'
WARN - [♥] Pattern 'if G.GAME.blind and G.GAME.blind.in_blind then G.E_MANAGER:add_event(Event({ func = function() G.GAME.blind:set_blind(nil, true, nil); return true end })) end' on target 'card.lua' for pattern patch from !steammodded\lovely\calculate_card_added.toml resulted in 2 matches, wanted 1
WARN - [♥] Ignoring excess matches
WARN - [♥] Pattern 'local currentBack = self.params.viewed_back and G.GAME.viewed_back or G.GAME.selected_back' on target 'card.lua' for pattern patch from Galdur-1.2\lovely.toml resulted in no matches
INFO - [♥] Applied 157 patches to 'card.lua'
INFO - [♥] Applied 9 patches to 'cardarea.lua'
INFO - [♥] Applied 36 patches to 'blind.lua'
INFO - [♥] Applied 2 patches to 'engine/text.lua'
INFO - [G] Failed to connect to the debug server
INFO - [G] 2025-04-24 02:16:39 :: DEBUG :: DebugConsole :: Steamodded Debug Socket started !
INFO - [♥] Applied 9 patches to 'engine/sound_manager.lua'
INFO - [♥] Applied 1 patch to 'engine/save_manager.lua'
INFO - [G] 2025-04-24 02:16:41 :: TRACE :: Loader :: Processing Mod file (Legacy header): main.lua
INFO - [G] 2025-04-24 02:16:41 :: TRACE :: Loader :: Saving Mod Info: darkandcolorful
INFO - [G] 2025-04-24 02:16:41 :: TRACE :: Loader :: Processing Mod file (Legacy header): suits.lua
INFO - [G] 2025-04-24 02:16:41 :: TRACE :: Loader :: Saving Mod Info: darkandcolorfulsuits
INFO - [G] 2025-04-24 02:16:41 :: INFO  :: DefaultLogger :: Valid JSON file found
INFO - [G] 2025-04-24 02:16:41 :: INFO  :: DefaultLogger :: Valid JSON file found
INFO - [G] 2025-04-24 02:16:41 :: TRACE :: Loader :: Processing Mod file (Legacy header): KusoMods.lua
INFO - [G] 2025-04-24 02:16:41 :: TRACE :: Loader :: Saving Mod Info: KusoMods
INFO - [G] 2025-04-24 02:16:41 :: INFO  :: DefaultLogger :: Valid JSON file found
INFO - [G] 2025-04-24 02:16:41 :: TRACE :: Loader :: Processing Mod file (Legacy header): ultrakillskin.lua
INFO - [G] 2025-04-24 02:16:41 :: TRACE :: Loader :: Saving Mod Info: Ultrakill_deck
INFO - [G] 2025-04-24 02:16:41 :: TRACE :: Loader :: Processing Mod file (Legacy header): wilddeck.lua
INFO - [G] 2025-04-24 02:16:41 :: TRACE :: Loader :: Saving Mod Info: wildDeck
INFO - [G] 2025-04-24 02:16:41 :: WARN  :: DeckSkin :: Old DeckSkin formatting detected on DeckSkin UK_hearts_skin!
INFO - [G] 2025-04-24 02:16:41 :: WARN  :: DeckSkin :: Old DeckSkin formatting detected on DeckSkin UK_clubs_skin!
INFO - [G] 2025-04-24 02:16:41 :: WARN  :: DeckSkin :: Old DeckSkin formatting detected on DeckSkin UK_diamonds_skin!
INFO - [G] 2025-04-24 02:16:41 :: WARN  :: DeckSkin :: Old DeckSkin formatting detected on DeckSkin UK_spades_skin!
INFO - [G] 2025-04-24 02:16:41 :: TRACE :: Loader :: Mod darkandcolorfulsuits was unable to load: 
INFO - [G] 2025-04-24 02:16:41 :: TRACE :: Loader :: Mod wildDeck was unable to load: 
INFO - [G] 2025-04-24 02:16:41 :: INFO  :: TIMER :: [0000] Injected Language in 0.003 ms
INFO - [G] 2025-04-24 02:16:41 :: INFO  :: TIMER :: [0000] Injected [INTERNAL] in 2.949 ms
INFO - [G] 2025-04-24 02:16:41 :: INFO  :: TIMER :: [0012] Injected Atlas in 114.197 ms
INFO - [G] 2025-04-24 02:16:41 :: INFO  :: TIMER :: [0001] Injected Sound in 0.772 ms
INFO - [G] 2025-04-24 02:16:41 :: INFO  :: TIMER :: [0008] Injected Stake in 0.298 ms
INFO - [G] 2025-04-24 02:16:41 :: INFO  :: TIMER :: [0004] Injected Rarity in 0.029 ms
INFO - [G] 2025-04-24 02:16:41 :: INFO  :: TIMER :: [0004] Injected ObjectType in 0.048 ms
INFO - [G] 2025-04-24 02:16:41 :: INFO  :: TIMER :: [0055] Injected Center in 0.870 ms
INFO - [G] 2025-04-24 02:16:41 :: INFO  :: TIMER :: [0007] Injected Undiscovered Sprite in 0.017 ms
INFO - [G] 2025-04-24 02:16:41 :: INFO  :: TIMER :: [0002] Injected Blind in 0.021 ms
INFO - [G] 2025-04-24 02:16:41 :: INFO  :: TIMER :: [0004] Injected Seal in 0.874 ms
INFO - [G] 2025-04-24 02:16:41 :: INFO  :: TIMER :: [0004] Injected Suit in 0.095 ms
INFO - [G] 2025-04-24 02:16:41 :: INFO  :: TIMER :: [0013] Injected Rank in 0.173 ms
INFO - [G] 2025-04-24 02:16:41 :: INFO  :: TIMER :: [0032] Injected DeckSkin in 0.402 ms
INFO - [G] 2025-04-24 02:16:41 :: INFO  :: TIMER :: [0012] Injected PokerHand in 0.075 ms
INFO - [G] 2025-04-24 02:16:41 :: INFO  :: TIMER :: [0020] Injected Challenge in 0.037 ms
INFO - [G] 2025-04-24 02:16:41 :: INFO  :: TIMER :: [0000] Injected Tag in 0.002 ms
INFO - [G] 2025-04-24 02:16:41 :: INFO  :: TIMER :: [0004] Injected Sticker in 0.109 ms
INFO - [G] 2025-04-24 02:16:41 :: INFO  :: TIMER :: [0001] Injected Shader in 13.248 ms
INFO - [G] 2025-04-24 02:16:41 :: INFO  :: TIMER :: [0002] Injected Keybind in 0.016 ms
INFO - [G] 2025-04-24 02:16:41 :: INFO  :: TIMER :: [0000] Injected Achievement in 0.055 ms
INFO - [G] 2025-04-24 02:16:41 :: INFO  :: TIMER :: [0002] Injected nil in 0.019 ms
INFO - [G] 2025-04-24 02:16:41 :: INFO  :: TIMER :: [0021] Injected Draw Step in 0.699 ms
INFO - [G] 2025-04-24 02:16:41 :: INFO  :: TIMER :: [0000] Injected [INTERNAL] in 7.766 ms
INFO - [G] 2025-04-24 02:16:42 :: INFO  :: TIMER :: [0011] Injected AltTexture in 434.323 ms
INFO - [G] 2025-04-24 02:16:42 :: INFO  :: TIMER :: [0001] Injected Texture Pack in 0.037 ms
INFO - [G] line not found
INFO - [G] file not found: main.lua: No such file or directory
INFO - [G] file not found: main.lua: No such file or directory
INFO - [G] file not found: main.lua: No such file or directory
INFO - [G] 2025-04-24 02:16:42 :: ERROR :: StackTrace :: Oops! The game crashed
functions/misc_functions.lua:1694: bad argument #1 to 'ipairs' (table expected, got string)
Stack Traceback
===============
(1) Lua local 'handler' at file 'main.lua:612'
	Local variables:
	 msg = string: "functions/misc_functions.lua:1694: bad argument #1 to 'ipairs' (table expected, got string)"
	 (*temporary) = Lua function '?' (defined at line 31 of chunk [SMODS _ "src/logging.lua"])
	 (*temporary) = string: "Oops! The game crashed\
"
(2) LÖVE function at file 'boot.lua:352' (best guess)
	Local variables:
	 errhand = Lua function '?' (defined at line 598 of chunk main.lua)
	 handler = Lua function '?' (defined at line 598 of chunk main.lua)
(3) global C function 'ipairs'
(4) Lua global 'init_localization' at file 'functions/misc_functions.lua:1694'
	Local variables:
	 (for generator) = C function: next
	 (for state) = table: 0x04511040  {descriptions:table: 0x045110a0, tutorial_parsed:table: 0x11b6f720, quips_parsed:table: 0x04d90f90, misc:table: 0x04956408}
	 (for control) = number: nan
	 g_k = string: "descriptions"
	 group = table: 0x045110a0  {texture_packs:table: 0x1035b148, Back:table: 0x045110c8, Tag:table: 0x044f18b8, Blind:table: 0x044c5380, alt_texture:table: 0x04dae0f0, malverk:table: 0x1035b690 (more...)}
	 (for generator) = C function: next
	 (for state) = table: 0x045110a0  {texture_packs:table: 0x1035b148, Back:table: 0x045110c8, Tag:table: 0x044f18b8, Blind:table: 0x044c5380, alt_texture:table: 0x04dae0f0, malverk:table: 0x1035b690 (more...)}
	 (for control) = number: nan
	 _ = string: "Back"
	 set = table: 0x045110c8  {b_challenge:table: 0x044c4b88, b_ghost:table: 0x044c4d80, b_erratic:table: 0x044c4cd0, b_kuso_ksrjkrdeck:table: 0x09eace78, b_red:table: 0x044c5190 (more...)}
	 (for generator) = C function: next
	 (for state) = table: 0x045110c8  {b_challenge:table: 0x044c4b88, b_ghost:table: 0x044c4d80, b_erratic:table: 0x044c4cd0, b_kuso_ksrjkrdeck:table: 0x09eace78, b_red:table: 0x044c5190 (more...)}
	 (for control) = number: nan
	 _ = string: "b_Dex_multDeck"
	 center = table: 0x1032b6b8  {text_parsed:table: 0x13e74ae0, name:mult Deck, text:Every card is mult}
(5) Lua field 'injectItems' at Steamodded file 'src/loader.lua:614' 
(6) Lua global 'initSteamodded' at Steamodded file 'src/loader.lua:658' 
(7) Lua method 'start_up' at file 'game.lua:211'
	Local variables:
	 self = table: 0x04324b50  {LANG:table: 0x0465f990, SPEEDFACTOR:1, F_GUIDE:false, keybind_mapping:table: 0x0432fdc0, F_CRASH_REPORTS:false, P_CARDS:table: 0x0d37b820, shared_undiscovered_joker:table: 0x0d3a94e8 (more...)}
	 settings = string: "return {[\"version\"]=\"1.0.1o-FULL\",[\"reduced_motion\"]=false,[\"paused\"]=true,[\"QUEUED_CHANGE\"]={},[\"COMP\"]={[\"prev_name\"]=\"\",[\"name\"]=\"\",[\"score\"]=225504,},[\"colourblind_option\"]=true,[\"play_button_pos\"]=2,[\"CUSTOM_DECK\"]={[\"Collabs\"]={[\"Spades\"]=\"UK_spades_skin\",[\"Hearts\"]=\"UK_hearts_skin\",[\"Diamonds\"]=\"UK_diamonds_skin\",[\"Clubs\"]=\"UK_clubs_skin\",},},[\"colour_palettes\"]={[\"Spades\"]=\"hc\",[\"Hearts\"]=\"hc\",[\"Diamonds\"]=\"hc\",[\"Clubs\"]=\"hc\",},[\"crashreports\"]=false,[\"tutorial_progress\"]={[\"hold_parts\"]={[\"first_hand_3\"]=true,[\"small_blind\"]=true,[\"big_blind\"]=true,[\"first_hand_4\"]=true,[\"second_hand\"]=true,[\"shop_1\"]=true,[\"first_hand_2\"]=true,[\"first_hand\"]=true,},[\"section\"]=\"second_hand\",[\"completed_parts\"]={[\"first_hand\"]=true,[\"first_hand_3\"]=true,[\"small_blind\"]=true,[\"big_blind\"]=true,[\"first_hand_4\"]=true,[\"shop_1\"]=true,[\"first_hand_section\"]=true,[\"first_hand_2\"]=true,[\"second_hand\"]=true,},},[\"language\"]=\"en-us\",[\"profile\"]=1,[\"WINDOW\"]={[\"vsync\"]=0,[\"display_names\"]={[1]=\"1\",},[\"screenmode\"]=\"Windowed\",[\"DISPLAYS\"]={[1]={[\"screen_resolutions\"]={[\"strings\"]={[1]=\"-\",},[\"values\"]={[1]={[\"w\"]=1280,[\"h\"]=720,},},},[\"DPI_scale\"]=1,[\"MONITOR_DIMS\"]={[\"height\"]=1080,[\"width\"]=1920,},},},[\"selected_display\"]=1,},[\"run_stake_stickers\"]=true,[\"GAMESPEED\"]=4,[\"SOUND\"]={[\"volume\"]=0,[\"music_volume\"]=40.036597086265,[\"game_sounds_volume\"]=100,},[\"music_control\"]={[\"current_track\"]=\"\",[\"desired_track\"]=\"\",[\"lerp\"]=1,},[\"ACHIEVEMENTS_EARNED\"]={[\"card_discarder\"]=true,[\"heads_up\"]=true,[\"retrograde\"]=true,[\"royale\"]=true,[\"_100000k\"]=true,[\"cartomancy\"]=true,[\"flushed\"]=true,[\"mid_stakes\"]=true,[\"low_stakes\"]=true,[\"ante_upper\"]=true,[\"rule_bender\"]=true,[\"roi\"]=true,[\"nest_egg\"]=true,[\"legendary\"]=true,[\"shattered\"]=true,[\"_1000k\"]=true,[\"astronomy\"]=true,[\"_10k\"]=true,[\"ante_up\"]=true,[\"card_player\"]=true,},[\"screenshake\"]=24.824475118468,[\"current_setup\"]=\"New Run\",[\"tutorial_complete\"]=true,[\"ambient_control\"]={[\"ambientFire1\"]={[\"per\"]=1.1,[\"vol\"]=0,},[\"ambientOrgan1\"]={[\"per\"]=0.7,[\"vol\"]=0,},[\"ambientFire2\"]={[\"per\"]=1.05,[\"vol\"]=0,},[\"ambientFire3\"]={[\"per\"]=1,[\"vol\"]=0,},},[\"DEMO\"]={[\"win_CTA_shown\"]=true,[\"quit_CTA_shown\"]=true,[\"timed_CTA_shown\"]=true,[\"total_uptime\"]=35.019211838582,},[\"GRAPHICS\"]={[\"texture_scaling\"]=2,[\"crt\"]=0,[\"shadows\"]=\"Off\",[\"bloom\"]=1,},}"
	 settings_ver = nil
	 new_colour_proto = table: 0x0432d3d0  {Spades:table: 0x0432d638, Hearts:table: 0x0432d4e8, Diamonds:table: 0x0432d5a0, Clubs:table: 0x0432d6f0}
	 sound_files = table: 0x043253e0  {1:ambientFire1.ogg, 2:ambientFire2.ogg, 3:ambientFire3.ogg, 4:ambientOrgan1.ogg, 5:button.ogg, 6:cancel.ogg, 7:card1.ogg, 8:card3.ogg, 9:cardFan2.ogg (more...)}
	 shader_files = table: 0x043119d0  {1:CRT.fs, 2:background.fs, 3:booster.fs, 4:debuff.fs, 5:dissolve.fs, 6:flame.fs, 7:flash.fs, 8:foil.fs, 9:gold_seal.fs, 10:holo.fs, 11:hologram.fs (more...)}
(8) Lua field 'load' at file 'main.lua:948'
(9) Lua function '?' at file 'main.lua:895' (best guess)
(10) global C function 'xpcall'
(11) LÖVE function at file 'boot.lua:368' (best guess)
	Local variables:
	 result = boolean: true
	 main = nil
(12) global C function 'xpcall'
(13) LÖVE function at file 'boot.lua:377' (best guess)
	Local variables:
	 func = Lua function '(LÖVE Function)' (defined at line 355 of chunk [love "boot.lua"])
	 inerror = boolean: true
	 deferErrhand = Lua function '(LÖVE Function)' (defined at line 348 of chunk [love "boot.lua"])
	 earlyinit = Lua function '(LÖVE Function)' (defined at line 355 of chunk [love "boot.lua"])

INFO - [G] file not found: main.lua: No such file or directory
INFO - [G] 2025-04-24 02:16:42 :: INFO  :: StackTrace :: Additional Context:
Balatro Version: 1.0.1o-FULL
Modded Version: 1.0.0~BETA-0323b-STEAMODDED
LÖVE Version: 11.5.0
Lovely Version: 0.7.1
Platform: Windows
Steamodded Mods:
    1: Malverk by Eremel_ [ID: malverk, Priority: -999999, Version: 1.1.3, Uses Lovely]
    2: Kuso Modpack by Kusoro [ID: KusoMods]
    3: Galdur by Eremel_ [ID: galdur, Priority: -10000, Version: 1.2, Uses Lovely]
    4: ULTRAKILL Deck by Wael and cookieee [ID: Ultrakill_deck, Version: 1.0.0]
    5: Dark and Colorful by DaLuigi [ID: darkandcolorful, Version: 1.0.0]
    6: Decksterity by Dexterity [ID: decksterity, Version: 0.2.0]
Lovely Mods:
