INFO - [♥] Lovely 0.7.1
INFO - [♥] Game directory is at "D:\\steamapps\\common\\Balatro"
INFO - [♥] Writing logs to "C:\\users\\steamuser\\AppData\\Roaming\\Balatro\\Mods\\lovely\\log"
INFO - [♥] Using mod directory at "C:\\users\\steamuser\\AppData\\Roaming\\Balatro\\Mods"
INFO - [♥] Cleaning up dumps directory at "C:\\users\\steamuser\\AppData\\Roaming\\Balatro\\Mods\\lovely\\dump"
INFO - [♥] Initialization complete in 99ms
INFO - [♥] Applied 14 patches to 'main.lua'
INFO - [♥] Applied 5 patches to 'engine/controller.lua'
INFO - [♥] Applied 15 patches to 'back.lua'
INFO - [♥] Applied 7 patches to 'tag.lua'
INFO - [♥] Applied 1 patch to 'engine/moveable.lua'
INFO - [♥] Applied 2 patches to 'engine/sprite.lua'
INFO - [♥] Applied 2 patches to 'engine/animatedsprite.lua'
INFO - [♥] Applied 47 patches to 'functions/misc_functions.lua'
INFO - [♥] Applied 33 patches to 'game.lua'
INFO - [♥] Applied 1 patch to 'globals.lua'
INFO - [♥] Applied 3 patches to 'engine/ui.lua'
INFO - [♥] Applied 73 patches to 'functions/UI_definitions.lua'
INFO - [♥] Applied 44 patches to 'functions/state_events.lua'
INFO - [♥] Applied 104 patches to 'functions/common_events.lua'
INFO - [♥] Applied 46 patches to 'functions/button_callbacks.lua'
WARN - [♥] Pattern 'if G.GAME.blind and G.GAME.blind.in_blind then G.E_MANAGER:add_event(Event({ func = function() G.GAME.blind:set_blind(nil, true, nil); return true end })) end' on target 'card.lua' for pattern patch from smods-1.0.0-beta-0323b\lovely\calculate_card_added.toml resulted in 2 matches, wanted 1
WARN - [♥] Ignoring excess matches
INFO - [♥] Applied 151 patches to 'card.lua'
INFO - [♥] Applied 9 patches to 'cardarea.lua'
INFO - [♥] Applied 36 patches to 'blind.lua'
INFO - [♥] Applied 2 patches to 'engine/text.lua'
INFO - [G] Failed to connect to the debug server
INFO - [G] 2025-04-23 00:06:32 :: DEBUG :: DebugConsole :: Steamodded Debug Socket started !
INFO - [♥] Applied 9 patches to 'engine/sound_manager.lua'
INFO - [♥] Applied 1 patch to 'engine/save_manager.lua'
INFO - [G] 2025-04-23 00:06:34 :: TRACE :: Loader :: Processing Mod file (Legacy header): KusoMods.lua
INFO - [G] 2025-04-23 00:06:34 :: TRACE :: Loader :: Saving Mod Info: KusoMods
INFO - [G] 2025-04-23 00:06:34 :: TRACE :: Loader :: Processing Mod file (Legacy header): ultrakillskin.lua
INFO - [G] 2025-04-23 00:06:34 :: TRACE :: Loader :: Saving Mod Info: Ultrakill_deck
INFO - [G] 2025-04-23 00:06:34 :: WARN  :: Loader :: Found lone Lua file wilddeck.lua in Mods directory :: Please place the files for each mod in its own subdirectory.
INFO - [G] 2025-04-23 00:06:34 :: TRACE :: Loader :: Processing Mod file (Legacy header): wilddeck.lua
INFO - [G] 2025-04-23 00:06:34 :: TRACE :: Loader :: Saving Mod Info: wildDeck
INFO - [G] 2025-04-23 00:06:34 :: WARN  :: DeckSkin :: Old DeckSkin formatting detected on DeckSkin UK_hearts_skin!
INFO - [G] 2025-04-23 00:06:34 :: WARN  :: DeckSkin :: Old DeckSkin formatting detected on DeckSkin UK_clubs_skin!
INFO - [G] 2025-04-23 00:06:34 :: WARN  :: DeckSkin :: Old DeckSkin formatting detected on DeckSkin UK_diamonds_skin!
INFO - [G] 2025-04-23 00:06:34 :: WARN  :: DeckSkin :: Old DeckSkin formatting detected on DeckSkin UK_spades_skin!
INFO - [G] 2025-04-23 00:06:34 :: TRACE :: Loader :: Mod wildDeck was unable to load: 
INFO - [G] 2025-04-23 00:06:34 :: INFO  :: TIMER :: [0000] Injected Language in 0.002 ms
INFO - [G] 2025-04-23 00:06:34 :: INFO  :: TIMER :: [0000] Injected [INTERNAL] in 2.701 ms
INFO - [G] 2025-04-23 00:06:35 :: INFO  :: TIMER :: [0010] Injected Atlas in 955.439 ms
INFO - [G] 2025-04-23 00:06:35 :: INFO  :: TIMER :: [0001] Injected Sound in 0.692 ms
INFO - [G] 2025-04-23 00:06:35 :: INFO  :: TIMER :: [0008] Injected Stake in 0.254 ms
INFO - [G] 2025-04-23 00:06:35 :: INFO  :: TIMER :: [0004] Injected Rarity in 0.035 ms
INFO - [G] 2025-04-23 00:06:35 :: INFO  :: TIMER :: [0004] Injected ObjectType in 0.041 ms
INFO - [G] 2025-04-23 00:06:35 :: INFO  :: TIMER :: [0054] Injected Center in 0.673 ms
INFO - [G] 2025-04-23 00:06:35 :: INFO  :: TIMER :: [0007] Injected Undiscovered Sprite in 0.021 ms
INFO - [G] 2025-04-23 00:06:35 :: INFO  :: TIMER :: [0002] Injected Blind in 0.065 ms
INFO - [G] 2025-04-23 00:06:35 :: INFO  :: TIMER :: [0004] Injected Seal in 0.202 ms
INFO - [G] 2025-04-23 00:06:35 :: INFO  :: TIMER :: [0004] Injected Suit in 0.202 ms
INFO - [G] 2025-04-23 00:06:35 :: INFO  :: TIMER :: [0013] Injected Rank in 0.360 ms
INFO - [G] 2025-04-23 00:06:35 :: INFO  :: TIMER :: [0032] Injected DeckSkin in 0.320 ms
INFO - [G] 2025-04-23 00:06:35 :: INFO  :: TIMER :: [0012] Injected PokerHand in 0.196 ms
INFO - [G] 2025-04-23 00:06:35 :: INFO  :: TIMER :: [0020] Injected Challenge in 0.150 ms
INFO - [G] 2025-04-23 00:06:35 :: INFO  :: TIMER :: [0000] Injected Tag in 0.002 ms
INFO - [G] 2025-04-23 00:06:35 :: INFO  :: TIMER :: [0004] Injected Sticker in 0.110 ms
INFO - [G] 2025-04-23 00:06:35 :: INFO  :: TIMER :: [0000] Injected Shader in 0.002 ms
INFO - [G] 2025-04-23 00:06:35 :: INFO  :: TIMER :: [0002] Injected Keybind in 0.022 ms
INFO - [G] 2025-04-23 00:06:35 :: INFO  :: TIMER :: [0000] Injected Achievement in 0.053 ms
INFO - [G] 2025-04-23 00:06:35 :: INFO  :: TIMER :: [0002] Injected nil in 0.018 ms
INFO - [G] 2025-04-23 00:06:35 :: INFO  :: TIMER :: [0021] Injected Draw Step in 0.169 ms
INFO - [G] 2025-04-23 00:06:35 :: INFO  :: TIMER :: [0000] Injected [INTERNAL] in 1.414 ms
INFO - [G] ERROR LOADING GAME: Card area 'shop_booster' not instantiated before load
INFO - [G] ERROR LOADING GAME: Card area 'shop_jokers' not instantiated before load
INFO - [G] ERROR LOADING GAME: Card area 'shop_vouchers' not instantiated before load
INFO - [G] line not found
INFO - [G] file not found: main.lua: No such file or directory
INFO - [G] file not found: main.lua: No such file or directory
INFO - [G] file not found: main.lua: No such file or directory
INFO - [G] file not found: main.lua: No such file or directory
INFO - [G] 2025-04-23 00:08:31 :: ERROR :: StackTrace :: Oops! The game crashed
functions/common_events.lua:2366: attempt to index local 'other' (a nil value)
Stack Traceback
===============
(1) Lua local 'handler' at file 'main.lua:612'
	Local variables:
	 msg = string: "functions/common_events.lua:2366: attempt to index local 'other' (a nil value)"
	 (*temporary) = Lua function '?' (defined at line 31 of chunk [SMODS _ "src/logging.lua"])
	 (*temporary) = string: "Oops! The game crashed\
"
(2) LÖVE metamethod at file 'boot.lua:352'
	Local variables:
	 errhand = Lua function '?' (defined at line 598 of chunk main.lua)
	 handler = Lua function '?' (defined at line 598 of chunk main.lua)
(3) Lua global 'copy_card' at file 'functions/common_events.lua:2366'
	Local variables:
	 other = nil
	 new_card = nil
	 card_scale = nil
	 playing_card = nil
	 strip_edition = nil
	 (*temporary) = table: 0x042f46f8  {get_chip_x_bonus:function: 0x0430b5f8, set_base:function: 0x042f4720, set_card_area:function: 0x0430b2b0, generate_UIBox_unlock_table:function: 0x0430f1a8 (more...)}
	 (*temporary) = number: nan
	 (*temporary) = number: 497
	 (*temporary) = table: 0x0cba6af0  {click_offset:table: 0x04286448, children:table: 0x0423eda0, parent:table: 0x04456f78, T:table: 0x078199a8, offset:table: 0x1474fab0, role:table: 0x042bec98 (more...)}
	 (*temporary) = table: 0x0cba6af0  {click_offset:table: 0x04286448, children:table: 0x0423eda0, parent:table: 0x04456f78, T:table: 0x078199a8, offset:table: 0x1474fab0, role:table: 0x042bec98 (more...)}
	 (*temporary) = table: 0x04126808  {1:table: 0x07793c70, 2:table: 0x147a3510, 3:table: 0x0441cf70, 4:table: 0x0cb826c8, 5:table: 0x0cb7cc28, 6:table: 0x147f16a8, 7:table: 0x14f69418 (more...)}
	 (*temporary) = number: 497
	 (*temporary) = table: 0x0cba6af0  {click_offset:table: 0x04286448, children:table: 0x0423eda0, parent:table: 0x04456f78, T:table: 0x078199a8, offset:table: 0x1474fab0, role:table: 0x042bec98 (more...)}
	 (*temporary) = number: nan
	 (*temporary) = string: "attempt to index local 'other' (a nil value)"
(4) Lua method 'emplace' at file 'KusoMods.lua:287' (from mod with id KusoMods)
	Local variables:
	 self = table: 0x0cb826c8  {click_offset:table: 0x0779d008, children:table: 0x04f504b0, shuffle_amt:0, T:table: 0x04e01e80, offset:table: 0x0cbbcfb8, role:table: 0x14f66298 (more...)}
	 card = table: 0x110c5ed0  {added_to_deck:true, from_area:table: 0x07903058, click_offset:table: 0x04ef2598, highlighted:false, children:table: 0x042bd0d8, ambient_tilt:0.2 (more...)}
	 location = nil
	 stay_flipped = nil
	 added_card_index = number: 0
	 card_neg = boolean: false
	 reditions = table: 0x07919868  {}
	 (for index) = number: 0
	 (for limit) = number: 4
	 (for step) = number: 1
	 i = number: 0
(5) Lua field 'func' at file 'functions/button_callbacks.lua:2478'
(6) Lua method 'handle' at file 'engine/event.lua:55'
	Local variables:
	 self = table: 0x04189a00  {start_timer:true, timer:TOTAL, blockable:true, trigger:after, func:function: 0x04279d10, delay:0.1, complete:false, time:62.207163283849, blocking:true (more...)}
	 _results = table: 0x112b8258  {blocking:true, pause_skip:false, time_done:true, completed:false}
(7) Lua method 'update' at file 'engine/event.lua:182'
	Local variables:
	 self = table: 0x112c0d70  {queue_last_processed:116.68333333333, queues:table: 0x112c0d98, queue_dt:0.016666666666667, queue_timer:116.68466925049}
	 dt = number: 0.00587361
	 forced = nil
	 (for generator) = C function: next
	 (for state) = table: 0x112c0d98  {unlock:table: 0x112c0dc0, other:table: 0x112c1238, tutorial:table: 0x112c0e10, base:table: 0x112c0de8, achievement:table: 0x112c1210}
	 (for control) = number: nan
	 k = string: "base"
	 v = table: 0x112c0de8  {1:table: 0x04480050, 2:table: 0x04189a00}
	 blocked = boolean: false
	 i = number: 2
	 results = table: 0x112b8258  {blocking:true, pause_skip:false, time_done:true, completed:false}
(8) Lua upvalue 'gameUpdateRef' at file 'game.lua:2549'
	Local variables:
	 self = table: 0x04122070  {F_GUIDE:false, F_CRASH_REPORTS:false, F_QUIT_BUTTON:true, HUD_tags:table: 0x078c9e30, F_ENGLISH_ONLY:false, viewed_stake:1, HUD:table: 0x078531e8 (more...)}
	 dt = number: 0.00587361
	 http_resp = nil
(9) Lua method 'update' at Steamodded file 'src/ui.lua:84' 
	Local variables:
	 self = table: 0x04122070  {F_GUIDE:false, F_CRASH_REPORTS:false, F_QUIT_BUTTON:true, HUD_tags:table: 0x078c9e30, F_ENGLISH_ONLY:false, viewed_stake:1, HUD:table: 0x078531e8 (more...)}
	 dt = number: 0.00587361
(10) Lua field 'update' at file 'main.lua:995'
	Local variables:
	 dt = number: 0.00587361
(11) Lua function '?' at file 'main.lua:934' (best guess)
(12) global C function 'xpcall'
(13) LÖVE function at file 'boot.lua:377' (best guess)
	Local variables:
	 func = Lua function '?' (defined at line 905 of chunk main.lua)
	 inerror = boolean: true
	 deferErrhand = Lua function '(LÖVE Function)' (defined at line 348 of chunk [love "boot.lua"])
	 earlyinit = Lua function '(LÖVE Function)' (defined at line 355 of chunk [love "boot.lua"])

INFO - [G] file not found: main.lua: No such file or directory
INFO - [G] file not found: main.lua: No such file or directory
INFO - [G] 2025-04-23 00:08:31 :: INFO  :: StackTrace :: Additional Context:
Balatro Version: 1.0.1o-FULL
Modded Version: 1.0.0~BETA-0323b-STEAMODDED
LÖVE Version: 11.5.0
Lovely Version: 0.7.1
Platform: Windows
Steamodded Mods:
    1: ULTRAKILL Deck by Wael and cookieee [ID: Ultrakill_deck, Version: 1.0.0]
    2: Kuso Modpack by Kusoro [ID: KusoMods]
Lovely Mods:
