INFO - [♥] Lovely 0.7.1
INFO - [♥] Game directory is at "D:\\steamapps\\common\\Balatro"
INFO - [♥] Writing logs to "C:\\users\\steamuser\\AppData\\Roaming\\Balatro\\Mods\\lovely\\log"
INFO - [♥] Using mod directory at "C:\\users\\steamuser\\AppData\\Roaming\\Balatro\\Mods"
INFO - [♥] Cleaning up dumps directory at "C:\\users\\steamuser\\AppData\\Roaming\\Balatro\\Mods\\lovely\\dump"
INFO - [♥] Initialization complete in 168ms
INFO - [♥] Applied 14 patches to 'main.lua'
INFO - [♥] Applied 5 patches to 'engine/controller.lua'
INFO - [♥] Applied 15 patches to 'back.lua'
INFO - [♥] Applied 7 patches to 'tag.lua'
INFO - [♥] Applied 1 patch to 'engine/moveable.lua'
INFO - [♥] Applied 2 patches to 'engine/sprite.lua'
INFO - [♥] Applied 2 patches to 'engine/animatedsprite.lua'
INFO - [♥] Applied 47 patches to 'functions/misc_functions.lua'
INFO - [♥] Applied 33 patches to 'game.lua'
INFO - [♥] Applied 1 patch to 'globals.lua'
INFO - [♥] Applied 3 patches to 'engine/ui.lua'
INFO - [♥] Applied 73 patches to 'functions/UI_definitions.lua'
INFO - [♥] Applied 44 patches to 'functions/state_events.lua'
INFO - [♥] Applied 104 patches to 'functions/common_events.lua'
INFO - [♥] Applied 46 patches to 'functions/button_callbacks.lua'
WARN - [♥] Pattern 'if G.GAME.blind and G.GAME.blind.in_blind then G.E_MANAGER:add_event(Event({ func = function() G.GAME.blind:set_blind(nil, true, nil); return true end })) end' on target 'card.lua' for pattern patch from smods-1.0.0-beta-0323b\lovely\calculate_card_added.toml resulted in 2 matches, wanted 1
WARN - [♥] Ignoring excess matches
INFO - [♥] Applied 151 patches to 'card.lua'
INFO - [♥] Applied 9 patches to 'cardarea.lua'
INFO - [♥] Applied 36 patches to 'blind.lua'
INFO - [♥] Applied 2 patches to 'engine/text.lua'
INFO - [G] Failed to connect to the debug server
INFO - [G] 2025-04-23 00:08:57 :: DEBUG :: DebugConsole :: Steamodded Debug Socket started !
INFO - [♥] Applied 9 patches to 'engine/sound_manager.lua'
INFO - [♥] Applied 1 patch to 'engine/save_manager.lua'
INFO - [G] 2025-04-23 00:08:59 :: TRACE :: Loader :: Processing Mod file (Legacy header): KusoMods.lua
INFO - [G] 2025-04-23 00:08:59 :: TRACE :: Loader :: Saving Mod Info: KusoMods
INFO - [G] 2025-04-23 00:08:59 :: TRACE :: Loader :: Processing Mod file (Legacy header): ultrakillskin.lua
INFO - [G] 2025-04-23 00:08:59 :: TRACE :: Loader :: Saving Mod Info: Ultrakill_deck
INFO - [G] 2025-04-23 00:08:59 :: WARN  :: Loader :: Found lone Lua file wilddeck.lua in Mods directory :: Please place the files for each mod in its own subdirectory.
INFO - [G] 2025-04-23 00:08:59 :: TRACE :: Loader :: Processing Mod file (Legacy header): wilddeck.lua
INFO - [G] 2025-04-23 00:08:59 :: TRACE :: Loader :: Saving Mod Info: wildDeck
INFO - [G] 2025-04-23 00:08:59 :: WARN  :: DeckSkin :: Old DeckSkin formatting detected on DeckSkin UK_hearts_skin!
INFO - [G] 2025-04-23 00:08:59 :: WARN  :: DeckSkin :: Old DeckSkin formatting detected on DeckSkin UK_clubs_skin!
INFO - [G] 2025-04-23 00:08:59 :: WARN  :: DeckSkin :: Old DeckSkin formatting detected on DeckSkin UK_diamonds_skin!
INFO - [G] 2025-04-23 00:08:59 :: WARN  :: DeckSkin :: Old DeckSkin formatting detected on DeckSkin UK_spades_skin!
INFO - [G] 2025-04-23 00:08:59 :: TRACE :: Loader :: Mod wildDeck was unable to load: 
INFO - [G] 2025-04-23 00:08:59 :: INFO  :: TIMER :: [0000] Injected Language in 0.002 ms
INFO - [G] 2025-04-23 00:08:59 :: INFO  :: TIMER :: [0000] Injected [INTERNAL] in 2.940 ms
INFO - [G] 2025-04-23 00:09:00 :: INFO  :: TIMER :: [0010] Injected Atlas in 944.137 ms
INFO - [G] 2025-04-23 00:09:00 :: INFO  :: TIMER :: [0001] Injected Sound in 0.737 ms
INFO - [G] 2025-04-23 00:09:00 :: INFO  :: TIMER :: [0008] Injected Stake in 0.442 ms
INFO - [G] 2025-04-23 00:09:00 :: INFO  :: TIMER :: [0004] Injected Rarity in 0.114 ms
INFO - [G] 2025-04-23 00:09:00 :: INFO  :: TIMER :: [0004] Injected ObjectType in 0.049 ms
INFO - [G] 2025-04-23 00:09:00 :: INFO  :: TIMER :: [0054] Injected Center in 0.757 ms
INFO - [G] 2025-04-23 00:09:00 :: INFO  :: TIMER :: [0007] Injected Undiscovered Sprite in 0.019 ms
INFO - [G] 2025-04-23 00:09:00 :: INFO  :: TIMER :: [0002] Injected Blind in 0.023 ms
INFO - [G] 2025-04-23 00:09:00 :: INFO  :: TIMER :: [0004] Injected Seal in 0.162 ms
INFO - [G] 2025-04-23 00:09:00 :: INFO  :: TIMER :: [0004] Injected Suit in 0.076 ms
INFO - [G] 2025-04-23 00:09:00 :: INFO  :: TIMER :: [0013] Injected Rank in 0.095 ms
INFO - [G] 2025-04-23 00:09:00 :: INFO  :: TIMER :: [0032] Injected DeckSkin in 0.477 ms
INFO - [G] 2025-04-23 00:09:00 :: INFO  :: TIMER :: [0012] Injected PokerHand in 0.051 ms
INFO - [G] 2025-04-23 00:09:00 :: INFO  :: TIMER :: [0020] Injected Challenge in 0.079 ms
INFO - [G] 2025-04-23 00:09:00 :: INFO  :: TIMER :: [0000] Injected Tag in 0.027 ms
INFO - [G] 2025-04-23 00:09:00 :: INFO  :: TIMER :: [0004] Injected Sticker in 0.112 ms
INFO - [G] 2025-04-23 00:09:00 :: INFO  :: TIMER :: [0000] Injected Shader in 0.002 ms
INFO - [G] 2025-04-23 00:09:00 :: INFO  :: TIMER :: [0002] Injected Keybind in 0.020 ms
INFO - [G] 2025-04-23 00:09:00 :: INFO  :: TIMER :: [0000] Injected Achievement in 0.055 ms
INFO - [G] 2025-04-23 00:09:00 :: INFO  :: TIMER :: [0002] Injected nil in 0.022 ms
INFO - [G] 2025-04-23 00:09:00 :: INFO  :: TIMER :: [0021] Injected Draw Step in 0.911 ms
INFO - [G] 2025-04-23 00:09:00 :: INFO  :: TIMER :: [0000] Injected [INTERNAL] in 1.747 ms
INFO - [G] 2025-04-23 00:10:54 :: WARN  :: Back :: Found `trigger_effect` function on SMODS.Back object "b_kuso_ksrrpldeck". This field is deprecated; please use `calculate` instead.
INFO - [G] 2025-04-23 00:11:14 :: WARN  :: Back :: Found `trigger_effect` function on SMODS.Back object "b_kuso_ksrrpldeck". This field is deprecated; please use `calculate` instead.
INFO - [G] 2025-04-23 00:11:54 :: WARN  :: Back :: Found `trigger_effect` function on SMODS.Back object "b_kuso_ksrrpldeck". This field is deprecated; please use `calculate` instead.
INFO - [G] 2025-04-23 00:12:17 :: WARN  :: Back :: Found `trigger_effect` function on SMODS.Back object "b_kuso_ksrrpldeck". This field is deprecated; please use `calculate` instead.
INFO - [G] 2025-04-23 00:13:03 :: WARN  :: Back :: Found `trigger_effect` function on SMODS.Back object "b_kuso_ksrrpldeck". This field is deprecated; please use `calculate` instead.
INFO - [G] 2025-04-23 00:13:14 :: WARN  :: Back :: Found `trigger_effect` function on SMODS.Back object "b_kuso_ksrrpldeck". This field is deprecated; please use `calculate` instead.
INFO - [G] 2025-04-23 00:13:56 :: WARN  :: Back :: Found `trigger_effect` function on SMODS.Back object "b_kuso_ksrrpldeck". This field is deprecated; please use `calculate` instead.
INFO - [G] 2025-04-23 00:14:06 :: WARN  :: Back :: Found `trigger_effect` function on SMODS.Back object "b_kuso_ksrrpldeck". This field is deprecated; please use `calculate` instead.
INFO - [G] 2025-04-23 00:14:15 :: WARN  :: Back :: Found `trigger_effect` function on SMODS.Back object "b_kuso_ksrrpldeck". This field is deprecated; please use `calculate` instead.
INFO - [G] 2025-04-23 00:14:23 :: WARN  :: Back :: Found `trigger_effect` function on SMODS.Back object "b_kuso_ksrrpldeck". This field is deprecated; please use `calculate` instead.
