INFO - [♥] Lovely 0.7.1
INFO - [♥] Game directory is at "D:\\steamapps\\common\\Balatro"
INFO - [♥] Writing logs to "C:\\users\\steamuser\\AppData\\Roaming\\Balatro\\Mods\\lovely\\log"
INFO - [♥] Using mod directory at "C:\\users\\steamuser\\AppData\\Roaming\\Balatro\\Mods"
INFO - [♥] Found .lovelyignore in 'Wild Deck', skipping it.
INFO - [♥] Cleaning up dumps directory at "C:\\users\\steamuser\\AppData\\Roaming\\Balatro\\Mods\\lovely\\dump"
INFO - [♥] Initialization complete in 118ms
INFO - [♥] Applied 14 patches to 'main.lua'
INFO - [♥] Applied 6 patches to 'engine/controller.lua'
INFO - [♥] Applied 15 patches to 'back.lua'
INFO - [♥] Applied 7 patches to 'tag.lua'
INFO - [♥] Applied 1 patch to 'engine/moveable.lua'
INFO - [♥] Applied 2 patches to 'engine/sprite.lua'
INFO - [♥] Applied 2 patches to 'engine/animatedsprite.lua'
INFO - [♥] Applied 47 patches to 'functions/misc_functions.lua'
INFO - [♥] Applied 34 patches to 'game.lua'
INFO - [♥] Applied 1 patch to 'globals.lua'
INFO - [♥] Applied 3 patches to 'engine/ui.lua'
INFO - [♥] Applied 76 patches to 'functions/UI_definitions.lua'
INFO - [♥] Applied 44 patches to 'functions/state_events.lua'
INFO - [♥] Applied 104 patches to 'functions/common_events.lua'
INFO - [♥] Applied 46 patches to 'functions/button_callbacks.lua'
WARN - [♥] Pattern 'if G.GAME.blind and G.GAME.blind.in_blind then G.E_MANAGER:add_event(Event({ func = function() G.GAME.blind:set_blind(nil, true, nil); return true end })) end' on target 'card.lua' for pattern patch from !steammodded\lovely\calculate_card_added.toml resulted in 2 matches, wanted 1
WARN - [♥] Ignoring excess matches
WARN - [♥] Pattern 'local currentBack = self.params.viewed_back and G.GAME.viewed_back or G.GAME.selected_back' on target 'card.lua' for pattern patch from Galdur-1.2\lovely.toml resulted in no matches
INFO - [♥] Applied 157 patches to 'card.lua'
INFO - [♥] Applied 9 patches to 'cardarea.lua'
INFO - [♥] Applied 36 patches to 'blind.lua'
INFO - [♥] Applied 2 patches to 'engine/text.lua'
INFO - [G] Failed to connect to the debug server
INFO - [G] 2025-04-24 02:45:49 :: DEBUG :: DebugConsole :: Steamodded Debug Socket started !
INFO - [♥] Applied 1 patch to 'engine/save_manager.lua'
INFO - [♥] Applied 9 patches to 'engine/sound_manager.lua'
INFO - [G] 2025-04-24 02:45:51 :: TRACE :: Loader :: Processing Mod file (Legacy header): main.lua
INFO - [G] 2025-04-24 02:45:51 :: TRACE :: Loader :: Saving Mod Info: darkandcolorful
INFO - [G] 2025-04-24 02:45:51 :: TRACE :: Loader :: Processing Mod file (Legacy header): suits.lua
INFO - [G] 2025-04-24 02:45:51 :: TRACE :: Loader :: Saving Mod Info: darkandcolorfulsuits
INFO - [G] 2025-04-24 02:45:51 :: INFO  :: DefaultLogger :: Valid JSON file found
INFO - [G] 2025-04-24 02:45:51 :: INFO  :: DefaultLogger :: Valid JSON file found
INFO - [G] 2025-04-24 02:45:51 :: TRACE :: Loader :: Processing Mod file (Legacy header): KusoMods.lua
INFO - [G] 2025-04-24 02:45:51 :: TRACE :: Loader :: Saving Mod Info: KusoMods
INFO - [G] 2025-04-24 02:45:51 :: INFO  :: DefaultLogger :: Valid JSON file found
INFO - [G] 2025-04-24 02:45:51 :: TRACE :: Loader :: Processing Mod file (Legacy header): ultrakillskin.lua
INFO - [G] 2025-04-24 02:45:51 :: TRACE :: Loader :: Saving Mod Info: Ultrakill_deck
INFO - [G] 2025-04-24 02:45:51 :: TRACE :: Loader :: Processing Mod file (Legacy header): wilddeck.lua
INFO - [G] 2025-04-24 02:45:51 :: TRACE :: Loader :: Saving Mod Info: wildDeck
INFO - [G] 2025-04-24 02:45:51 :: WARN  :: DeckSkin :: Old DeckSkin formatting detected on DeckSkin UK_hearts_skin!
INFO - [G] 2025-04-24 02:45:51 :: WARN  :: DeckSkin :: Old DeckSkin formatting detected on DeckSkin UK_clubs_skin!
INFO - [G] 2025-04-24 02:45:51 :: WARN  :: DeckSkin :: Old DeckSkin formatting detected on DeckSkin UK_diamonds_skin!
INFO - [G] 2025-04-24 02:45:51 :: WARN  :: DeckSkin :: Old DeckSkin formatting detected on DeckSkin UK_spades_skin!
INFO - [G] 2025-04-24 02:45:51 :: TRACE :: Loader :: Mod darkandcolorfulsuits was unable to load: 
INFO - [G] 2025-04-24 02:45:51 :: TRACE :: Loader :: Mod wildDeck was unable to load: 
INFO - [G] 2025-04-24 02:45:51 :: INFO  :: TIMER :: [0000] Injected Language in 0.003 ms
INFO - [G] 2025-04-24 02:45:51 :: INFO  :: TIMER :: [0000] Injected [INTERNAL] in 2.724 ms
INFO - [G] 2025-04-24 02:45:51 :: INFO  :: TIMER :: [0012] Injected Atlas in 115.967 ms
INFO - [G] 2025-04-24 02:45:51 :: INFO  :: TIMER :: [0001] Injected Sound in 0.813 ms
INFO - [G] 2025-04-24 02:45:51 :: INFO  :: TIMER :: [0008] Injected Stake in 0.322 ms
INFO - [G] 2025-04-24 02:45:51 :: INFO  :: TIMER :: [0004] Injected Rarity in 0.030 ms
INFO - [G] 2025-04-24 02:45:51 :: INFO  :: TIMER :: [0004] Injected ObjectType in 0.039 ms
INFO - [G] 2025-04-24 02:45:51 :: INFO  :: TIMER :: [0057] Injected Center in 0.808 ms
INFO - [G] 2025-04-24 02:45:51 :: INFO  :: TIMER :: [0007] Injected Undiscovered Sprite in 0.013 ms
INFO - [G] 2025-04-24 02:45:51 :: INFO  :: TIMER :: [0002] Injected Blind in 0.016 ms
INFO - [G] 2025-04-24 02:45:51 :: INFO  :: TIMER :: [0004] Injected Seal in 0.161 ms
INFO - [G] 2025-04-24 02:45:51 :: INFO  :: TIMER :: [0004] Injected Suit in 0.089 ms
INFO - [G] 2025-04-24 02:45:51 :: INFO  :: TIMER :: [0013] Injected Rank in 0.212 ms
INFO - [G] 2025-04-24 02:45:51 :: INFO  :: TIMER :: [0032] Injected DeckSkin in 0.355 ms
INFO - [G] 2025-04-24 02:45:51 :: INFO  :: TIMER :: [0012] Injected PokerHand in 0.064 ms
INFO - [G] 2025-04-24 02:45:51 :: INFO  :: TIMER :: [0020] Injected Challenge in 0.038 ms
INFO - [G] 2025-04-24 02:45:51 :: INFO  :: TIMER :: [0000] Injected Tag in 0.003 ms
INFO - [G] 2025-04-24 02:45:51 :: INFO  :: TIMER :: [0004] Injected Sticker in 0.094 ms
INFO - [G] 2025-04-24 02:45:51 :: INFO  :: TIMER :: [0001] Injected Shader in 11.341 ms
INFO - [G] 2025-04-24 02:45:51 :: INFO  :: TIMER :: [0002] Injected Keybind in 0.021 ms
INFO - [G] 2025-04-24 02:45:51 :: INFO  :: TIMER :: [0000] Injected Achievement in 0.075 ms
INFO - [G] 2025-04-24 02:45:51 :: INFO  :: TIMER :: [0002] Injected nil in 0.021 ms
INFO - [G] 2025-04-24 02:45:51 :: INFO  :: TIMER :: [0021] Injected Draw Step in 0.170 ms
INFO - [G] 2025-04-24 02:45:51 :: INFO  :: TIMER :: [0000] Injected [INTERNAL] in 8.421 ms
INFO - [G] 2025-04-24 02:45:51 :: INFO  :: TIMER :: [0011] Injected AltTexture in 438.597 ms
INFO - [G] 2025-04-24 02:45:51 :: INFO  :: TIMER :: [0001] Injected Texture Pack in 0.057 ms
INFO - [G] line not found
INFO - [G] file not found: main.lua: No such file or directory
INFO - [G] file not found: main.lua: No such file or directory
INFO - [G] file not found: main.lua: No such file or directory
INFO - [G] file not found: main.lua: No such file or directory
INFO - [G] 2025-04-24 02:45:59 :: ERROR :: StackTrace :: Oops! The game crashed
[SMODS _ "src/game_object.lua"]:3199: attempt to index field 'edition' (a nil value)
Stack Traceback
===============
(1) Lua local 'handler' at file 'main.lua:612'
	Local variables:
	 msg = string: "[SMODS _ \"src/game_object.lua\"]:3199: attempt to index field 'edition' (a nil value)"
	 (*temporary) = Lua function '?' (defined at line 31 of chunk [SMODS _ "src/logging.lua"])
	 (*temporary) = string: "Oops! The game crashed\
"
(2) LÖVE metamethod at file 'boot.lua:352'
	Local variables:
	 errhand = Lua function '?' (defined at line 598 of chunk main.lua)
	 handler = Lua function '?' (defined at line 598 of chunk main.lua)
(3) Lua method 'loc_vars' at Steamodded file 'src/game_object.lua:3199' 
	Local variables:
	 self = table: 0x0cd0b858  {alerted:true, weight:3, _saved_d_u:true, original_key:polychrome, unlocked:true, _u:true, registered:true, prefix_config:table: 0x0bbf5978, key:e_polychrome (more...)}
	 info_queue = table: 0x04aea268  {}
	 card = table: 0x06b40308  {click_offset:table: 0x06b40468, children:table: 0x06b41480, ambient_tilt:0.2, parent:table: 0x06ae9be0, T:table: 0x06b404d0, offset:table: 0x06b411e8 (more...)}
	 (*temporary) = table: 0x0cd004d0  {}
	 (*temporary) = table: 0x06e77ae0  {}
	 (*temporary) = nil
	 (*temporary) = string: "attempt to index field 'edition' (a nil value)"
(4) Lua method 'generate_ui' at Steamodded file 'src/game_object.lua:1070' 
	Local variables:
	 self = table: 0x0cd0b858  {alerted:true, weight:3, _saved_d_u:true, original_key:polychrome, unlocked:true, _u:true, registered:true, prefix_config:table: 0x0bbf5978, key:e_polychrome (more...)}
	 info_queue = table: 0x04aea268  {}
	 card = table: 0x06b40308  {click_offset:table: 0x06b40468, children:table: 0x06b41480, ambient_tilt:0.2, parent:table: 0x06ae9be0, T:table: 0x06b404d0, offset:table: 0x06b411e8 (more...)}
	 desc_nodes = table: 0x13b53160  {}
	 specific_vars = nil
	 full_UI_table = table: 0x13b39b68  {badges:table: 0x13b764d0, info:table: 0x09838010, main:table: 0x13b53160, card_type:Edition, type:table: 0x04ae6540}
	 target = table: 0x04af9060  {vars:table: 0x0cd51ee8, set:Edition, type:descriptions, nodes:table: 0x13b53160, key:e_polychrome}
	 res = table: 0x04329540  {}
(5) Lua method 'generate_UIBox_ability_table' at file 'functions/common_events.lua:2781'
	Local variables:
	 _c = table: 0x0cd0b858  {alerted:true, weight:3, _saved_d_u:true, original_key:polychrome, unlocked:true, _u:true, registered:true, prefix_config:table: 0x0bbf5978, key:e_polychrome (more...)}
	 full_UI_table = table: 0x13b39b68  {badges:table: 0x13b764d0, info:table: 0x09838010, main:table: 0x13b53160, card_type:Edition, type:table: 0x04ae6540}
	 specific_vars = nil
	 card_type = string: "Edition"
	 badges = table: 0x13b764d0  {card_type:Edition}
	 hide_desc = nil
	 main_start = nil
	 main_end = nil
	 card = table: 0x06b40308  {click_offset:table: 0x06b40468, children:table: 0x06b41480, ambient_tilt:0.2, parent:table: 0x06ae9be0, T:table: 0x06b404d0, offset:table: 0x06b411e8 (more...)}
	 first_pass = boolean: true
	 desc_nodes = table: 0x13b53160  {}
	 name_override = nil
	 info_queue = table: 0x04aea268  {}
	 loc_vars = table: 0x04af0890  {}
	 cfg = table: 0x06b44c70  {bonus:0, x_mult:1.5, x_chips:1, extra:1.5, h_size:0, h_chips:0, hands_played_at_create:0, mult:0, perma_x_mult:0, perma_h_mult:0, perma_h_dollars:0 (more...)}
(6) Lua upvalue 'card_hover_ref' at file 'card.lua:4550'
	Local variables:
	 self = table: 0x06b40308  {click_offset:table: 0x06b40468, children:table: 0x06b41480, ambient_tilt:0.2, parent:table: 0x06ae9be0, T:table: 0x06b404d0, offset:table: 0x06b411e8 (more...)}
(7) Lua upvalue 'card_hover_ref' at file 'utils/ui.lua:280' (from mod with id malverk)
	Local variables:
	 self = table: 0x06b40308  {click_offset:table: 0x06b40468, children:table: 0x06b41480, ambient_tilt:0.2, parent:table: 0x06ae9be0, T:table: 0x06b404d0, offset:table: 0x06b411e8 (more...)}
(8) Lua method 'hover' at file 'galdur.lua:155' (from mod with id galdur)
	Local variables:
	 self = table: 0x06b40308  {click_offset:table: 0x06b40468, children:table: 0x06b41480, ambient_tilt:0.2, parent:table: 0x06ae9be0, T:table: 0x06b404d0, offset:table: 0x06b411e8 (more...)}
(9) Lua method 'update' at file 'engine/controller.lua:399'
	Local variables:
	 self = table: 0x045d5be8  {held_button_times:table: 0x043a73f0, focus_cursor_stack_level:1, snap_cursor_to:table: 0x13b755d0, interrupt:table: 0x043a7440, GAMEPAD:table: 0x0440fc78 (more...)}
	 dt = number: 0.0101774
(10) Lua upvalue 'gameUpdateRef' at file 'game.lua:2686'
	Local variables:
	 self = table: 0x04324b50  {F_GUIDE:false, F_CRASH_REPORTS:false, F_QUIT_BUTTON:true, HUD_tags:table: 0x13952758, F_ENGLISH_ONLY:false, viewed_stake:1, HUD:table: 0x13998a68 (more...)}
	 dt = number: 0
(11) Lua method 'update' at Steamodded file 'src/ui.lua:84' 
	Local variables:
	 self = table: 0x04324b50  {F_GUIDE:false, F_CRASH_REPORTS:false, F_QUIT_BUTTON:true, HUD_tags:table: 0x13952758, F_ENGLISH_ONLY:false, viewed_stake:1, HUD:table: 0x13998a68 (more...)}
	 dt = number: 0.0101774
(12) Lua field 'update' at file 'main.lua:995'
	Local variables:
	 dt = number: 0.0101774
(13) Lua function '?' at file 'main.lua:934' (best guess)
(14) global C function 'xpcall'
(15) LÖVE function at file 'boot.lua:377' (best guess)
	Local variables:
	 func = Lua function '?' (defined at line 905 of chunk main.lua)
	 inerror = boolean: true
	 deferErrhand = Lua function '(LÖVE Function)' (defined at line 348 of chunk [love "boot.lua"])
	 earlyinit = Lua function '(LÖVE Function)' (defined at line 355 of chunk [love "boot.lua"])

INFO - [G] file not found: main.lua: No such file or directory
INFO - [G] file not found: main.lua: No such file or directory
INFO - [G] 2025-04-24 02:45:59 :: INFO  :: StackTrace :: Additional Context:
Balatro Version: 1.0.1o-FULL
Modded Version: 1.0.0~BETA-0323b-STEAMODDED
LÖVE Version: 11.5.0
Lovely Version: 0.7.1
Platform: Windows
Steamodded Mods:
    1: Malverk by Eremel_ [ID: malverk, Priority: -999999, Version: 1.1.3, Uses Lovely]
    2: Kuso Modpack by Kusoro [ID: KusoMods]
    3: Galdur by Eremel_ [ID: galdur, Priority: -10000, Version: 1.2, Uses Lovely]
    4: ULTRAKILL Deck by Wael and cookieee [ID: Ultrakill_deck, Version: 1.0.0]
    5: Dark and Colorful by DaLuigi [ID: darkandcolorful, Version: 1.0.0]
    6: Decksterity by Dexterity [ID: decksterity, Version: 0.2.0]
Lovely Mods:
