INFO - [♥] Lovely 0.7.1
INFO - [♥] Game directory is at "D:\\steamapps\\common\\Balatro"
INFO - [♥] Writing logs to "C:\\users\\steamuser\\AppData\\Roaming\\Balatro\\Mods\\lovely\\log"
INFO - [♥] Using mod directory at "C:\\users\\steamuser\\AppData\\Roaming\\Balatro\\Mods"
INFO - [♥] Found .lovelyignore in 'Wild Deck', skipping it.
INFO - [♥] Cleaning up dumps directory at "C:\\users\\steamuser\\AppData\\Roaming\\Balatro\\Mods\\lovely\\dump"
INFO - [♥] Initialization complete in 134ms
INFO - [♥] Applied 14 patches to 'main.lua'
INFO - [♥] Applied 6 patches to 'engine/controller.lua'
INFO - [♥] Applied 15 patches to 'back.lua'
INFO - [♥] Applied 7 patches to 'tag.lua'
INFO - [♥] Applied 1 patch to 'engine/moveable.lua'
INFO - [♥] Applied 2 patches to 'engine/sprite.lua'
INFO - [♥] Applied 2 patches to 'engine/animatedsprite.lua'
INFO - [♥] Applied 47 patches to 'functions/misc_functions.lua'
INFO - [♥] Applied 34 patches to 'game.lua'
INFO - [♥] Applied 1 patch to 'globals.lua'
INFO - [♥] Applied 3 patches to 'engine/ui.lua'
INFO - [♥] Applied 76 patches to 'functions/UI_definitions.lua'
INFO - [♥] Applied 44 patches to 'functions/state_events.lua'
INFO - [♥] Applied 104 patches to 'functions/common_events.lua'
INFO - [♥] Applied 46 patches to 'functions/button_callbacks.lua'
WARN - [♥] Pattern 'if G.GAME.blind and G.GAME.blind.in_blind then G.E_MANAGER:add_event(Event({ func = function() G.GAME.blind:set_blind(nil, true, nil); return true end })) end' on target 'card.lua' for pattern patch from !steammodded\lovely\calculate_card_added.toml resulted in 2 matches, wanted 1
WARN - [♥] Ignoring excess matches
WARN - [♥] Pattern 'local currentBack = self.params.viewed_back and G.GAME.viewed_back or G.GAME.selected_back' on target 'card.lua' for pattern patch from Galdur-1.2\lovely.toml resulted in no matches
INFO - [♥] Applied 157 patches to 'card.lua'
INFO - [♥] Applied 9 patches to 'cardarea.lua'
INFO - [♥] Applied 36 patches to 'blind.lua'
INFO - [♥] Applied 2 patches to 'engine/text.lua'
INFO - [G] Failed to connect to the debug server
INFO - [G] 2025-04-24 02:23:36 :: DEBUG :: DebugConsole :: Steamodded Debug Socket started !
INFO - [♥] Applied 9 patches to 'engine/sound_manager.lua'
INFO - [♥] Applied 1 patch to 'engine/save_manager.lua'
INFO - [G] 2025-04-24 02:23:38 :: TRACE :: Loader :: Processing Mod file (Legacy header): main.lua
INFO - [G] 2025-04-24 02:23:38 :: TRACE :: Loader :: Saving Mod Info: darkandcolorful
INFO - [G] 2025-04-24 02:23:38 :: TRACE :: Loader :: Processing Mod file (Legacy header): suits.lua
INFO - [G] 2025-04-24 02:23:38 :: TRACE :: Loader :: Saving Mod Info: darkandcolorfulsuits
INFO - [G] 2025-04-24 02:23:38 :: INFO  :: DefaultLogger :: Valid JSON file found
INFO - [G] 2025-04-24 02:23:38 :: INFO  :: DefaultLogger :: Valid JSON file found
INFO - [G] 2025-04-24 02:23:38 :: TRACE :: Loader :: Processing Mod file (Legacy header): KusoMods.lua
INFO - [G] 2025-04-24 02:23:38 :: TRACE :: Loader :: Saving Mod Info: KusoMods
INFO - [G] 2025-04-24 02:23:38 :: INFO  :: DefaultLogger :: Valid JSON file found
INFO - [G] 2025-04-24 02:23:38 :: TRACE :: Loader :: Processing Mod file (Legacy header): ultrakillskin.lua
INFO - [G] 2025-04-24 02:23:38 :: TRACE :: Loader :: Saving Mod Info: Ultrakill_deck
INFO - [G] 2025-04-24 02:23:38 :: TRACE :: Loader :: Processing Mod file (Legacy header): wilddeck.lua
INFO - [G] 2025-04-24 02:23:38 :: TRACE :: Loader :: Saving Mod Info: wildDeck
INFO - [G] 2025-04-24 02:23:38 :: WARN  :: DeckSkin :: Old DeckSkin formatting detected on DeckSkin UK_hearts_skin!
INFO - [G] 2025-04-24 02:23:38 :: WARN  :: DeckSkin :: Old DeckSkin formatting detected on DeckSkin UK_clubs_skin!
INFO - [G] 2025-04-24 02:23:38 :: WARN  :: DeckSkin :: Old DeckSkin formatting detected on DeckSkin UK_diamonds_skin!
INFO - [G] 2025-04-24 02:23:38 :: WARN  :: DeckSkin :: Old DeckSkin formatting detected on DeckSkin UK_spades_skin!
INFO - [G] 2025-04-24 02:23:38 :: TRACE :: Loader :: Mod darkandcolorfulsuits was unable to load: 
INFO - [G] 2025-04-24 02:23:38 :: TRACE :: Loader :: Mod wildDeck was unable to load: 
INFO - [G] 2025-04-24 02:23:38 :: INFO  :: TIMER :: [0000] Injected Language in 0.003 ms
INFO - [G] 2025-04-24 02:23:38 :: INFO  :: TIMER :: [0000] Injected [INTERNAL] in 3.192 ms
INFO - [G] 2025-04-24 02:23:38 :: INFO  :: TIMER :: [0012] Injected Atlas in 112.821 ms
INFO - [G] 2025-04-24 02:23:38 :: INFO  :: TIMER :: [0001] Injected Sound in 0.771 ms
INFO - [G] 2025-04-24 02:23:38 :: INFO  :: TIMER :: [0008] Injected Stake in 0.287 ms
INFO - [G] 2025-04-24 02:23:38 :: INFO  :: TIMER :: [0004] Injected Rarity in 0.037 ms
INFO - [G] 2025-04-24 02:23:38 :: INFO  :: TIMER :: [0004] Injected ObjectType in 0.042 ms
INFO - [G] 2025-04-24 02:23:38 :: INFO  :: TIMER :: [0057] Injected Center in 1.043 ms
INFO - [G] 2025-04-24 02:23:38 :: INFO  :: TIMER :: [0007] Injected Undiscovered Sprite in 0.016 ms
INFO - [G] 2025-04-24 02:23:38 :: INFO  :: TIMER :: [0002] Injected Blind in 0.022 ms
INFO - [G] 2025-04-24 02:23:38 :: INFO  :: TIMER :: [0004] Injected Seal in 0.209 ms
INFO - [G] 2025-04-24 02:23:38 :: INFO  :: TIMER :: [0004] Injected Suit in 0.104 ms
INFO - [G] 2025-04-24 02:23:38 :: INFO  :: TIMER :: [0013] Injected Rank in 0.178 ms
INFO - [G] 2025-04-24 02:23:38 :: INFO  :: TIMER :: [0032] Injected DeckSkin in 0.336 ms
INFO - [G] 2025-04-24 02:23:38 :: INFO  :: TIMER :: [0012] Injected PokerHand in 0.141 ms
INFO - [G] 2025-04-24 02:23:38 :: INFO  :: TIMER :: [0020] Injected Challenge in 0.039 ms
INFO - [G] 2025-04-24 02:23:38 :: INFO  :: TIMER :: [0000] Injected Tag in 0.003 ms
INFO - [G] 2025-04-24 02:23:38 :: INFO  :: TIMER :: [0004] Injected Sticker in 0.106 ms
INFO - [G] 2025-04-24 02:23:38 :: INFO  :: TIMER :: [0001] Injected Shader in 12.314 ms
INFO - [G] 2025-04-24 02:23:38 :: INFO  :: TIMER :: [0002] Injected Keybind in 0.023 ms
INFO - [G] 2025-04-24 02:23:38 :: INFO  :: TIMER :: [0000] Injected Achievement in 0.062 ms
INFO - [G] 2025-04-24 02:23:38 :: INFO  :: TIMER :: [0002] Injected nil in 0.034 ms
INFO - [G] 2025-04-24 02:23:38 :: INFO  :: TIMER :: [0021] Injected Draw Step in 0.749 ms
INFO - [G] 2025-04-24 02:23:38 :: INFO  :: TIMER :: [0000] Injected [INTERNAL] in 9.303 ms
INFO - [G] 2025-04-24 02:23:39 :: INFO  :: TIMER :: [0011] Injected AltTexture in 507.706 ms
INFO - [G] 2025-04-24 02:23:39 :: INFO  :: TIMER :: [0001] Injected Texture Pack in 0.096 ms
INFO - [G] line not found
INFO - [G] file not found: main.lua: No such file or directory
INFO - [G] file not found: main.lua: No such file or directory
INFO - [G] line not found
INFO - [G] file not found: main.lua: No such file or directory
INFO - [G] file not found: main.lua: No such file or directory
INFO - [G] 2025-04-24 02:24:09 :: ERROR :: StackTrace :: Oops! The game crashed
[SMODS decksterity "decksterity.lua"]:61: attempt to index a nil value
Stack Traceback
===============
(1) Lua local 'handler' at file 'main.lua:612'
	Local variables:
	 msg = string: "[SMODS decksterity \"decksterity.lua\"]:61: attempt to index a nil value"
	 (*temporary) = Lua function '?' (defined at line 31 of chunk [SMODS _ "src/logging.lua"])
	 (*temporary) = string: "Oops! The game crashed\
"
(2) LÖVE metamethod at file 'boot.lua:352'
	Local variables:
	 errhand = Lua function '?' (defined at line 598 of chunk main.lua)
	 handler = Lua function '?' (defined at line 598 of chunk main.lua)
(3) Lua field 'func' at file 'decksterity.lua:61' (from mod with id decksterity)
	Local variables:
	 self = nil
	 (for index) = number: 0
	 (for limit) = number: 52
	 (for step) = number: 1
	 i = number: 0
	 (*temporary) = Lua function '?' (defined at line 17 of chunk [SMODS _ "src/logging.lua"])
	 (*temporary) = nil
	 (*temporary) = boolean: true
	 (*temporary) = string: "attempt to index a nil value"
(4) Lua method 'handle' at file 'engine/event.lua:99'
	Local variables:
	 self = table: 0x069705a0  {start_timer:true, timer:TOTAL, blockable:true, trigger:immediate, func:function: 0x0b9840d8, delay:0, complete:false, time:16.148713870573, blocking:true (more...)}
	 _results = table: 0x044a8420  {blocking:true, pause_skip:false, time_done:false, completed:false}
(5) Lua method 'update' at file 'engine/event.lua:182'
	Local variables:
	 self = table: 0x0b2b8cd8  {queue_last_processed:30.25, queues:table: 0x0b2b8d00, queue_dt:0.016666666666667, queue_timer:30.251389953739}
	 dt = number: 0.00461114
	 forced = nil
	 (for generator) = C function: next
	 (for state) = table: 0x0b2b8d00  {unlock:table: 0x0b2b8d28, galdur:table: 0x097dc818, other:table: 0x0b2b91a0, tutorial:table: 0x0b2b8d78, base:table: 0x0b2b8d50, achievement:table: 0x0b2b9178 (more...)}
	 (for control) = number: nan
	 k = string: "base"
	 v = table: 0x0b2b8d50  {1:table: 0x069705a0, 2:table: 0x11747f18, 3:table: 0x0495faf0, 4:table: 0x04ad94b0, 5:table: 0x098074a0, 6:table: 0x04b089b8, 7:table: 0x04b08a70 (more...)}
	 blocked = boolean: false
	 i = number: 1
	 results = table: 0x044a8420  {blocking:true, pause_skip:false, time_done:false, completed:false}
(6) Lua upvalue 'gameUpdateRef' at file 'game.lua:2549'
	Local variables:
	 self = table: 0x04324b50  {F_GUIDE:false, F_CRASH_REPORTS:false, F_QUIT_BUTTON:true, HUD_tags:table: 0x06cca790, F_ENGLISH_ONLY:false, viewed_stake:1, HUD:table: 0x06f0f490 (more...)}
	 dt = number: 0.00461114
	 http_resp = nil
(7) Lua method 'update' at Steamodded file 'src/ui.lua:84' 
	Local variables:
	 self = table: 0x04324b50  {F_GUIDE:false, F_CRASH_REPORTS:false, F_QUIT_BUTTON:true, HUD_tags:table: 0x06cca790, F_ENGLISH_ONLY:false, viewed_stake:1, HUD:table: 0x06f0f490 (more...)}
	 dt = number: 0.00461114
(8) Lua field 'update' at file 'main.lua:995'
	Local variables:
	 dt = number: 0.00461114
(9) Lua function '?' at file 'main.lua:934' (best guess)
(10) global C function 'xpcall'
(11) LÖVE function at file 'boot.lua:377' (best guess)
	Local variables:
	 func = Lua function '?' (defined at line 905 of chunk main.lua)
	 inerror = boolean: true
	 deferErrhand = Lua function '(LÖVE Function)' (defined at line 348 of chunk [love "boot.lua"])
	 earlyinit = Lua function '(LÖVE Function)' (defined at line 355 of chunk [love "boot.lua"])

INFO - [G] line not found
INFO - [G] file not found: main.lua: No such file or directory
INFO - [G] file not found: main.lua: No such file or directory
INFO - [G] 2025-04-24 02:24:09 :: INFO  :: StackTrace :: Additional Context:
Balatro Version: 1.0.1o-FULL
Modded Version: 1.0.0~BETA-0323b-STEAMODDED
LÖVE Version: 11.5.0
Lovely Version: 0.7.1
Platform: Windows
Steamodded Mods:
    1: Malverk by Eremel_ [ID: malverk, Priority: -999999, Version: 1.1.3, Uses Lovely]
    2: Kuso Modpack by Kusoro [ID: KusoMods]
    3: Galdur by Eremel_ [ID: galdur, Priority: -10000, Version: 1.2, Uses Lovely]
    4: ULTRAKILL Deck by Wael and cookieee [ID: Ultrakill_deck, Version: 1.0.0]
    5: Dark and Colorful by DaLuigi [ID: darkandcolorful, Version: 1.0.0]
    6: Decksterity by Dexterity [ID: decksterity, Version: 0.2.0]
Lovely Mods:
