INFO - [♥] Lovely 0.7.1
INFO - [♥] Game directory is at "D:\\steamapps\\common\\Balatro"
INFO - [♥] Writing logs to "C:\\users\\steamuser\\AppData\\Roaming\\Balatro\\Mods\\lovely\\log"
INFO - [♥] Using mod directory at "C:\\users\\steamuser\\AppData\\Roaming\\Balatro\\Mods"
INFO - [♥] Cleaning up dumps directory at "C:\\users\\steamuser\\AppData\\Roaming\\Balatro\\Mods\\lovely\\dump"
INFO - [♥] Initialization complete in 112ms
INFO - [♥] Applied 14 patches to 'main.lua'
INFO - [♥] Applied 5 patches to 'engine/controller.lua'
INFO - [♥] Applied 15 patches to 'back.lua'
INFO - [♥] Applied 7 patches to 'tag.lua'
INFO - [♥] Applied 1 patch to 'engine/moveable.lua'
INFO - [♥] Applied 2 patches to 'engine/sprite.lua'
INFO - [♥] Applied 2 patches to 'engine/animatedsprite.lua'
INFO - [♥] Applied 47 patches to 'functions/misc_functions.lua'
INFO - [♥] Applied 33 patches to 'game.lua'
INFO - [♥] Applied 1 patch to 'globals.lua'
INFO - [♥] Applied 3 patches to 'engine/ui.lua'
INFO - [♥] Applied 73 patches to 'functions/UI_definitions.lua'
INFO - [♥] Applied 44 patches to 'functions/state_events.lua'
INFO - [♥] Applied 104 patches to 'functions/common_events.lua'
INFO - [♥] Applied 46 patches to 'functions/button_callbacks.lua'
WARN - [♥] Pattern 'if G.GAME.blind and G.GAME.blind.in_blind then G.E_MANAGER:add_event(Event({ func = function() G.GAME.blind:set_blind(nil, true, nil); return true end })) end' on target 'card.lua' for pattern patch from smods-1.0.0-beta-0323b\lovely\calculate_card_added.toml resulted in 2 matches, wanted 1
WARN - [♥] Ignoring excess matches
INFO - [♥] Applied 151 patches to 'card.lua'
INFO - [♥] Applied 9 patches to 'cardarea.lua'
INFO - [♥] Applied 36 patches to 'blind.lua'
INFO - [♥] Applied 2 patches to 'engine/text.lua'
INFO - [G] Failed to connect to the debug server
INFO - [G] 2025-04-22 19:57:34 :: DEBUG :: DebugConsole :: Steamodded Debug Socket started !
INFO - [♥] Applied 9 patches to 'engine/sound_manager.lua'
INFO - [♥] Applied 1 patch to 'engine/save_manager.lua'
INFO - [G] 2025-04-22 19:57:36 :: TRACE :: Loader :: Processing Mod file (Legacy header): KusoMods.lua
INFO - [G] 2025-04-22 19:57:36 :: TRACE :: Loader :: Saving Mod Info: KusoMods
INFO - [G] 2025-04-22 19:57:36 :: WARN  :: Loader :: Found lone Lua file wilddeck.lua in Mods directory :: Please place the files for each mod in its own subdirectory.
INFO - [G] 2025-04-22 19:57:36 :: TRACE :: Loader :: Processing Mod file (Legacy header): wilddeck.lua
INFO - [G] 2025-04-22 19:57:36 :: TRACE :: Loader :: Saving Mod Info: wildDeck
INFO - [G] 2025-04-22 19:57:36 :: TRACE :: Loader :: Mod wildDeck was unable to load: 
INFO - [G] 2025-04-22 19:57:36 :: INFO  :: TIMER :: [0000] Injected Language in 0.002 ms
INFO - [G] 2025-04-22 19:57:36 :: INFO  :: TIMER :: [0000] Injected [INTERNAL] in 2.980 ms
INFO - [G] 2025-04-22 19:57:36 :: INFO  :: TIMER :: [0007] Injected Atlas in 748.321 ms
INFO - [G] 2025-04-22 19:57:36 :: INFO  :: TIMER :: [0001] Injected Sound in 0.516 ms
INFO - [G] 2025-04-22 19:57:36 :: INFO  :: TIMER :: [0008] Injected Stake in 0.339 ms
INFO - [G] 2025-04-22 19:57:36 :: INFO  :: TIMER :: [0004] Injected Rarity in 0.042 ms
INFO - [G] 2025-04-22 19:57:36 :: INFO  :: TIMER :: [0004] Injected ObjectType in 0.054 ms
INFO - [G] 2025-04-22 19:57:36 :: INFO  :: TIMER :: [0053] Injected Center in 0.743 ms
INFO - [G] 2025-04-22 19:57:36 :: INFO  :: TIMER :: [0007] Injected Undiscovered Sprite in 0.026 ms
INFO - [G] 2025-04-22 19:57:36 :: INFO  :: TIMER :: [0002] Injected Blind in 0.016 ms
INFO - [G] 2025-04-22 19:57:36 :: INFO  :: TIMER :: [0004] Injected Seal in 0.360 ms
INFO - [G] 2025-04-22 19:57:36 :: INFO  :: TIMER :: [0004] Injected Suit in 0.106 ms
INFO - [G] 2025-04-22 19:57:36 :: INFO  :: TIMER :: [0013] Injected Rank in 0.124 ms
INFO - [G] 2025-04-22 19:57:36 :: INFO  :: TIMER :: [0028] Injected DeckSkin in 0.233 ms
INFO - [G] 2025-04-22 19:57:36 :: INFO  :: TIMER :: [0012] Injected PokerHand in 0.108 ms
INFO - [G] 2025-04-22 19:57:36 :: INFO  :: TIMER :: [0020] Injected Challenge in 0.084 ms
INFO - [G] 2025-04-22 19:57:36 :: INFO  :: TIMER :: [0000] Injected Tag in 0.002 ms
INFO - [G] 2025-04-22 19:57:36 :: INFO  :: TIMER :: [0004] Injected Sticker in 0.142 ms
INFO - [G] 2025-04-22 19:57:36 :: INFO  :: TIMER :: [0000] Injected Shader in 0.002 ms
INFO - [G] 2025-04-22 19:57:36 :: INFO  :: TIMER :: [0002] Injected Keybind in 0.013 ms
INFO - [G] 2025-04-22 19:57:36 :: INFO  :: TIMER :: [0000] Injected Achievement in 0.041 ms
INFO - [G] 2025-04-22 19:57:36 :: INFO  :: TIMER :: [0002] Injected nil in 0.012 ms
INFO - [G] 2025-04-22 19:57:36 :: INFO  :: TIMER :: [0021] Injected Draw Step in 0.270 ms
INFO - [G] 2025-04-22 19:57:36 :: INFO  :: TIMER :: [0000] Injected [INTERNAL] in 0.731 ms
INFO - [G] ERROR LOADING GAME: Card area 'shop_booster' not instantiated before load
INFO - [G] ERROR LOADING GAME: Card area 'shop_vouchers' not instantiated before load
INFO - [G] ERROR LOADING GAME: Card area 'shop_jokers' not instantiated before load
INFO - [G] ERROR LOADING GAME: Card area 'shop_booster' not instantiated before load
INFO - [G] ERROR LOADING GAME: Card area 'shop_jokers' not instantiated before load
INFO - [G] ERROR LOADING GAME: Card area 'shop_vouchers' not instantiated before load
INFO - [G] LONG DT @ 4421: 0.061744804915011
INFO - [G] LONG DT @ 4422: 0.053845383932141
INFO - [G] LONG DT @ 6089: 0.051053291437956
INFO - [G] LONG DT @ 6089: 0.052335693150431
INFO - [G] LONG DT @ 6089: 0.053111354520381
INFO - [G] LONG DT @ 6089: 0.053498843616284
INFO - [G] LONG DT @ 6089: 0.053854874893058
INFO - [G] LONG DT @ 6095: 0.096783538165726
INFO - [G] LONG DT @ 6095: 0.1
INFO - [G] LONG DT @ 6095: 0.08744164000007
INFO - [G] LONG DT @ 6095: 0.077443692000001
INFO - [G] LONG DT @ 6095: 0.069310953600073
INFO - [G] LONG DT @ 6096: 0.062102002880073
INFO - [G] LONG DT @ 6096: 0.055129162304051
INFO - [G] LONG DT @ 6382: 0.051418588526421
INFO - [G] LONG DT @ 7016: 0.1
INFO - [G] LONG DT @ 7016: 0.1
INFO - [G] LONG DT @ 7016: 0.09632583999999
INFO - [G] LONG DT @ 7016: 0.082327092000036
INFO - [G] LONG DT @ 7016: 0.071334533600038
INFO - [G] LONG DT @ 7016: 0.062634986880017
INFO - [G] LONG DT @ 7016: 0.055989049503969
INFO - [G] LONG DT @ 7017: 0.050161779603143
INFO - [G] LONG DT @ 7338: 0.053804339378071
INFO - [G] LONG DT @ 7462: 0.056560738571712
INFO - [G] LONG DT @ 7463: 0.0510157708573
INFO - [G] LONG DT @ 7678: 0.052889867393837
INFO - [G] LONG DT @ 7678: 0.061156333915136
INFO - [G] LONG DT @ 7678: 0.06570060713209
INFO - [G] LONG DT @ 7678: 0.068130165705534
INFO - [G] LONG DT @ 7678: 0.072586972564415
INFO - [G] LONG DT @ 7678: 0.063358418051672
INFO - [G] LONG DT @ 7678: 0.055811314441275
INFO - [G] LONG DT @ 7845: 0.061977234162651
INFO - [G] LONG DT @ 7845: 0.054889687329873
INFO - [G] LONG DT @ 7845: 0.051135829863913
INFO - [G] LONG DT @ 8053: 0.056299813907335
INFO - [G] LONG DT @ 8053: 0.050752651125906
INFO - [G] LONG DT @ 8275: 0.054792524438443
INFO - [G] LONG DT @ 8275: 0.050636819550541
INFO - [G] LONG DT @ 8275: 0.051818961926564
INFO - [G] LONG DT @ 8275: 0.074775212149952
INFO - [G] LONG DT @ 8275: 0.065300809719912
INFO - [G] LONG DT @ 8275: 0.057718847775855
INFO - [G] LONG DT @ 8275: 0.051876718220872
INFO - [G] LONG DT @ 8297: 0.052072664037132
INFO - [G] LONG DT @ 8682: 0.072299141739118
INFO - [G] LONG DT @ 8682: 0.06431745339133
INFO - [G] LONG DT @ 8682: 0.057722022713066
INFO - [G] LONG DT @ 8682: 0.05208181817053
INFO - [G] LONG DT @ 8897: 0.053380711783247
INFO - [G] LONG DT @ 8897: 0.050149949426588
INFO - [G] LONG DT @ 8917: 0.1
INFO - [G] LONG DT @ 8917: 0.085933680000089
INFO - [G] LONG DT @ 8917: 0.075763764000061
INFO - [G] LONG DT @ 8917: 0.066617191199944
INFO - [G] LONG DT @ 8917: 0.059267712960074
INFO - [G] LONG DT @ 8917: 0.053833010368029
INFO - [G] LONG DT @ 8926: 0.053911348026724
INFO - [G] LONG DT @ 8927: 0.051345638421089
INFO - [G] LONG DT @ 8927: 0.1
INFO - [G] LONG DT @ 8927: 0.086454659999872
INFO - [G] LONG DT @ 8927: 0.075913588000025
INFO - [G] LONG DT @ 8927: 0.068118430399935
INFO - [G] LONG DT @ 8927: 0.06113644432013
INFO - [G] LONG DT @ 8927: 0.055476335456015
INFO - [G] LONG DT @ 8927: 0.050558148364719
INFO - [G] LONG DT @ 9003: 0.050497623040029
INFO - [G] ERROR LOADING GAME: Card area 'shop_booster' not instantiated before load
INFO - [G] ERROR LOADING GAME: Card area 'shop_jokers' not instantiated before load
INFO - [G] ERROR LOADING GAME: Card area 'shop_vouchers' not instantiated before load
INFO - [G] LONG DT @ 555: 0.056813917848732
INFO - [G] LONG DT @ 555: 0.051526294278804
INFO - [G] LONG DT @ 612: 0.088229297883766
INFO - [G] LONG DT @ 612: 0.07943459830728
INFO - [G] LONG DT @ 612: 0.072240798645777
INFO - [G] LONG DT @ 612: 0.066534458916326
INFO - [G] LONG DT @ 612: 0.060748807133339
INFO - [G] LONG DT @ 612: 0.056020925706709
INFO - [G] LONG DT @ 612: 0.051740260565059
INFO - [G] LONG DT @ 1033: 0.050131515704101
INFO - [G] LONG DT @ 1048: 0.082280708143333
INFO - [G] LONG DT @ 1048: 0.079372146514461
INFO - [G] LONG DT @ 1048: 0.072187797211657
INFO - [G] LONG DT @ 1048: 0.071931697769289
INFO - [G] LONG DT @ 1048: 0.065017018215441
INFO - [G] LONG DT @ 1048: 0.059278814572609
INFO - [G] LONG DT @ 1048: 0.054569011658067
INFO - [G] LONG DT @ 1048: 0.050569249326355
INFO - [G] LONG DT @ 1049: 0.057452277496499
INFO - [G] LONG DT @ 1049: 0.053251701997298
INFO - [G] LONG DT @ 1049: 0.055385967750545
INFO - [G] LONG DT @ 1049: 0.050285874200454
INFO - [G] LONG DT @ 1465: 0.061786273343943
INFO - [G] LONG DT @ 1465: 0.05498347867514
INFO - [G] LONG DT @ 1465: 0.050601222940087
INFO - [G] LONG DT @ 1504: 0.1
INFO - [G] LONG DT @ 1504: 0.089294959999897
INFO - [G] LONG DT @ 1504: 0.082316768000004
INFO - [G] LONG DT @ 1504: 0.075851494400154
INFO - [G] LONG DT @ 1505: 0.071881615519782
INFO - [G] LONG DT @ 1505: 0.067618232416007
INFO - [G] LONG DT @ 1505: 0.0628414259329
INFO - [G] LONG DT @ 1505: 0.058260060746214
INFO - [G] LONG DT @ 1505: 0.054509648596939
INFO - [G] LONG DT @ 1505: 0.050706498877712
INFO - [G] LONG DT @ 1922: 0.06264358744275
INFO - [G] LONG DT @ 1922: 0.05585314995435
INFO - [G] LONG DT @ 1922: 0.050410879963401
INFO - [G] LONG DT @ 1947: 0.074472091157316
INFO - [G] LONG DT @ 1947: 0.065975612925659
INFO - [G] LONG DT @ 1947: 0.059055510340776
INFO - [G] LONG DT @ 1947: 0.053437928272563
INFO - [G] LONG DT @ 2154: 0.067283069635347
INFO - [G] LONG DT @ 2154: 0.061225575708541
INFO - [G] LONG DT @ 2154: 0.056105160566819
INFO - [G] LONG DT @ 2155: 0.051848228453278
INFO - [G] LONG DT @ 2164: 0.065289343973648
INFO - [G] LONG DT @ 2164: 0.059949815178619
INFO - [G] LONG DT @ 2164: 0.055698252142912
INFO - [G] LONG DT @ 2164: 0.051819721714442
INFO - [G] LONG DT @ 2306: 0.053363087307895
INFO - [G] LONG DT @ 2306: 0.050603469846142
INFO - [G] LONG DT @ 2315: 0.053356744267895
INFO - [G] LONG DT @ 2325: 0.056169754453783
INFO - [G] LONG DT @ 2325: 0.051618043563036
INFO - [G] LONG DT @ 2333: 0.050546788386329
INFO - [G] LONG DT @ 2674: 0.091546040012412
INFO - [G] LONG DT @ 2674: 0.082743532009768
INFO - [G] LONG DT @ 2674: 0.077374425607919
INFO - [G] LONG DT @ 2674: 0.072155400486296
INFO - [G] LONG DT @ 2674: 0.069291700388943
INFO - [G] LONG DT @ 2674: 0.067871280311384
INFO - [G] LONG DT @ 2674: 0.065625604248934
INFO - [G] LONG DT @ 2674: 0.061690023399226
INFO - [G] LONG DT @ 2674: 0.05836729871933
INFO - [G] LONG DT @ 2674: 0.055628558975352
INFO - [G] LONG DT @ 2674: 0.053284567180397
INFO - [G] LONG DT @ 2674: 0.051457593744168
INFO - [G] LONG DT @ 2675: 0.05197899103251
INFO - [G] LONG DT @ 2675: 0.052488384906781
INFO - [G] LONG DT @ 2698: 0.059232146830724
INFO - [G] LONG DT @ 2698: 0.05467453746461
INFO - [G] LONG DT @ 2698: 0.051657809971666
INFO - [G] LONG DT @ 2703: 0.1
INFO - [G] LONG DT @ 2703: 0.088230940000067
INFO - [G] LONG DT @ 2703: 0.078346292000191
INFO - [G] LONG DT @ 2703: 0.070487913599823
INFO - [G] LONG DT @ 2703: 0.064121550880136
INFO - [G] LONG DT @ 2703: 0.058837720703916
INFO - [G] LONG DT @ 2703: 0.054965056563227
INFO - [G] LONG DT @ 2703: 0.051752805250459
INFO - [G] LONG DT @ 2709: 0.058766735645853
INFO - [G] LONG DT @ 2709: 0.089719808516787
INFO - [G] LONG DT @ 2709: 0.079516086813269
INFO - [G] LONG DT @ 2709: 0.071603209450721
INFO - [G] LONG DT @ 2709: 0.06523658756061
INFO - [G] LONG DT @ 2709: 0.059909350048342
INFO - [G] LONG DT @ 2709: 0.056006520038612
INFO - [G] LONG DT @ 2709: 0.052451916031149
INFO - [G] LONG DT @ 2754: 0.053741693572009
INFO - [G] LONG DT @ 2754: 0.051212474857529
INFO - [G] LONG DT @ 2984: 0.052675992663373
INFO - [G] LONG DT @ 2984: 0.053854414130562
INFO - [G] LONG DT @ 2984: 0.051178851304661
INFO - [G] LONG DT @ 3162: 0.052534869350864
INFO - [G] LONG DT @ 3162: 0.050159955480535
INFO - [G] LONG DT @ 3186: 0.050353235073212
INFO - [G] LONG DT @ 3247: 0.053207344680425
INFO - [G] LONG DT @ 3327: 0.075943317740412
INFO - [G] LONG DT @ 3327: 0.066980354192107
INFO - [G] LONG DT @ 3327: 0.059850003353696
INFO - [G] LONG DT @ 3327: 0.054095882683266
INFO - [G] LONG DT @ 3422: 0.054244528055106
INFO - [G] ERROR LOADING GAME: Card area 'shop_booster' not instantiated before load
INFO - [G] ERROR LOADING GAME: Card area 'shop_jokers' not instantiated before load
INFO - [G] ERROR LOADING GAME: Card area 'shop_vouchers' not instantiated before load
INFO - [G] line not found
INFO - [G] file not found: main.lua: No such file or directory
INFO - [G] file not found: main.lua: No such file or directory
INFO - [G] file not found: main.lua: No such file or directory
INFO - [G] file not found: main.lua: No such file or directory
INFO - [G] 2025-04-22 23:49:44 :: ERROR :: StackTrace :: Oops! The game crashed
[SMODS KusoMods "KusoMods.lua"]:197: attempt to call global 'cardareaemplace' (a nil value)
Stack Traceback
===============
(1) Lua local 'handler' at file 'main.lua:612'
	Local variables:
	 msg = string: "[SMODS KusoMods \"KusoMods.lua\"]:197: attempt to call global 'cardareaemplace' (a nil value)"
	 (*temporary) = Lua function '?' (defined at line 31 of chunk [SMODS _ "src/logging.lua"])
	 (*temporary) = string: "Oops! The game crashed\
"
(2) LÖVE global at file 'boot.lua:352'
	Local variables:
	 errhand = Lua function '?' (defined at line 598 of chunk main.lua)
	 handler = Lua function '?' (defined at line 598 of chunk main.lua)
(3) Lua method 'emplace' at file 'KusoMods.lua:197' (from mod with id KusoMods)
	Local variables:
	 self = table: 0x09c01180  {click_offset:table: 0x0a6e61d8, children:table: 0x072d1220, shuffle_amt:0, T:table: 0x09c012d0, offset:table: 0x084038b8, role:table: 0x08403890 (more...)}
	 card = table: 0x04d8c2c0  {added_to_deck:true, from_area:table: 0x0a959830, click_offset:table: 0x089b0e78, children:table: 0x0a10bd08, ambient_tilt:0.2, parent:table: 0x09c01180 (more...)}
	 location = nil
	 stay_flipped = nil
	 added_card_index = number: 1
	 card_neg = boolean: false
	 reditions = table: 0x0732ad08  {}
	 (for index) = number: 1
	 (for limit) = number: 4
	 (for step) = number: 1
	 i = number: 1
	 newcard = table: 0x071a8230  {click_offset:table: 0x088f5cb0, children:table: 0x0bccba40, ambient_tilt:0.2, T:table: 0x072250c0, offset:table: 0x04f73090, role:table: 0x06b99eb0 (more...)}
	 (*temporary) = nil
	 (*temporary) = table: 0x09c01180  {click_offset:table: 0x0a6e61d8, children:table: 0x072d1220, shuffle_amt:0, T:table: 0x09c012d0, offset:table: 0x084038b8, role:table: 0x08403890 (more...)}
	 (*temporary) = table: 0x071a8230  {click_offset:table: 0x088f5cb0, children:table: 0x0bccba40, ambient_tilt:0.2, T:table: 0x072250c0, offset:table: 0x04f73090, role:table: 0x06b99eb0 (more...)}
	 (*temporary) = nil
	 (*temporary) = nil
	 (*temporary) = nil
	 (*temporary) = string: "attempt to call global 'cardareaemplace' (a nil value)"
(4) Lua field 'func' at file 'functions/button_callbacks.lua:2478'
(5) Lua method 'handle' at file 'engine/event.lua:55'
	Local variables:
	 self = table: 0x06727e10  {start_timer:true, timer:TOTAL, blockable:true, trigger:after, func:function: 0x06727de8, delay:0.1, complete:false, time:2888.5110742058, blocking:true (more...)}
	 _results = table: 0x08733418  {blocking:true, pause_skip:false, time_done:true, completed:false}
(6) Lua method 'update' at file 'engine/event.lua:182'
	Local variables:
	 self = table: 0x09f23d18  {queue_last_processed:13159.149999893, queues:table: 0x09f23d40, queue_dt:0.016666666666667, queue_timer:13926.918836597}
	 dt = number: 0.00639561
	 forced = nil
	 (for generator) = C function: next
	 (for state) = table: 0x09f23d40  {unlock:table: 0x09f23d68, other:table: 0x09f241e0, tutorial:table: 0x09f23db8, base:table: 0x09f23d90, achievement:table: 0x09f241b8}
	 (for control) = number: nan
	 k = string: "base"
	 v = table: 0x09f23d90  {1:table: 0x08782180, 2:table: 0x06727e10}
	 blocked = boolean: false
	 i = number: 2
	 results = table: 0x08733418  {blocking:true, pause_skip:false, time_done:true, completed:false}
(7) Lua upvalue 'gameUpdateRef' at file 'game.lua:2549'
	Local variables:
	 self = table: 0x046f4b38  {F_GUIDE:false, F_CRASH_REPORTS:false, F_QUIT_BUTTON:true, HUD_tags:table: 0x04f6d4c0, F_ENGLISH_ONLY:false, viewed_stake:1, HUD:table: 0x08331350 (more...)}
	 dt = number: 0.00639561
	 http_resp = nil
(8) Lua method 'update' at Steamodded file 'src/ui.lua:84' 
	Local variables:
	 self = table: 0x046f4b38  {F_GUIDE:false, F_CRASH_REPORTS:false, F_QUIT_BUTTON:true, HUD_tags:table: 0x04f6d4c0, F_ENGLISH_ONLY:false, viewed_stake:1, HUD:table: 0x08331350 (more...)}
	 dt = number: 0.00639561
(9) Lua field 'update' at file 'main.lua:995'
	Local variables:
	 dt = number: 0.00639561
(10) Lua function '?' at file 'main.lua:934' (best guess)
(11) global C function 'xpcall'
(12) LÖVE function at file 'boot.lua:377' (best guess)
	Local variables:
	 func = Lua function '?' (defined at line 905 of chunk main.lua)
	 inerror = boolean: true
	 deferErrhand = Lua function '(LÖVE Function)' (defined at line 348 of chunk [love "boot.lua"])
	 earlyinit = Lua function '(LÖVE Function)' (defined at line 355 of chunk [love "boot.lua"])

INFO - [G] file not found: main.lua: No such file or directory
INFO - [G] file not found: main.lua: No such file or directory
INFO - [G] 2025-04-22 23:49:44 :: INFO  :: StackTrace :: Additional Context:
Balatro Version: 1.0.1o-FULL
Modded Version: 1.0.0~BETA-0323b-STEAMODDED
LÖVE Version: 11.5.0
Lovely Version: 0.7.1
Platform: Windows
Steamodded Mods:
    1: Kuso Modpack by Kusoro [ID: KusoMods]
Lovely Mods:
