INFO - [♥] Lovely 0.7.1
INFO - [♥] Game directory is at "D:\\steamapps\\common\\Balatro"
INFO - [♥] Writing logs to "C:\\users\\steamuser\\AppData\\Roaming\\Balatro\\Mods\\lovely\\log"
INFO - [♥] Using mod directory at "C:\\users\\steamuser\\AppData\\Roaming\\Balatro\\Mods"
INFO - [♥] Cleaning up dumps directory at "C:\\users\\steamuser\\AppData\\Roaming\\Balatro\\Mods\\lovely\\dump"
INFO - [♥] Initialization complete in 178ms
INFO - [♥] Applied 14 patches to 'main.lua'
INFO - [♥] Applied 5 patches to 'engine/controller.lua'
INFO - [♥] Applied 15 patches to 'back.lua'
INFO - [♥] Applied 7 patches to 'tag.lua'
INFO - [♥] Applied 1 patch to 'engine/moveable.lua'
INFO - [♥] Applied 2 patches to 'engine/sprite.lua'
INFO - [♥] Applied 2 patches to 'engine/animatedsprite.lua'
INFO - [♥] Applied 47 patches to 'functions/misc_functions.lua'
INFO - [♥] Applied 33 patches to 'game.lua'
INFO - [♥] Applied 1 patch to 'globals.lua'
INFO - [♥] Applied 3 patches to 'engine/ui.lua'
INFO - [♥] Applied 73 patches to 'functions/UI_definitions.lua'
INFO - [♥] Applied 44 patches to 'functions/state_events.lua'
INFO - [♥] Applied 104 patches to 'functions/common_events.lua'
INFO - [♥] Applied 46 patches to 'functions/button_callbacks.lua'
WARN - [♥] Pattern 'if G.GAME.blind and G.GAME.blind.in_blind then G.E_MANAGER:add_event(Event({ func = function() G.GAME.blind:set_blind(nil, true, nil); return true end })) end' on target 'card.lua' for pattern patch from smods-1.0.0-beta-0323b\lovely\calculate_card_added.toml resulted in 2 matches, wanted 1
WARN - [♥] Ignoring excess matches
INFO - [♥] Applied 151 patches to 'card.lua'
INFO - [♥] Applied 9 patches to 'cardarea.lua'
INFO - [♥] Applied 36 patches to 'blind.lua'
INFO - [♥] Applied 2 patches to 'engine/text.lua'
INFO - [G] Failed to connect to the debug server
INFO - [G] 2025-04-22 17:15:07 :: DEBUG :: DebugConsole :: Steamodded Debug Socket started !
INFO - [♥] Applied 9 patches to 'engine/sound_manager.lua'
INFO - [♥] Applied 1 patch to 'engine/save_manager.lua'
INFO - [G] 2025-04-22 17:15:09 :: WARN  :: Loader :: Found lone Lua file wilddeck.lua in Mods directory :: Please place the files for each mod in its own subdirectory.
INFO - [G] 2025-04-22 17:15:09 :: TRACE :: Loader :: Processing Mod file (Legacy header): wilddeck.lua
INFO - [G] 2025-04-22 17:15:09 :: TRACE :: Loader :: Saving Mod Info: wildDeck
INFO - [G] 2025-04-22 17:15:09 :: INFO  :: TIMER :: [0000] Injected Language in 0.002 ms
INFO - [G] 2025-04-22 17:15:09 :: INFO  :: TIMER :: [0000] Injected [INTERNAL] in 3.201 ms
INFO - [G] 2025-04-22 17:15:10 :: INFO  :: TIMER :: [0002] Injected Atlas in 791.361 ms
INFO - [G] 2025-04-22 17:15:10 :: INFO  :: TIMER :: [0001] Injected Sound in 0.639 ms
INFO - [G] 2025-04-22 17:15:10 :: INFO  :: TIMER :: [0008] Injected Stake in 0.201 ms
INFO - [G] 2025-04-22 17:15:10 :: INFO  :: TIMER :: [0004] Injected Rarity in 0.030 ms
INFO - [G] 2025-04-22 17:15:10 :: INFO  :: TIMER :: [0004] Injected ObjectType in 0.106 ms
INFO - [G] 2025-04-22 17:15:10 :: INFO  :: TIMER :: [0049] Injected Center in 0.658 ms
INFO - [G] 2025-04-22 17:15:10 :: INFO  :: TIMER :: [0007] Injected Undiscovered Sprite in 0.018 ms
INFO - [G] 2025-04-22 17:15:10 :: INFO  :: TIMER :: [0002] Injected Blind in 0.037 ms
INFO - [G] 2025-04-22 17:15:10 :: INFO  :: TIMER :: [0004] Injected Seal in 0.164 ms
INFO - [G] 2025-04-22 17:15:10 :: INFO  :: TIMER :: [0004] Injected Suit in 0.123 ms
INFO - [G] 2025-04-22 17:15:10 :: INFO  :: TIMER :: [0013] Injected Rank in 0.089 ms
INFO - [G] 2025-04-22 17:15:10 :: INFO  :: TIMER :: [0028] Injected DeckSkin in 0.220 ms
INFO - [G] 2025-04-22 17:15:10 :: INFO  :: TIMER :: [0012] Injected PokerHand in 0.193 ms
INFO - [G] 2025-04-22 17:15:10 :: INFO  :: TIMER :: [0020] Injected Challenge in 0.148 ms
INFO - [G] 2025-04-22 17:15:10 :: INFO  :: TIMER :: [0000] Injected Tag in 0.001 ms
INFO - [G] 2025-04-22 17:15:10 :: INFO  :: TIMER :: [0004] Injected Sticker in 0.086 ms
INFO - [G] 2025-04-22 17:15:10 :: INFO  :: TIMER :: [0000] Injected Shader in 0.001 ms
INFO - [G] 2025-04-22 17:15:10 :: INFO  :: TIMER :: [0002] Injected Keybind in 0.011 ms
INFO - [G] 2025-04-22 17:15:10 :: INFO  :: TIMER :: [0000] Injected Achievement in 0.042 ms
INFO - [G] 2025-04-22 17:15:10 :: INFO  :: TIMER :: [0002] Injected nil in 0.013 ms
INFO - [G] 2025-04-22 17:15:10 :: INFO  :: TIMER :: [0021] Injected Draw Step in 0.206 ms
INFO - [G] 2025-04-22 17:15:10 :: INFO  :: TIMER :: [0000] Injected [INTERNAL] in 0.656 ms
INFO - [G] 2025-04-22 17:15:33 :: DEBUG :: DefaultLogger :: 10
INFO - [G] 2025-04-22 17:15:33 :: DEBUG :: DefaultLogger :: 12
INFO - [G] 2025-04-22 17:15:33 :: DEBUG :: DefaultLogger :: 13
INFO - [G] 2025-04-22 17:15:33 :: DEBUG :: DefaultLogger :: 11
INFO - [G] 2025-04-22 17:15:33 :: DEBUG :: DefaultLogger :: 14
INFO - [G] 2025-04-22 17:15:33 :: DEBUG :: DefaultLogger :: 9
INFO - [G] 2025-04-22 17:15:33 :: DEBUG :: DefaultLogger :: 8
INFO - [G] 2025-04-22 17:15:33 :: DEBUG :: DefaultLogger :: 7
INFO - [G] 2025-04-22 17:15:33 :: DEBUG :: DefaultLogger :: 6
INFO - [G] 2025-04-22 17:15:33 :: DEBUG :: DefaultLogger :: 5
INFO - [G] 2025-04-22 17:15:33 :: DEBUG :: DefaultLogger :: 4
INFO - [G] 2025-04-22 17:15:33 :: DEBUG :: DefaultLogger :: 3
INFO - [G] 2025-04-22 17:15:33 :: DEBUG :: DefaultLogger :: 2
INFO - [G] 2025-04-22 17:15:33 :: DEBUG :: DefaultLogger :: 10
INFO - [G] 2025-04-22 17:15:33 :: DEBUG :: DefaultLogger :: 12
INFO - [G] 2025-04-22 17:15:33 :: DEBUG :: DefaultLogger :: 13
INFO - [G] 2025-04-22 17:15:33 :: DEBUG :: DefaultLogger :: 11
INFO - [G] 2025-04-22 17:15:33 :: DEBUG :: DefaultLogger :: 14
INFO - [G] 2025-04-22 17:15:33 :: DEBUG :: DefaultLogger :: 9
INFO - [G] 2025-04-22 17:15:33 :: DEBUG :: DefaultLogger :: 8
INFO - [G] 2025-04-22 17:15:33 :: DEBUG :: DefaultLogger :: 7
INFO - [G] 2025-04-22 17:15:33 :: DEBUG :: DefaultLogger :: 6
INFO - [G] 2025-04-22 17:15:33 :: DEBUG :: DefaultLogger :: 5
INFO - [G] 2025-04-22 17:15:33 :: DEBUG :: DefaultLogger :: 4
INFO - [G] 2025-04-22 17:15:33 :: DEBUG :: DefaultLogger :: 3
INFO - [G] 2025-04-22 17:15:33 :: DEBUG :: DefaultLogger :: 2
INFO - [G] 2025-04-22 17:15:33 :: DEBUG :: DefaultLogger :: 10
INFO - [G] 2025-04-22 17:15:33 :: DEBUG :: DefaultLogger :: 12
INFO - [G] 2025-04-22 17:15:33 :: DEBUG :: DefaultLogger :: 13
INFO - [G] 2025-04-22 17:15:33 :: DEBUG :: DefaultLogger :: 11
INFO - [G] 2025-04-22 17:15:33 :: DEBUG :: DefaultLogger :: 14
INFO - [G] 2025-04-22 17:15:33 :: DEBUG :: DefaultLogger :: 9
INFO - [G] 2025-04-22 17:15:33 :: DEBUG :: DefaultLogger :: 8
INFO - [G] 2025-04-22 17:15:33 :: DEBUG :: DefaultLogger :: 7
INFO - [G] 2025-04-22 17:15:33 :: DEBUG :: DefaultLogger :: 6
INFO - [G] 2025-04-22 17:15:33 :: DEBUG :: DefaultLogger :: 5
INFO - [G] 2025-04-22 17:15:33 :: DEBUG :: DefaultLogger :: 4
INFO - [G] 2025-04-22 17:15:33 :: DEBUG :: DefaultLogger :: 3
INFO - [G] 2025-04-22 17:15:33 :: DEBUG :: DefaultLogger :: 2
INFO - [G] 2025-04-22 17:15:33 :: DEBUG :: DefaultLogger :: 10
INFO - [G] 2025-04-22 17:15:33 :: DEBUG :: DefaultLogger :: 12
INFO - [G] 2025-04-22 17:15:33 :: DEBUG :: DefaultLogger :: 13
INFO - [G] 2025-04-22 17:15:33 :: DEBUG :: DefaultLogger :: 11
INFO - [G] 2025-04-22 17:15:33 :: DEBUG :: DefaultLogger :: 14
INFO - [G] 2025-04-22 17:15:33 :: DEBUG :: DefaultLogger :: 9
INFO - [G] 2025-04-22 17:15:33 :: DEBUG :: DefaultLogger :: 8
INFO - [G] 2025-04-22 17:15:33 :: DEBUG :: DefaultLogger :: 7
INFO - [G] 2025-04-22 17:15:33 :: DEBUG :: DefaultLogger :: 6
INFO - [G] 2025-04-22 17:15:33 :: DEBUG :: DefaultLogger :: 5
INFO - [G] 2025-04-22 17:15:33 :: DEBUG :: DefaultLogger :: 4
INFO - [G] 2025-04-22 17:15:33 :: DEBUG :: DefaultLogger :: 3
INFO - [G] 2025-04-22 17:15:33 :: DEBUG :: DefaultLogger :: 2
INFO - [G] 2025-04-22 17:16:57 :: DEBUG :: DefaultLogger :: 10
INFO - [G] 2025-04-22 17:16:57 :: DEBUG :: DefaultLogger :: 12
INFO - [G] 2025-04-22 17:16:57 :: DEBUG :: DefaultLogger :: 13
INFO - [G] 2025-04-22 17:16:57 :: DEBUG :: DefaultLogger :: 11
INFO - [G] 2025-04-22 17:16:57 :: DEBUG :: DefaultLogger :: 14
INFO - [G] 2025-04-22 17:16:57 :: DEBUG :: DefaultLogger :: 9
INFO - [G] 2025-04-22 17:16:57 :: DEBUG :: DefaultLogger :: 8
INFO - [G] 2025-04-22 17:16:57 :: DEBUG :: DefaultLogger :: 7
INFO - [G] 2025-04-22 17:16:57 :: DEBUG :: DefaultLogger :: 6
INFO - [G] 2025-04-22 17:16:57 :: DEBUG :: DefaultLogger :: 5
INFO - [G] 2025-04-22 17:16:57 :: DEBUG :: DefaultLogger :: 4
INFO - [G] 2025-04-22 17:16:57 :: DEBUG :: DefaultLogger :: 3
INFO - [G] 2025-04-22 17:16:57 :: DEBUG :: DefaultLogger :: 2
INFO - [G] 2025-04-22 17:16:57 :: DEBUG :: DefaultLogger :: 10
INFO - [G] 2025-04-22 17:16:57 :: DEBUG :: DefaultLogger :: 12
INFO - [G] 2025-04-22 17:16:57 :: DEBUG :: DefaultLogger :: 13
INFO - [G] 2025-04-22 17:16:57 :: DEBUG :: DefaultLogger :: 11
INFO - [G] 2025-04-22 17:16:57 :: DEBUG :: DefaultLogger :: 14
INFO - [G] 2025-04-22 17:16:57 :: DEBUG :: DefaultLogger :: 9
INFO - [G] 2025-04-22 17:16:57 :: DEBUG :: DefaultLogger :: 8
INFO - [G] 2025-04-22 17:16:57 :: DEBUG :: DefaultLogger :: 7
INFO - [G] 2025-04-22 17:16:57 :: DEBUG :: DefaultLogger :: 6
INFO - [G] 2025-04-22 17:16:57 :: DEBUG :: DefaultLogger :: 5
INFO - [G] 2025-04-22 17:16:57 :: DEBUG :: DefaultLogger :: 4
INFO - [G] 2025-04-22 17:16:57 :: DEBUG :: DefaultLogger :: 3
INFO - [G] 2025-04-22 17:16:57 :: DEBUG :: DefaultLogger :: 2
INFO - [G] 2025-04-22 17:16:57 :: DEBUG :: DefaultLogger :: 10
INFO - [G] 2025-04-22 17:16:57 :: DEBUG :: DefaultLogger :: 12
INFO - [G] 2025-04-22 17:16:57 :: DEBUG :: DefaultLogger :: 13
INFO - [G] 2025-04-22 17:16:57 :: DEBUG :: DefaultLogger :: 11
INFO - [G] 2025-04-22 17:16:57 :: DEBUG :: DefaultLogger :: 14
INFO - [G] 2025-04-22 17:16:57 :: DEBUG :: DefaultLogger :: 9
INFO - [G] 2025-04-22 17:16:57 :: DEBUG :: DefaultLogger :: 8
INFO - [G] 2025-04-22 17:16:57 :: DEBUG :: DefaultLogger :: 7
INFO - [G] 2025-04-22 17:16:57 :: DEBUG :: DefaultLogger :: 6
INFO - [G] 2025-04-22 17:16:57 :: DEBUG :: DefaultLogger :: 5
INFO - [G] 2025-04-22 17:16:57 :: DEBUG :: DefaultLogger :: 4
INFO - [G] 2025-04-22 17:16:57 :: DEBUG :: DefaultLogger :: 3
INFO - [G] 2025-04-22 17:16:57 :: DEBUG :: DefaultLogger :: 2
INFO - [G] 2025-04-22 17:16:57 :: DEBUG :: DefaultLogger :: 10
INFO - [G] 2025-04-22 17:16:57 :: DEBUG :: DefaultLogger :: 12
INFO - [G] 2025-04-22 17:16:57 :: DEBUG :: DefaultLogger :: 13
INFO - [G] 2025-04-22 17:16:57 :: DEBUG :: DefaultLogger :: 11
INFO - [G] 2025-04-22 17:16:57 :: DEBUG :: DefaultLogger :: 14
INFO - [G] 2025-04-22 17:16:57 :: DEBUG :: DefaultLogger :: 9
INFO - [G] 2025-04-22 17:16:57 :: DEBUG :: DefaultLogger :: 8
INFO - [G] 2025-04-22 17:16:57 :: DEBUG :: DefaultLogger :: 7
INFO - [G] 2025-04-22 17:16:57 :: DEBUG :: DefaultLogger :: 6
INFO - [G] 2025-04-22 17:16:57 :: DEBUG :: DefaultLogger :: 5
INFO - [G] 2025-04-22 17:16:57 :: DEBUG :: DefaultLogger :: 4
INFO - [G] 2025-04-22 17:16:57 :: DEBUG :: DefaultLogger :: 3
INFO - [G] 2025-04-22 17:16:57 :: DEBUG :: DefaultLogger :: 2
INFO - [G] 2025-04-22 17:17:05 :: DEBUG :: DefaultLogger :: 10
INFO - [G] 2025-04-22 17:17:05 :: DEBUG :: DefaultLogger :: 12
INFO - [G] 2025-04-22 17:17:05 :: DEBUG :: DefaultLogger :: 13
INFO - [G] 2025-04-22 17:17:05 :: DEBUG :: DefaultLogger :: 11
INFO - [G] 2025-04-22 17:17:05 :: DEBUG :: DefaultLogger :: 14
INFO - [G] 2025-04-22 17:17:05 :: DEBUG :: DefaultLogger :: 9
INFO - [G] 2025-04-22 17:17:05 :: DEBUG :: DefaultLogger :: 8
INFO - [G] 2025-04-22 17:17:05 :: DEBUG :: DefaultLogger :: 7
INFO - [G] 2025-04-22 17:17:05 :: DEBUG :: DefaultLogger :: 6
INFO - [G] 2025-04-22 17:17:05 :: DEBUG :: DefaultLogger :: 5
INFO - [G] 2025-04-22 17:17:05 :: DEBUG :: DefaultLogger :: 4
INFO - [G] 2025-04-22 17:17:05 :: DEBUG :: DefaultLogger :: 3
INFO - [G] 2025-04-22 17:17:05 :: DEBUG :: DefaultLogger :: 2
INFO - [G] 2025-04-22 17:17:05 :: DEBUG :: DefaultLogger :: 10
INFO - [G] 2025-04-22 17:17:05 :: DEBUG :: DefaultLogger :: 12
INFO - [G] 2025-04-22 17:17:05 :: DEBUG :: DefaultLogger :: 13
INFO - [G] 2025-04-22 17:17:05 :: DEBUG :: DefaultLogger :: 11
INFO - [G] 2025-04-22 17:17:05 :: DEBUG :: DefaultLogger :: 14
INFO - [G] 2025-04-22 17:17:05 :: DEBUG :: DefaultLogger :: 9
INFO - [G] 2025-04-22 17:17:05 :: DEBUG :: DefaultLogger :: 8
INFO - [G] 2025-04-22 17:17:05 :: DEBUG :: DefaultLogger :: 7
INFO - [G] 2025-04-22 17:17:05 :: DEBUG :: DefaultLogger :: 6
INFO - [G] 2025-04-22 17:17:05 :: DEBUG :: DefaultLogger :: 5
INFO - [G] 2025-04-22 17:17:05 :: DEBUG :: DefaultLogger :: 4
INFO - [G] 2025-04-22 17:17:05 :: DEBUG :: DefaultLogger :: 3
INFO - [G] 2025-04-22 17:17:05 :: DEBUG :: DefaultLogger :: 2
INFO - [G] 2025-04-22 17:17:05 :: DEBUG :: DefaultLogger :: 10
INFO - [G] 2025-04-22 17:17:05 :: DEBUG :: DefaultLogger :: 12
INFO - [G] 2025-04-22 17:17:05 :: DEBUG :: DefaultLogger :: 13
INFO - [G] 2025-04-22 17:17:05 :: DEBUG :: DefaultLogger :: 11
INFO - [G] 2025-04-22 17:17:05 :: DEBUG :: DefaultLogger :: 14
INFO - [G] 2025-04-22 17:17:05 :: DEBUG :: DefaultLogger :: 9
INFO - [G] 2025-04-22 17:17:05 :: DEBUG :: DefaultLogger :: 8
INFO - [G] 2025-04-22 17:17:05 :: DEBUG :: DefaultLogger :: 7
INFO - [G] 2025-04-22 17:17:05 :: DEBUG :: DefaultLogger :: 6
INFO - [G] 2025-04-22 17:17:05 :: DEBUG :: DefaultLogger :: 5
INFO - [G] 2025-04-22 17:17:05 :: DEBUG :: DefaultLogger :: 4
INFO - [G] 2025-04-22 17:17:05 :: DEBUG :: DefaultLogger :: 3
INFO - [G] 2025-04-22 17:17:05 :: DEBUG :: DefaultLogger :: 2
INFO - [G] 2025-04-22 17:17:05 :: DEBUG :: DefaultLogger :: 10
INFO - [G] 2025-04-22 17:17:05 :: DEBUG :: DefaultLogger :: 12
INFO - [G] 2025-04-22 17:17:05 :: DEBUG :: DefaultLogger :: 13
INFO - [G] 2025-04-22 17:17:05 :: DEBUG :: DefaultLogger :: 11
INFO - [G] 2025-04-22 17:17:05 :: DEBUG :: DefaultLogger :: 14
INFO - [G] 2025-04-22 17:17:05 :: DEBUG :: DefaultLogger :: 9
INFO - [G] 2025-04-22 17:17:05 :: DEBUG :: DefaultLogger :: 8
INFO - [G] 2025-04-22 17:17:05 :: DEBUG :: DefaultLogger :: 7
INFO - [G] 2025-04-22 17:17:05 :: DEBUG :: DefaultLogger :: 6
INFO - [G] 2025-04-22 17:17:05 :: DEBUG :: DefaultLogger :: 5
INFO - [G] 2025-04-22 17:17:05 :: DEBUG :: DefaultLogger :: 4
INFO - [G] 2025-04-22 17:17:05 :: DEBUG :: DefaultLogger :: 3
INFO - [G] 2025-04-22 17:17:05 :: DEBUG :: DefaultLogger :: 2
